<?xml version="1.0" encoding="UTF-8"?>
<coverage generated="1754943759403" clover="3.2.0">
  <project timestamp="1754943759403" name="All files">
    <metrics statements="6394" coveredstatements="5421" conditionals="6662" coveredconditionals="5317" methods="974" coveredmethods="829" elements="14030" coveredelements="11567" complexity="0" loc="6394" ncloc="6394" packages="100" files="140" classes="140"/>
    <package name="1.1.1">
      <metrics statements="16" coveredstatements="16" conditionals="18" coveredconditionals="17" methods="4" coveredmethods="4"/>
      <file name="index.js" path="/Users/dudeja/panini sutra function and test/sutras/1.1.1/index.js">
        <metrics statements="14" coveredstatements="14" conditionals="18" coveredconditionals="17" methods="4" coveredmethods="4"/>
        <line num="20" count="2" type="stmt"/>
        <line num="21" count="2" type="stmt"/>
        <line num="24" count="2" type="stmt"/>
        <line num="37" count="124" type="cond" truecount="1" falsecount="1"/>
        <line num="38" count="124" type="cond" truecount="2" falsecount="0"/>
        <line num="47" count="3" type="stmt"/>
        <line num="63" count="29" type="cond" truecount="4" falsecount="0"/>
        <line num="64" count="5" type="stmt"/>
        <line num="75" count="24" type="stmt"/>
        <line num="76" count="24" type="stmt"/>
        <line num="77" count="24" type="cond" truecount="2" falsecount="0"/>
        <line num="79" count="24" type="stmt"/>
        <line num="99" count="19" type="stmt"/>
        <line num="101" count="19" type="stmt"/>
      </file>
      <file name="test-cases.js" path="/Users/dudeja/panini sutra function and test/sutras/1.1.1/test-cases.js">
        <metrics statements="2" coveredstatements="2" conditionals="0" coveredconditionals="0" methods="0" coveredmethods="0"/>
        <line num="1" count="1" type="stmt"/>
        <line num="58" count="1" type="stmt"/>
      </file>
    </package>
    <package name="1.1.10">
      <metrics statements="25" coveredstatements="22" conditionals="34" coveredconditionals="31" methods="4" coveredmethods="4"/>
      <file name="index.js" path="/Users/dudeja/panini sutra function and test/sutras/1.1.10/index.js">
        <metrics statements="25" coveredstatements="22" conditionals="34" coveredconditionals="31" methods="4" coveredmethods="4"/>
        <line num="23" count="3113" type="cond" truecount="4" falsecount="0"/>
        <line num="24" count="11" type="stmt"/>
        <line num="27" count="3102" type="stmt"/>
        <line num="28" count="3102" type="stmt"/>
        <line num="29" count="3102" type="stmt"/>
        <line num="30" count="3102" type="stmt"/>
        <line num="31" count="3102" type="stmt"/>
        <line num="35" count="3102" type="cond" truecount="6" falsecount="0"/>
        <line num="36" count="3079" type="stmt"/>
        <line num="41" count="23" type="cond" truecount="6" falsecount="0"/>
        <line num="42" count="4" type="stmt"/>
        <line num="47" count="19" type="stmt"/>
        <line num="49" count="0" type="stmt"/>
        <line num="61" count="7" type="stmt"/>
        <line num="72" count="4" type="cond" truecount="3" falsecount="1"/>
        <line num="73" count="0" type="stmt"/>
        <line num="80" count="4" type="stmt"/>
        <line num="81" count="4" type="cond" truecount="3" falsecount="1"/>
        <line num="82" count="4" type="cond" truecount="3" falsecount="1"/>
        <line num="84" count="4" type="stmt"/>
        <line num="86" count="4" type="cond" truecount="6" falsecount="0"/>
        <line num="88" count="2" type="stmt"/>
        <line num="91" count="4" type="stmt"/>
        <line num="98" count="0" type="stmt"/>
        <line num="112" count="1" type="stmt"/>
      </file>
    </package>
    <package name="1.1.11">
      <metrics statements="41" coveredstatements="35" conditionals="52" coveredconditionals="42" methods="6" coveredmethods="6"/>
      <file name="index.js" path="/Users/dudeja/panini sutra function and test/sutras/1.1.11/index.js">
        <metrics statements="41" coveredstatements="35" conditionals="52" coveredconditionals="42" methods="6" coveredmethods="6"/>
        <line num="29" count="10" type="cond" truecount="1" falsecount="1"/>
        <line num="30" count="0" type="stmt"/>
        <line num="34" count="10" type="stmt"/>
        <line num="46" count="4143" type="cond" truecount="4" falsecount="0"/>
        <line num="47" count="17" type="stmt"/>
        <line num="50" count="4126" type="stmt"/>
        <line num="51" count="4126" type="stmt"/>
        <line num="54" count="4126" type="cond" truecount="2" falsecount="0"/>
        <line num="55" count="7" type="stmt"/>
        <line num="57" count="7" type="stmt"/>
        <line num="60" count="4119" type="stmt"/>
        <line num="62" count="4119" type="stmt"/>
        <line num="65" count="0" type="stmt"/>
        <line num="78" count="11" type="cond" truecount="4" falsecount="0"/>
        <line num="79" count="3" type="stmt"/>
        <line num="82" count="8" type="stmt"/>
        <line num="93" count="19" type="cond" truecount="1" falsecount="1"/>
        <line num="94" count="0" type="stmt"/>
        <line num="102" count="19" type="stmt"/>
        <line num="105" count="19" type="cond" truecount="1" falsecount="1"/>
        <line num="106" count="0" type="stmt"/>
        <line num="108" count="19" type="stmt"/>
        <line num="111" count="19" type="cond" truecount="2" falsecount="0"/>
        <line num="112" count="19" type="stmt"/>
        <line num="115" count="19" type="cond" truecount="2" falsecount="0"/>
        <line num="116" count="1" type="stmt"/>
        <line num="117" count="18" type="cond" truecount="4" falsecount="0"/>
        <line num="118" count="5" type="cond" truecount="1" falsecount="1"/>
        <line num="119" count="13" type="cond" truecount="4" falsecount="0"/>
        <line num="120" count="3" type="cond" truecount="1" falsecount="1"/>
        <line num="121" count="10" type="cond" truecount="4" falsecount="0"/>
        <line num="122" count="3" type="cond" truecount="1" falsecount="1"/>
        <line num="124" count="7" type="stmt"/>
        <line num="127" count="19" type="stmt"/>
        <line num="144" count="1" type="cond" truecount="1" falsecount="1"/>
        <line num="145" count="0" type="stmt"/>
        <line num="151" count="1" type="stmt"/>
        <line num="168" count="11" type="cond" truecount="3" falsecount="1"/>
        <line num="169" count="0" type="stmt"/>
        <line num="173" count="11" type="stmt"/>
        <line num="174" count="11" type="stmt"/>
      </file>
    </package>
    <package name="1.1.12">
      <metrics statements="9" coveredstatements="8" conditionals="10" coveredconditionals="9" methods="3" coveredmethods="3"/>
      <file name="index.js" path="/Users/dudeja/panini sutra function and test/sutras/1.1.12/index.js">
        <metrics statements="9" coveredstatements="8" conditionals="10" coveredconditionals="9" methods="3" coveredmethods="3"/>
        <line num="26" count="18" type="cond" truecount="2" falsecount="0"/>
        <line num="27" count="3" type="stmt"/>
        <line num="31" count="15" type="stmt"/>
        <line num="42" count="12" type="cond" truecount="1" falsecount="1"/>
        <line num="43" count="0" type="stmt"/>
        <line num="47" count="12" type="stmt"/>
        <line num="59" count="16" type="cond" truecount="4" falsecount="0"/>
        <line num="60" count="3" type="stmt"/>
        <line num="63" count="13" type="stmt"/>
      </file>
    </package>
    <package name="1.1.13">
      <metrics statements="9" coveredstatements="8" conditionals="10" coveredconditionals="9" methods="3" coveredmethods="3"/>
      <file name="index.js" path="/Users/dudeja/panini sutra function and test/sutras/1.1.13/index.js">
        <metrics statements="9" coveredstatements="8" conditionals="10" coveredconditionals="9" methods="3" coveredmethods="3"/>
        <line num="25" count="13" type="cond" truecount="2" falsecount="0"/>
        <line num="26" count="3" type="stmt"/>
        <line num="30" count="10" type="stmt"/>
        <line num="41" count="15" type="cond" truecount="1" falsecount="1"/>
        <line num="42" count="0" type="stmt"/>
        <line num="46" count="15" type="stmt"/>
        <line num="58" count="12" type="cond" truecount="4" falsecount="0"/>
        <line num="59" count="3" type="stmt"/>
        <line num="62" count="9" type="stmt"/>
      </file>
    </package>
    <package name="1.1.14">
      <metrics statements="10" coveredstatements="8" conditionals="13" coveredconditionals="10" methods="3" coveredmethods="3"/>
      <file name="index.js" path="/Users/dudeja/panini sutra function and test/sutras/1.1.14/index.js">
        <metrics statements="10" coveredstatements="8" conditionals="13" coveredconditionals="10" methods="3" coveredmethods="3"/>
        <line num="26" count="24" type="cond" truecount="4" falsecount="0"/>
        <line num="27" count="6" type="stmt"/>
        <line num="31" count="18" type="stmt"/>
        <line num="32" count="18" type="stmt"/>
        <line num="43" count="140" type="cond" truecount="1" falsecount="1"/>
        <line num="44" count="0" type="stmt"/>
        <line num="48" count="140" type="stmt"/>
        <line num="60" count="11" type="cond" truecount="3" falsecount="1"/>
        <line num="61" count="0" type="stmt"/>
        <line num="64" count="11" type="stmt"/>
      </file>
    </package>
    <package name="1.1.15">
      <metrics statements="18" coveredstatements="15" conditionals="19" coveredconditionals="16" methods="3" coveredmethods="3"/>
      <file name="index.js" path="/Users/dudeja/panini sutra function and test/sutras/1.1.15/index.js">
        <metrics statements="18" coveredstatements="15" conditionals="19" coveredconditionals="16" methods="3" coveredmethods="3"/>
        <line num="26" count="39" type="cond" truecount="4" falsecount="0"/>
        <line num="27" count="7" type="stmt"/>
        <line num="30" count="32" type="stmt"/>
        <line num="31" count="32" type="stmt"/>
        <line num="33" count="32" type="cond" truecount="2" falsecount="0"/>
        <line num="34" count="7" type="stmt"/>
        <line num="37" count="25" type="stmt"/>
        <line num="40" count="0" type="stmt"/>
        <line num="52" count="123" type="cond" truecount="1" falsecount="1"/>
        <line num="53" count="0" type="stmt"/>
        <line num="57" count="123" type="cond" truecount="2" falsecount="0"/>
        <line num="58" count="8" type="stmt"/>
        <line num="63" count="115" type="cond" truecount="2" falsecount="0"/>
        <line num="64" count="22" type="stmt"/>
        <line num="67" count="93" type="stmt"/>
        <line num="79" count="12" type="cond" truecount="3" falsecount="1"/>
        <line num="80" count="0" type="stmt"/>
        <line num="83" count="12" type="stmt"/>
      </file>
    </package>
    <package name="1.1.16">
      <metrics statements="22" coveredstatements="21" conditionals="21" coveredconditionals="19" methods="4" coveredmethods="4"/>
      <file name="index.js" path="/Users/dudeja/panini sutra function and test/sutras/1.1.16/index.js">
        <metrics statements="22" coveredstatements="21" conditionals="21" coveredconditionals="19" methods="4" coveredmethods="4"/>
        <line num="21" count="102" type="cond" truecount="2" falsecount="0"/>
        <line num="22" count="2" type="stmt"/>
        <line num="25" count="100" type="stmt"/>
        <line num="26" count="100" type="stmt"/>
        <line num="27" count="100" type="cond" truecount="1" falsecount="0"/>
        <line num="30" count="100" type="cond" truecount="2" falsecount="0"/>
        <line num="31" count="2" type="stmt"/>
        <line num="35" count="98" type="cond" truecount="2" falsecount="0"/>
        <line num="36" count="73" type="stmt"/>
        <line num="40" count="25" type="cond" truecount="4" falsecount="0"/>
        <line num="41" count="4" type="stmt"/>
        <line num="45" count="21" type="cond" truecount="2" falsecount="0"/>
        <line num="46" count="7" type="stmt"/>
        <line num="48" count="14" type="stmt"/>
        <line num="51" count="0" type="stmt"/>
        <line num="64" count="93" type="cond" truecount="2" falsecount="0"/>
        <line num="65" count="8" type="stmt"/>
        <line num="69" count="85" type="stmt"/>
        <line num="79" count="5" type="cond" truecount="2" falsecount="0"/>
        <line num="80" count="2" type="stmt"/>
        <line num="82" count="3" type="stmt"/>
        <line num="94" count="5" type="stmt"/>
      </file>
    </package>
    <package name="1.1.17">
      <metrics statements="18" coveredstatements="17" conditionals="20" coveredconditionals="18" methods="4" coveredmethods="4"/>
      <file name="index.js" path="/Users/dudeja/panini sutra function and test/sutras/1.1.17/index.js">
        <metrics statements="18" coveredstatements="17" conditionals="20" coveredconditionals="18" methods="4" coveredmethods="4"/>
        <line num="21" count="81" type="cond" truecount="2" falsecount="0"/>
        <line num="22" count="2" type="stmt"/>
        <line num="25" count="79" type="stmt"/>
        <line num="26" count="79" type="stmt"/>
        <line num="27" count="79" type="stmt"/>
        <line num="30" count="79" type="cond" truecount="4" falsecount="0"/>
        <line num="31" count="53" type="stmt"/>
        <line num="35" count="26" type="cond" truecount="2" falsecount="0"/>
        <line num="36" count="11" type="cond" truecount="2" falsecount="0"/>
        <line num="38" count="15" type="cond" truecount="2" falsecount="0"/>
        <line num="41" count="0" type="stmt"/>
        <line num="54" count="74" type="cond" truecount="2" falsecount="0"/>
        <line num="55" count="7" type="stmt"/>
        <line num="59" count="67" type="stmt"/>
        <line num="69" count="5" type="cond" truecount="2" falsecount="0"/>
        <line num="70" count="2" type="stmt"/>
        <line num="72" count="3" type="stmt"/>
        <line num="84" count="5" type="stmt"/>
      </file>
    </package>
    <package name="1.1.18">
      <metrics statements="24" coveredstatements="22" conditionals="23" coveredconditionals="23" methods="5" coveredmethods="5"/>
      <file name="index.js" path="/Users/dudeja/panini sutra function and test/sutras/1.1.18/index.js">
        <metrics statements="24" coveredstatements="22" conditionals="23" coveredconditionals="23" methods="5" coveredmethods="5"/>
        <line num="21" count="67" type="cond" truecount="2" falsecount="0"/>
        <line num="22" count="2" type="stmt"/>
        <line num="25" count="65" type="stmt"/>
        <line num="26" count="65" type="stmt"/>
        <line num="27" count="65" type="cond" truecount="1" falsecount="0"/>
        <line num="33" count="65" type="cond" truecount="2" falsecount="0"/>
        <line num="34" count="29" type="cond" truecount="3" falsecount="0"/>
        <line num="36" count="36" type="cond" truecount="3" falsecount="0"/>
        <line num="39" count="0" type="stmt"/>
        <line num="52" count="53" type="cond" truecount="2" falsecount="0"/>
        <line num="53" count="5" type="stmt"/>
        <line num="57" count="48" type="stmt"/>
        <line num="67" count="5" type="cond" truecount="2" falsecount="0"/>
        <line num="68" count="2" type="stmt"/>
        <line num="70" count="3" type="stmt"/>
        <line num="81" count="12" type="cond" truecount="2" falsecount="0"/>
        <line num="82" count="2" type="stmt"/>
        <line num="85" count="10" type="stmt"/>
        <line num="86" count="10" type="stmt"/>
        <line num="87" count="10" type="cond" truecount="2" falsecount="0"/>
        <line num="88" count="4" type="stmt"/>
        <line num="90" count="6" type="stmt"/>
        <line num="93" count="0" type="stmt"/>
        <line num="105" count="5" type="stmt"/>
      </file>
    </package>
    <package name="1.1.19">
      <metrics statements="30" coveredstatements="28" conditionals="41" coveredconditionals="39" methods="5" coveredmethods="5"/>
      <file name="index.js" path="/Users/dudeja/panini sutra function and test/sutras/1.1.19/index.js">
        <metrics statements="30" coveredstatements="28" conditionals="41" coveredconditionals="39" methods="5" coveredmethods="5"/>
        <line num="22" count="45" type="cond" truecount="2" falsecount="0"/>
        <line num="23" count="2" type="stmt"/>
        <line num="26" count="43" type="stmt"/>
        <line num="27" count="43" type="stmt"/>
        <line num="28" count="43" type="cond" truecount="1" falsecount="0"/>
        <line num="31" count="43" type="cond" truecount="4" falsecount="0"/>
        <line num="32" count="8" type="stmt"/>
        <line num="36" count="35" type="cond" truecount="2" falsecount="0"/>
        <line num="37" count="13" type="cond" truecount="2" falsecount="0"/>
        <line num="39" count="22" type="cond" truecount="2" falsecount="0"/>
        <line num="42" count="0" type="stmt"/>
        <line num="53" count="27" type="cond" truecount="2" falsecount="0"/>
        <line num="54" count="2" type="stmt"/>
        <line num="57" count="25" type="stmt"/>
        <line num="58" count="25" type="stmt"/>
        <line num="61" count="25" type="stmt"/>
        <line num="72" count="25" type="cond" truecount="2" falsecount="0"/>
        <line num="73" count="8" type="cond" truecount="6" falsecount="0"/>
        <line num="77" count="17" type="cond" truecount="5" falsecount="1"/>
        <line num="82" count="0" type="stmt"/>
        <line num="95" count="28" type="cond" truecount="2" falsecount="0"/>
        <line num="96" count="3" type="stmt"/>
        <line num="100" count="25" type="cond" truecount="4" falsecount="0"/>
        <line num="101" count="11" type="stmt"/>
        <line num="105" count="11" type="stmt"/>
        <line num="109" count="14" type="stmt"/>
        <line num="119" count="5" type="cond" truecount="2" falsecount="0"/>
        <line num="120" count="2" type="stmt"/>
        <line num="122" count="3" type="stmt"/>
        <line num="134" count="5" type="stmt"/>
      </file>
    </package>
    <package name="1.1.2">
      <metrics statements="17" coveredstatements="17" conditionals="20" coveredconditionals="20" methods="3" coveredmethods="3"/>
      <file name="index.js" path="/Users/dudeja/panini sutra function and test/sutras/1.1.2/index.js">
        <metrics statements="15" coveredstatements="15" conditionals="20" coveredconditionals="20" methods="3" coveredmethods="3"/>
        <line num="25" count="3" type="stmt"/>
        <line num="41" count="24" type="stmt"/>
        <line num="42" count="24" type="cond" truecount="2" falsecount="0"/>
        <line num="43" count="5" type="stmt"/>
        <line num="54" count="19" type="stmt"/>
        <line num="55" count="19" type="stmt"/>
        <line num="58" count="19" type="stmt"/>
        <line num="59" count="19" type="cond" truecount="4" falsecount="0"/>
        <line num="60" count="12" type="cond" truecount="4" falsecount="0"/>
        <line num="61" count="8" type="cond" truecount="4" falsecount="0"/>
        <line num="63" count="19" type="stmt"/>
        <line num="84" count="16" type="stmt"/>
        <line num="86" count="16" type="stmt"/>
        <line num="106" count="2" type="stmt"/>
        <line num="107" count="2" type="stmt"/>
      </file>
      <file name="test-cases.js" path="/Users/dudeja/panini sutra function and test/sutras/1.1.2/test-cases.js">
        <metrics statements="2" coveredstatements="2" conditionals="0" coveredconditionals="0" methods="0" coveredmethods="0"/>
        <line num="1" count="1" type="stmt"/>
        <line num="57" count="1" type="stmt"/>
      </file>
    </package>
    <package name="1.1.20">
      <metrics statements="12" coveredstatements="11" conditionals="8" coveredconditionals="8" methods="3" coveredmethods="3"/>
      <file name="index.js" path="/Users/dudeja/panini sutra function and test/sutras/1.1.20/index.js">
        <metrics statements="12" coveredstatements="11" conditionals="8" coveredconditionals="8" methods="3" coveredmethods="3"/>
        <line num="20" count="41" type="cond" truecount="2" falsecount="0"/>
        <line num="21" count="3" type="stmt"/>
        <line num="24" count="38" type="stmt"/>
        <line num="25" count="38" type="stmt"/>
        <line num="27" count="38" type="cond" truecount="2" falsecount="0"/>
        <line num="29" count="10" type="stmt"/>
        <line num="32" count="28" type="stmt"/>
        <line num="35" count="0" type="stmt"/>
        <line num="46" count="4" type="cond" truecount="2" falsecount="0"/>
        <line num="47" count="1" type="stmt"/>
        <line num="49" count="3" type="stmt"/>
        <line num="61" count="17" type="stmt"/>
      </file>
    </package>
    <package name="1.1.21">
      <metrics statements="36" coveredstatements="34" conditionals="63" coveredconditionals="59" methods="5" coveredmethods="5"/>
      <file name="index.js" path="/Users/dudeja/panini sutra function and test/sutras/1.1.21/index.js">
        <metrics statements="36" coveredstatements="34" conditionals="63" coveredconditionals="59" methods="5" coveredmethods="5"/>
        <line num="30" count="11" type="cond" truecount="2" falsecount="0"/>
        <line num="33" count="9" type="stmt"/>
        <line num="34" count="9" type="cond" truecount="2" falsecount="0"/>
        <line num="37" count="5" type="cond" truecount="4" falsecount="0"/>
        <line num="38" count="3" type="stmt"/>
        <line num="42" count="2" type="cond" truecount="3" falsecount="1"/>
        <line num="43" count="0" type="stmt"/>
        <line num="46" count="2" type="stmt"/>
        <line num="58" count="7" type="cond" truecount="4" falsecount="0"/>
        <line num="59" count="2" type="stmt"/>
        <line num="67" count="5" type="cond" truecount="4" falsecount="0"/>
        <line num="68" count="1" type="stmt"/>
        <line num="77" count="4" type="cond" truecount="4" falsecount="0"/>
        <line num="81" count="4" type="stmt"/>
        <line num="99" count="14" type="cond" truecount="4" falsecount="0"/>
        <line num="100" count="2" type="stmt"/>
        <line num="104" count="12" type="stmt"/>
        <line num="105" count="12" type="cond" truecount="2" falsecount="0"/>
        <line num="108" count="10" type="cond" truecount="3" falsecount="1"/>
        <line num="109" count="10" type="cond" truecount="2" falsecount="0"/>
        <line num="112" count="10" type="cond" truecount="5" falsecount="0"/>
        <line num="114" count="7" type="stmt"/>
        <line num="120" count="7" type="stmt"/>
        <line num="124" count="3" type="stmt"/>
        <line num="129" count="3" type="stmt"/>
        <line num="132" count="0" type="stmt"/>
        <line num="142" count="5" type="cond" truecount="2" falsecount="0"/>
        <line num="143" count="2" type="stmt"/>
        <line num="145" count="3" type="stmt"/>
        <line num="157" count="11" type="cond" truecount="2" falsecount="0"/>
        <line num="160" count="9" type="stmt"/>
        <line num="162" count="9" type="cond" truecount="2" falsecount="0"/>
        <line num="165" count="5" type="cond" truecount="2" falsecount="0"/>
        <line num="168" count="3" type="cond" truecount="5" falsecount="0"/>
        <line num="170" count="2" type="stmt"/>
        <line num="172" count="1" type="stmt"/>
      </file>
    </package>
    <package name="1.1.22">
      <metrics statements="38" coveredstatements="35" conditionals="31" coveredconditionals="30" methods="7" coveredmethods="7"/>
      <file name="index.js" path="/Users/dudeja/panini sutra function and test/sutras/1.1.22/index.js">
        <metrics statements="38" coveredstatements="35" conditionals="31" coveredconditionals="30" methods="7" coveredmethods="7"/>
        <line num="16" count="1" type="stmt"/>
        <line num="29" count="31" type="cond" truecount="2" falsecount="0"/>
        <line num="30" count="2" type="stmt"/>
        <line num="33" count="29" type="stmt"/>
        <line num="34" count="29" type="stmt"/>
        <line num="36" count="29" type="cond" truecount="2" falsecount="0"/>
        <line num="37" count="10" type="stmt"/>
        <line num="39" count="19" type="stmt"/>
        <line num="42" count="0" type="stmt"/>
        <line num="53" count="3" type="cond" truecount="2" falsecount="0"/>
        <line num="54" count="1" type="stmt"/>
        <line num="56" count="2" type="stmt"/>
        <line num="68" count="35" type="cond" truecount="2" falsecount="0"/>
        <line num="69" count="2" type="stmt"/>
        <line num="72" count="33" type="stmt"/>
        <line num="73" count="33" type="stmt"/>
        <line num="74" count="33" type="cond" truecount="2" falsecount="0"/>
        <line num="76" count="57" type="stmt"/>
        <line num="78" count="0" type="stmt"/>
        <line num="89" count="10" type="cond" truecount="2" falsecount="0"/>
        <line num="90" count="2" type="stmt"/>
        <line num="93" count="8" type="stmt"/>
        <line num="94" count="8" type="stmt"/>
        <line num="96" count="8" type="cond" truecount="2" falsecount="0"/>
        <line num="97" count="4" type="cond" truecount="2" falsecount="0"/>
        <line num="98" count="2" type="stmt"/>
        <line num="100" count="2" type="cond" truecount="1" falsecount="1"/>
        <line num="101" count="2" type="stmt"/>
        <line num="104" count="4" type="cond" truecount="2" falsecount="0"/>
        <line num="105" count="2" type="stmt"/>
        <line num="107" count="2" type="cond" truecount="2" falsecount="0"/>
        <line num="108" count="1" type="stmt"/>
        <line num="112" count="1" type="stmt"/>
        <line num="114" count="0" type="stmt"/>
        <line num="126" count="12" type="cond" truecount="2" falsecount="0"/>
        <line num="136" count="5" type="cond" truecount="2" falsecount="0"/>
        <line num="137" count="2" type="stmt"/>
        <line num="142" count="3" type="stmt"/>
      </file>
    </package>
    <package name="1.1.23">
      <metrics statements="37" coveredstatements="36" conditionals="43" coveredconditionals="38" methods="8" coveredmethods="8"/>
      <file name="index.js" path="/Users/dudeja/panini sutra function and test/sutras/1.1.23/index.js">
        <metrics statements="37" coveredstatements="36" conditionals="43" coveredconditionals="38" methods="8" coveredmethods="8"/>
        <line num="19" count="3" type="stmt"/>
        <line num="72" count="71" type="cond" truecount="4" falsecount="0"/>
        <line num="74" count="68" type="stmt"/>
        <line num="75" count="68" type="stmt"/>
        <line num="77" count="68" type="cond" truecount="1" falsecount="1"/>
        <line num="80" count="68" type="stmt"/>
        <line num="81" count="197" type="stmt"/>
        <line num="91" count="8" type="cond" truecount="1" falsecount="1"/>
        <line num="100" count="42" type="cond" truecount="4" falsecount="0"/>
        <line num="101" count="2" type="stmt"/>
        <line num="104" count="40" type="stmt"/>
        <line num="105" count="40" type="stmt"/>
        <line num="107" count="40" type="cond" truecount="1" falsecount="1"/>
        <line num="108" count="0" type="stmt"/>
        <line num="111" count="40" type="stmt"/>
        <line num="112" count="92" type="cond" truecount="2" falsecount="0"/>
        <line num="113" count="36" type="stmt"/>
        <line num="122" count="4" type="stmt"/>
        <line num="132" count="12" type="cond" truecount="2" falsecount="0"/>
        <line num="135" count="10" type="cond" truecount="2" falsecount="0"/>
        <line num="138" count="4" type="cond" truecount="4" falsecount="0"/>
        <line num="139" count="2" type="stmt"/>
        <line num="142" count="2" type="stmt"/>
        <line num="151" count="3" type="stmt"/>
        <line num="153" count="3" type="stmt"/>
        <line num="169" count="14" type="cond" truecount="4" falsecount="0"/>
        <line num="171" count="11" type="stmt"/>
        <line num="172" count="11" type="cond" truecount="2" falsecount="0"/>
        <line num="181" count="22" type="cond" truecount="2" falsecount="0"/>
        <line num="183" count="20" type="stmt"/>
        <line num="184" count="20" type="cond" truecount="4" falsecount="0"/>
        <line num="186" count="13" type="stmt"/>
        <line num="187" count="13" type="stmt"/>
        <line num="188" count="13" type="stmt"/>
        <line num="190" count="13" type="cond" truecount="1" falsecount="1"/>
        <line num="193" count="13" type="stmt"/>
        <line num="195" count="13" type="cond" truecount="1" falsecount="1"/>
      </file>
    </package>
    <package name="1.1.24">
      <metrics statements="50" coveredstatements="48" conditionals="71" coveredconditionals="62" methods="9" coveredmethods="9"/>
      <file name="index.js" path="/Users/dudeja/panini sutra function and test/sutras/1.1.24/index.js">
        <metrics statements="50" coveredstatements="48" conditionals="71" coveredconditionals="62" methods="9" coveredmethods="9"/>
        <line num="22" count="2" type="stmt"/>
        <line num="67" count="113" type="cond" truecount="4" falsecount="0"/>
        <line num="69" count="110" type="stmt"/>
        <line num="70" count="110" type="stmt"/>
        <line num="72" count="110" type="cond" truecount="1" falsecount="1"/>
        <line num="75" count="110" type="stmt"/>
        <line num="76" count="195" type="stmt"/>
        <line num="86" count="8" type="cond" truecount="1" falsecount="1"/>
        <line num="95" count="14" type="cond" truecount="4" falsecount="0"/>
        <line num="96" count="2" type="stmt"/>
        <line num="99" count="12" type="stmt"/>
        <line num="102" count="12" type="cond" truecount="2" falsecount="0"/>
        <line num="103" count="9" type="cond" truecount="2" falsecount="0"/>
        <line num="104" count="2" type="stmt"/>
        <line num="106" count="7" type="cond" truecount="2" falsecount="0"/>
        <line num="107" count="2" type="stmt"/>
        <line num="109" count="3" type="cond" truecount="1" falsecount="1"/>
        <line num="110" count="3" type="cond" truecount="2" falsecount="0"/>
        <line num="111" count="1" type="stmt"/>
        <line num="113" count="2" type="cond" truecount="2" falsecount="0"/>
        <line num="114" count="1" type="stmt"/>
        <line num="118" count="6" type="stmt"/>
        <line num="127" count="26" type="cond" truecount="4" falsecount="0"/>
        <line num="128" count="2" type="stmt"/>
        <line num="132" count="24" type="cond" truecount="2" falsecount="0"/>
        <line num="133" count="15" type="stmt"/>
        <line num="134" count="15" type="stmt"/>
        <line num="136" count="15" type="stmt"/>
        <line num="137" count="22" type="cond" truecount="2" falsecount="0"/>
        <line num="138" count="15" type="cond" truecount="2" falsecount="0"/>
        <line num="142" count="15" type="stmt"/>
        <line num="155" count="9" type="cond" truecount="2" falsecount="0"/>
        <line num="156" count="4" type="stmt"/>
        <line num="157" count="4" type="cond" truecount="1" falsecount="1"/>
        <line num="158" count="0" type="cond" truecount="0" falsecount="4"/>
        <line num="159" count="0" type="stmt"/>
        <line num="170" count="9" type="stmt"/>
        <line num="180" count="12" type="cond" truecount="2" falsecount="0"/>
        <line num="183" count="10" type="cond" truecount="2" falsecount="0"/>
        <line num="186" count="6" type="stmt"/>
        <line num="187" count="6" type="cond" truecount="1" falsecount="1"/>
        <line num="190" count="6" type="cond" truecount="7" falsecount="0"/>
        <line num="193" count="4" type="stmt"/>
        <line num="196" count="2" type="stmt"/>
        <line num="205" count="3" type="stmt"/>
        <line num="207" count="3" type="stmt"/>
        <line num="220" count="13" type="cond" truecount="4" falsecount="0"/>
        <line num="222" count="10" type="stmt"/>
        <line num="223" count="10" type="cond" truecount="2" falsecount="0"/>
        <line num="232" count="5" type="cond" truecount="2" falsecount="0"/>
      </file>
    </package>
    <package name="1.1.25">
      <metrics statements="50" coveredstatements="46" conditionals="68" coveredconditionals="61" methods="10" coveredmethods="10"/>
      <file name="index.js" path="/Users/dudeja/panini sutra function and test/sutras/1.1.25/index.js">
        <metrics statements="50" coveredstatements="46" conditionals="68" coveredconditionals="61" methods="10" coveredmethods="10"/>
        <line num="29" count="1" type="stmt"/>
        <line num="60" count="15" type="cond" truecount="4" falsecount="0"/>
        <line num="62" count="13" type="stmt"/>
        <line num="64" count="13" type="cond" truecount="2" falsecount="0"/>
        <line num="65" count="8" type="cond" truecount="2" falsecount="0"/>
        <line num="66" count="5" type="cond" truecount="1" falsecount="1"/>
        <line num="67" count="5" type="cond" truecount="2" falsecount="0"/>
        <line num="70" count="0" type="stmt"/>
        <line num="79" count="53" type="cond" truecount="4" falsecount="0"/>
        <line num="81" count="51" type="stmt"/>
        <line num="82" count="51" type="cond" truecount="1" falsecount="1"/>
        <line num="84" count="51" type="stmt"/>
        <line num="93" count="31" type="cond" truecount="4" falsecount="0"/>
        <line num="96" count="29" type="cond" truecount="2" falsecount="0"/>
        <line num="99" count="22" type="cond" truecount="2" falsecount="0"/>
        <line num="101" count="11" type="stmt"/>
        <line num="110" count="5" type="cond" truecount="1" falsecount="1"/>
        <line num="119" count="11" type="cond" truecount="4" falsecount="0"/>
        <line num="120" count="2" type="stmt"/>
        <line num="123" count="9" type="stmt"/>
        <line num="126" count="9" type="cond" truecount="2" falsecount="0"/>
        <line num="127" count="7" type="stmt"/>
        <line num="137" count="2" type="cond" truecount="1" falsecount="1"/>
        <line num="138" count="0" type="stmt"/>
        <line num="147" count="2" type="stmt"/>
        <line num="156" count="7" type="cond" truecount="4" falsecount="0"/>
        <line num="157" count="2" type="stmt"/>
        <line num="160" count="5" type="stmt"/>
        <line num="163" count="5" type="cond" truecount="1" falsecount="1"/>
        <line num="165" count="0" type="stmt"/>
        <line num="166" count="0" type="stmt"/>
        <line num="177" count="5" type="stmt"/>
        <line num="178" count="5" type="cond" truecount="2" falsecount="0"/>
        <line num="179" count="4" type="stmt"/>
        <line num="189" count="1" type="stmt"/>
        <line num="199" count="12" type="cond" truecount="2" falsecount="0"/>
        <line num="202" count="10" type="cond" truecount="2" falsecount="0"/>
        <line num="205" count="5" type="cond" truecount="5" falsecount="0"/>
        <line num="207" count="2" type="stmt"/>
        <line num="210" count="3" type="stmt"/>
        <line num="219" count="2" type="stmt"/>
        <line num="220" count="2" type="stmt"/>
        <line num="229" count="10" type="cond" truecount="2" falsecount="0"/>
        <line num="231" count="8" type="stmt"/>
        <line num="232" count="8" type="cond" truecount="2" falsecount="0"/>
        <line num="236" count="8" type="stmt"/>
        <line num="245" count="12" type="cond" truecount="2" falsecount="0"/>
        <line num="247" count="10" type="stmt"/>
        <line num="248" count="10" type="cond" truecount="2" falsecount="0"/>
        <line num="252" count="10" type="stmt"/>
      </file>
    </package>
    <package name="1.1.26">
      <metrics statements="42" coveredstatements="42" conditionals="62" coveredconditionals="58" methods="12" coveredmethods="12"/>
      <file name="index.js" path="/Users/dudeja/panini sutra function and test/sutras/1.1.26/index.js">
        <metrics statements="42" coveredstatements="42" conditionals="62" coveredconditionals="58" methods="12" coveredmethods="12"/>
        <line num="21" count="4" type="stmt"/>
        <line num="90" count="113" type="cond" truecount="4" falsecount="0"/>
        <line num="92" count="107" type="stmt"/>
        <line num="93" count="107" type="stmt"/>
        <line num="95" count="107" type="cond" truecount="1" falsecount="1"/>
        <line num="98" count="107" type="stmt"/>
        <line num="99" count="199" type="stmt"/>
        <line num="109" count="40" type="cond" truecount="4" falsecount="0"/>
        <line num="111" count="38" type="stmt"/>
        <line num="112" count="38" type="cond" truecount="1" falsecount="1"/>
        <line num="114" count="38" type="stmt"/>
        <line num="123" count="32" type="cond" truecount="4" falsecount="0"/>
        <line num="125" count="30" type="stmt"/>
        <line num="126" count="30" type="cond" truecount="1" falsecount="1"/>
        <line num="128" count="30" type="stmt"/>
        <line num="137" count="8" type="cond" truecount="1" falsecount="1"/>
        <line num="146" count="19" type="cond" truecount="4" falsecount="0"/>
        <line num="147" count="2" type="stmt"/>
        <line num="150" count="17" type="stmt"/>
        <line num="152" count="17" type="cond" truecount="2" falsecount="0"/>
        <line num="153" count="8" type="stmt"/>
        <line num="163" count="9" type="cond" truecount="2" falsecount="0"/>
        <line num="164" count="6" type="stmt"/>
        <line num="174" count="3" type="stmt"/>
        <line num="184" count="14" type="cond" truecount="2" falsecount="0"/>
        <line num="187" count="12" type="cond" truecount="2" falsecount="0"/>
        <line num="190" count="7" type="cond" truecount="5" falsecount="0"/>
        <line num="192" count="3" type="stmt"/>
        <line num="195" count="4" type="cond" truecount="6" falsecount="0"/>
        <line num="197" count="2" type="stmt"/>
        <line num="200" count="2" type="stmt"/>
        <line num="209" count="3" type="stmt"/>
        <line num="211" count="3" type="stmt"/>
        <line num="224" count="13" type="cond" truecount="4" falsecount="0"/>
        <line num="226" count="10" type="stmt"/>
        <line num="227" count="10" type="cond" truecount="2" falsecount="0"/>
        <line num="236" count="17" type="cond" truecount="2" falsecount="0"/>
        <line num="238" count="15" type="stmt"/>
        <line num="241" count="15" type="cond" truecount="2" falsecount="0"/>
        <line num="281" count="15" type="cond" truecount="2" falsecount="0"/>
        <line num="290" count="9" type="stmt"/>
        <line num="299" count="9" type="stmt"/>
      </file>
    </package>
    <package name="1.1.27">
      <metrics statements="33" coveredstatements="32" conditionals="23" coveredconditionals="23" methods="6" coveredmethods="6"/>
      <file name="index.js" path="/Users/dudeja/panini sutra function and test/sutras/1.1.27/index.js">
        <metrics statements="33" coveredstatements="32" conditionals="23" coveredconditionals="23" methods="6" coveredmethods="6"/>
        <line num="16" count="3" type="stmt"/>
        <line num="45" count="20" type="stmt"/>
        <line num="65" count="20" type="stmt"/>
        <line num="66" count="191" type="stmt"/>
        <line num="67" count="590" type="cond" truecount="2" falsecount="0"/>
        <line num="68" count="1" type="stmt"/>
        <line num="73" count="19" type="stmt"/>
        <line num="77" count="171" type="cond" truecount="2" falsecount="0"/>
        <line num="78" count="3" type="stmt"/>
        <line num="81" count="168" type="stmt"/>
        <line num="82" count="168" type="stmt"/>
        <line num="85" count="168" type="cond" truecount="2" falsecount="0"/>
        <line num="86" count="19" type="cond" truecount="2" falsecount="0"/>
        <line num="87" count="14" type="stmt"/>
        <line num="90" count="5" type="stmt"/>
        <line num="91" count="5" type="cond" truecount="2" falsecount="0"/>
        <line num="92" count="79" type="stmt"/>
        <line num="94" count="149" type="cond" truecount="2" falsecount="0"/>
        <line num="95" count="123" type="stmt"/>
        <line num="98" count="797" type="stmt"/>
        <line num="99" count="26" type="cond" truecount="2" falsecount="0"/>
        <line num="100" count="6" type="stmt"/>
        <line num="103" count="20" type="cond" truecount="2" falsecount="0"/>
        <line num="104" count="1" type="stmt"/>
        <line num="107" count="19" type="stmt"/>
        <line num="108" count="19" type="stmt"/>
        <line num="111" count="0" type="stmt"/>
        <line num="122" count="5" type="cond" truecount="2" falsecount="0"/>
        <line num="123" count="2" type="stmt"/>
        <line num="125" count="3" type="stmt"/>
        <line num="138" count="10" type="cond" truecount="2" falsecount="0"/>
        <line num="141" count="6" type="stmt"/>
        <line num="144" count="4" type="stmt"/>
      </file>
    </package>
    <package name="1.1.28">
      <metrics statements="58" coveredstatements="57" conditionals="76" coveredconditionals="65" methods="11" coveredmethods="11"/>
      <file name="index.js" path="/Users/dudeja/panini sutra function and test/sutras/1.1.28/index.js">
        <metrics statements="58" coveredstatements="57" conditionals="76" coveredconditionals="65" methods="11" coveredmethods="11"/>
        <line num="10" count="1" type="stmt"/>
        <line num="38" count="1" type="stmt"/>
        <line num="52" count="28" type="cond" truecount="4" falsecount="0"/>
        <line num="54" count="26" type="stmt"/>
        <line num="55" count="26" type="stmt"/>
        <line num="57" count="26" type="cond" truecount="1" falsecount="1"/>
        <line num="59" count="26" type="stmt"/>
        <line num="60" count="53" type="stmt"/>
        <line num="65" count="32" type="cond" truecount="4" falsecount="0"/>
        <line num="67" count="30" type="stmt"/>
        <line num="68" count="30" type="cond" truecount="1" falsecount="1"/>
        <line num="70" count="30" type="cond" truecount="2" falsecount="0"/>
        <line num="72" count="12" type="stmt"/>
        <line num="73" count="12" type="cond" truecount="1" falsecount="1"/>
        <line num="75" count="12" type="stmt"/>
        <line num="78" count="169" type="stmt"/>
        <line num="82" count="8" type="cond" truecount="4" falsecount="0"/>
        <line num="84" count="6" type="cond" truecount="2" falsecount="0"/>
        <line num="86" count="3" type="cond" truecount="2" falsecount="2"/>
        <line num="87" count="0" type="cond" truecount="0" falsecount="2"/>
        <line num="90" count="3" type="stmt"/>
        <line num="94" count="12" type="cond" truecount="4" falsecount="0"/>
        <line num="95" count="2" type="stmt"/>
        <line num="98" count="10" type="cond" truecount="2" falsecount="0"/>
        <line num="99" count="1" type="stmt"/>
        <line num="102" count="9" type="cond" truecount="4" falsecount="0"/>
        <line num="103" count="2" type="stmt"/>
        <line num="106" count="7" type="cond" truecount="1" falsecount="1"/>
        <line num="107" count="7" type="cond" truecount="2" falsecount="0"/>
        <line num="108" count="2" type="stmt"/>
        <line num="111" count="5" type="stmt"/>
        <line num="121" count="8" type="cond" truecount="4" falsecount="0"/>
        <line num="122" count="2" type="stmt"/>
        <line num="125" count="6" type="stmt"/>
        <line num="127" count="6" type="cond" truecount="2" falsecount="0"/>
        <line num="128" count="1" type="stmt"/>
        <line num="131" count="5" type="stmt"/>
        <line num="133" count="5" type="cond" truecount="2" falsecount="0"/>
        <line num="134" count="3" type="stmt"/>
        <line num="143" count="2" type="stmt"/>
        <line num="152" count="7" type="cond" truecount="4" falsecount="0"/>
        <line num="153" count="2" type="stmt"/>
        <line num="156" count="5" type="stmt"/>
        <line num="157" count="5" type="stmt"/>
        <line num="159" count="5" type="stmt"/>
        <line num="160" count="5" type="stmt"/>
        <line num="161" count="5" type="stmt"/>
        <line num="163" count="5" type="cond" truecount="1" falsecount="1"/>
        <line num="165" count="5" type="cond" truecount="5" falsecount="0"/>
        <line num="166" count="4" type="stmt"/>
        <line num="167" count="4" type="stmt"/>
        <line num="170" count="34" type="stmt"/>
        <line num="171" count="5" type="cond" truecount="2" falsecount="0"/>
        <line num="172" count="4" type="stmt"/>
        <line num="173" count="4" type="stmt"/>
        <line num="176" count="5" type="stmt"/>
        <line num="186" count="2" type="cond" truecount="1" falsecount="1"/>
        <line num="190" count="2" type="cond" truecount="1" falsecount="1"/>
      </file>
    </package>
    <package name="1.1.29">
      <metrics statements="60" coveredstatements="60" conditionals="88" coveredconditionals="83" methods="10" coveredmethods="10"/>
      <file name="index.js" path="/Users/dudeja/panini sutra function and test/sutras/1.1.29/index.js">
        <metrics statements="60" coveredstatements="60" conditionals="88" coveredconditionals="83" methods="10" coveredmethods="10"/>
        <line num="22" count="22" type="cond" truecount="4" falsecount="0"/>
        <line num="23" count="2" type="stmt"/>
        <line num="27" count="20" type="cond" truecount="2" falsecount="0"/>
        <line num="28" count="1" type="stmt"/>
        <line num="32" count="19" type="cond" truecount="4" falsecount="0"/>
        <line num="33" count="9" type="stmt"/>
        <line num="41" count="10" type="stmt"/>
        <line num="58" count="25" type="cond" truecount="4" falsecount="0"/>
        <line num="59" count="2" type="stmt"/>
        <line num="63" count="23" type="cond" truecount="2" falsecount="0"/>
        <line num="64" count="1" type="stmt"/>
        <line num="68" count="22" type="cond" truecount="7" falsecount="0"/>
        <line num="73" count="7" type="stmt"/>
        <line num="81" count="15" type="stmt"/>
        <line num="92" count="1" type="stmt"/>
        <line num="121" count="34" type="cond" truecount="4" falsecount="0"/>
        <line num="123" count="26" type="stmt"/>
        <line num="124" count="26" type="cond" truecount="1" falsecount="1"/>
        <line num="126" count="26" type="stmt"/>
        <line num="136" count="23" type="cond" truecount="4" falsecount="0"/>
        <line num="137" count="2" type="stmt"/>
        <line num="141" count="21" type="cond" truecount="2" falsecount="0"/>
        <line num="142" count="1" type="stmt"/>
        <line num="146" count="20" type="cond" truecount="5" falsecount="0"/>
        <line num="149" count="6" type="stmt"/>
        <line num="157" count="14" type="stmt"/>
        <line num="167" count="19" type="cond" truecount="4" falsecount="0"/>
        <line num="168" count="2" type="stmt"/>
        <line num="172" count="17" type="stmt"/>
        <line num="174" count="17" type="cond" truecount="2" falsecount="0"/>
        <line num="175" count="1" type="stmt"/>
        <line num="183" count="16" type="stmt"/>
        <line num="186" count="16" type="stmt"/>
        <line num="187" count="16" type="cond" truecount="2" falsecount="0"/>
        <line num="188" count="7" type="stmt"/>
        <line num="192" count="16" type="stmt"/>
        <line num="193" count="16" type="cond" truecount="2" falsecount="0"/>
        <line num="194" count="2" type="stmt"/>
        <line num="198" count="16" type="stmt"/>
        <line num="199" count="16" type="cond" truecount="2" falsecount="0"/>
        <line num="200" count="3" type="stmt"/>
        <line num="204" count="16" type="stmt"/>
        <line num="206" count="16" type="stmt"/>
        <line num="211" count="12" type="stmt"/>
        <line num="221" count="8" type="stmt"/>
        <line num="224" count="8" type="cond" truecount="4" falsecount="0"/>
        <line num="225" count="3" type="stmt"/>
        <line num="229" count="8" type="cond" truecount="5" falsecount="0"/>
        <line num="232" count="3" type="stmt"/>
        <line num="236" count="8" type="cond" truecount="5" falsecount="0"/>
        <line num="239" count="2" type="stmt"/>
        <line num="242" count="8" type="stmt"/>
        <line num="251" count="2" type="cond" truecount="1" falsecount="1"/>
        <line num="261" count="8" type="cond" truecount="4" falsecount="0"/>
        <line num="263" count="7" type="stmt"/>
        <line num="264" count="7" type="cond" truecount="2" falsecount="0"/>
        <line num="274" count="2" type="stmt"/>
        <line num="276" count="2" type="cond" truecount="2" falsecount="0"/>
        <line num="277" count="1" type="stmt"/>
        <line num="280" count="1" type="stmt"/>
      </file>
    </package>
    <package name="1.1.3">
      <metrics statements="43" coveredstatements="32" conditionals="51" coveredconditionals="34" methods="14" coveredmethods="11"/>
      <file name="index.js" path="/Users/dudeja/panini sutra function and test/sutras/1.1.3/index.js">
        <metrics statements="41" coveredstatements="30" conditionals="51" coveredconditionals="34" methods="14" coveredmethods="11"/>
        <line num="61" count="74" type="cond" truecount="2" falsecount="0"/>
        <line num="62" count="20" type="stmt"/>
        <line num="65" count="54" type="stmt"/>
        <line num="77" count="74" type="cond" truecount="2" falsecount="0"/>
        <line num="78" count="20" type="stmt"/>
        <line num="81" count="54" type="stmt"/>
        <line num="94" count="5" type="stmt"/>
        <line num="95" count="5" type="cond" truecount="1" falsecount="1"/>
        <line num="96" count="0" type="stmt"/>
        <line num="100" count="5" type="stmt"/>
        <line num="103" count="19" type="stmt"/>
        <line num="124" count="5" type="stmt"/>
        <line num="135" count="25" type="stmt"/>
        <line num="136" count="25" type="cond" truecount="2" falsecount="0"/>
        <line num="137" count="4" type="stmt"/>
        <line num="147" count="21" type="stmt"/>
        <line num="150" count="45" type="stmt"/>
        <line num="166" count="21" type="stmt"/>
        <line num="170" count="45" type="stmt"/>
        <line num="188" count="0" type="cond" truecount="0" falsecount="5"/>
        <line num="189" count="0" type="stmt"/>
        <line num="193" count="0" type="stmt"/>
        <line num="195" count="0" type="cond" truecount="0" falsecount="4"/>
        <line num="196" count="0" type="stmt"/>
        <line num="200" count="0" type="stmt"/>
        <line num="201" count="0" type="cond" truecount="0" falsecount="2"/>
        <line num="213" count="0" type="cond" truecount="0" falsecount="4"/>
        <line num="215" count="0" type="stmt"/>
        <line num="216" count="0" type="stmt"/>
        <line num="228" count="38" type="cond" truecount="2" falsecount="0"/>
        <line num="229" count="6" type="stmt"/>
        <line num="232" count="32" type="cond" truecount="2" falsecount="0"/>
        <line num="233" count="15" type="stmt"/>
        <line num="234" count="17" type="cond" truecount="2" falsecount="0"/>
        <line num="235" count="15" type="stmt"/>
        <line num="238" count="2" type="stmt"/>
        <line num="248" count="16" type="stmt"/>
        <line num="250" count="16" type="stmt"/>
        <line num="259" count="29" type="cond" truecount="1" falsecount="1"/>
        <line num="269" count="2" type="stmt"/>
        <line num="270" count="2" type="stmt"/>
      </file>
      <file name="test-cases.js" path="/Users/dudeja/panini sutra function and test/sutras/1.1.3/test-cases.js">
        <metrics statements="2" coveredstatements="2" conditionals="0" coveredconditionals="0" methods="0" coveredmethods="0"/>
        <line num="1" count="1" type="stmt"/>
        <line num="57" count="1" type="stmt"/>
      </file>
    </package>
    <package name="1.1.30">
      <metrics statements="39" coveredstatements="39" conditionals="50" coveredconditionals="44" methods="9" coveredmethods="9"/>
      <file name="index.js" path="/Users/dudeja/panini sutra function and test/sutras/1.1.30/index.js">
        <metrics statements="39" coveredstatements="39" conditionals="50" coveredconditionals="44" methods="9" coveredmethods="9"/>
        <line num="19" count="1" type="stmt"/>
        <line num="32" count="42" type="cond" truecount="2" falsecount="0"/>
        <line num="33" count="3" type="stmt"/>
        <line num="37" count="39" type="cond" truecount="4" falsecount="0"/>
        <line num="39" count="23" type="stmt"/>
        <line num="44" count="16" type="cond" truecount="4" falsecount="0"/>
        <line num="46" count="2" type="stmt"/>
        <line num="49" count="14" type="stmt"/>
        <line num="60" count="31" type="cond" truecount="2" falsecount="0"/>
        <line num="61" count="2" type="stmt"/>
        <line num="65" count="29" type="cond" truecount="2" falsecount="0"/>
        <line num="68" count="29" type="cond" truecount="2" falsecount="0"/>
        <line num="69" count="3" type="stmt"/>
        <line num="73" count="26" type="cond" truecount="2" falsecount="0"/>
        <line num="84" count="25" type="cond" truecount="2" falsecount="0"/>
        <line num="85" count="2" type="stmt"/>
        <line num="89" count="23" type="cond" truecount="2" falsecount="0"/>
        <line num="92" count="23" type="cond" truecount="2" falsecount="0"/>
        <line num="93" count="8" type="stmt"/>
        <line num="97" count="15" type="cond" truecount="2" falsecount="0"/>
        <line num="98" count="9" type="stmt"/>
        <line num="101" count="6" type="stmt"/>
        <line num="113" count="6" type="cond" truecount="4" falsecount="0"/>
        <line num="114" count="2" type="stmt"/>
        <line num="122" count="4" type="stmt"/>
        <line num="123" count="4" type="stmt"/>
        <line num="124" count="4" type="stmt"/>
        <line num="126" count="4" type="stmt"/>
        <line num="127" count="8" type="cond" truecount="2" falsecount="0"/>
        <line num="128" count="2" type="stmt"/>
        <line num="130" count="6" type="stmt"/>
        <line num="134" count="4" type="stmt"/>
        <line num="139" count="2" type="cond" truecount="1" falsecount="1"/>
        <line num="151" count="2" type="cond" truecount="2" falsecount="0"/>
        <line num="152" count="1" type="stmt"/>
        <line num="165" count="1" type="stmt"/>
        <line num="189" count="2" type="stmt"/>
        <line num="191" count="2" type="stmt"/>
        <line num="198" count="3" type="cond" truecount="2" falsecount="0"/>
      </file>
    </package>
    <package name="1.1.31">
      <metrics statements="68" coveredstatements="68" conditionals="94" coveredconditionals="84" methods="13" coveredmethods="13"/>
      <file name="index.js" path="/Users/dudeja/panini sutra function and test/sutras/1.1.31/index.js">
        <metrics statements="68" coveredstatements="68" conditionals="94" coveredconditionals="84" methods="13" coveredmethods="13"/>
        <line num="32" count="1" type="stmt"/>
        <line num="45" count="71" type="cond" truecount="2" falsecount="0"/>
        <line num="46" count="3" type="stmt"/>
        <line num="50" count="68" type="cond" truecount="5" falsecount="0"/>
        <line num="53" count="37" type="stmt"/>
        <line num="57" count="31" type="cond" truecount="5" falsecount="0"/>
        <line num="60" count="5" type="stmt"/>
        <line num="64" count="26" type="cond" truecount="7" falsecount="0"/>
        <line num="69" count="5" type="stmt"/>
        <line num="72" count="21" type="stmt"/>
        <line num="83" count="49" type="cond" truecount="2" falsecount="0"/>
        <line num="84" count="2" type="stmt"/>
        <line num="88" count="47" type="cond" truecount="2" falsecount="0"/>
        <line num="91" count="47" type="cond" truecount="2" falsecount="0"/>
        <line num="92" count="4" type="stmt"/>
        <line num="96" count="43" type="cond" truecount="2" falsecount="0"/>
        <line num="107" count="39" type="cond" truecount="2" falsecount="0"/>
        <line num="108" count="2" type="stmt"/>
        <line num="112" count="37" type="cond" truecount="2" falsecount="0"/>
        <line num="115" count="37" type="cond" truecount="2" falsecount="0"/>
        <line num="116" count="8" type="stmt"/>
        <line num="120" count="29" type="cond" truecount="2" falsecount="0"/>
        <line num="121" count="20" type="stmt"/>
        <line num="124" count="9" type="stmt"/>
        <line num="136" count="10" type="cond" truecount="4" falsecount="0"/>
        <line num="137" count="2" type="stmt"/>
        <line num="145" count="8" type="stmt"/>
        <line num="146" count="8" type="stmt"/>
        <line num="147" count="8" type="stmt"/>
        <line num="149" count="8" type="stmt"/>
        <line num="150" count="18" type="cond" truecount="2" falsecount="0"/>
        <line num="151" count="4" type="stmt"/>
        <line num="153" count="14" type="stmt"/>
        <line num="157" count="8" type="stmt"/>
        <line num="162" count="4" type="cond" truecount="1" falsecount="1"/>
        <line num="175" count="10" type="cond" truecount="4" falsecount="0"/>
        <line num="176" count="2" type="stmt"/>
        <line num="184" count="8" type="stmt"/>
        <line num="185" count="8" type="stmt"/>
        <line num="186" count="8" type="stmt"/>
        <line num="187" count="8" type="stmt"/>
        <line num="190" count="8" type="cond" truecount="2" falsecount="0"/>
        <line num="191" count="1" type="stmt"/>
        <line num="192" count="1" type="stmt"/>
        <line num="196" count="8" type="cond" truecount="8" falsecount="0"/>
        <line num="199" count="1" type="stmt"/>
        <line num="200" count="1" type="stmt"/>
        <line num="204" count="8" type="cond" truecount="4" falsecount="0"/>
        <line num="205" count="1" type="stmt"/>
        <line num="209" count="8" type="stmt"/>
        <line num="216" count="8" type="stmt"/>
        <line num="217" count="47" type="cond" truecount="2" falsecount="0"/>
        <line num="218" count="8" type="stmt"/>
        <line num="219" count="8" type="stmt"/>
        <line num="223" count="8" type="stmt"/>
        <line num="238" count="2" type="cond" truecount="2" falsecount="0"/>
        <line num="239" count="1" type="stmt"/>
        <line num="255" count="1" type="stmt"/>
        <line num="282" count="2" type="stmt"/>
        <line num="283" count="2" type="stmt"/>
        <line num="285" count="2" type="stmt"/>
        <line num="294" count="3" type="cond" truecount="2" falsecount="0"/>
        <line num="312" count="3" type="cond" truecount="4" falsecount="0"/>
        <line num="317" count="3" type="stmt"/>
        <line num="320" count="1" type="cond" truecount="1" falsecount="1"/>
        <line num="324" count="3" type="stmt"/>
        <line num="327" count="3" type="cond" truecount="2" falsecount="0"/>
        <line num="329" count="3" type="stmt"/>
      </file>
    </package>
    <package name="1.1.32">
      <metrics statements="27" coveredstatements="25" conditionals="27" coveredconditionals="24" methods="5" coveredmethods="5"/>
      <file name="index.js" path="/Users/dudeja/panini sutra function and test/sutras/1.1.32/index.js">
        <metrics statements="27" coveredstatements="25" conditionals="27" coveredconditionals="24" methods="5" coveredmethods="5"/>
        <line num="25" count="9" type="stmt"/>
        <line num="34" count="9" type="cond" truecount="1" falsecount="1"/>
        <line num="35" count="0" type="stmt"/>
        <line num="36" count="0" type="stmt"/>
        <line num="40" count="9" type="cond" truecount="5" falsecount="0"/>
        <line num="41" count="1" type="stmt"/>
        <line num="42" count="1" type="stmt"/>
        <line num="46" count="8" type="cond" truecount="5" falsecount="0"/>
        <line num="47" count="1" type="stmt"/>
        <line num="48" count="1" type="stmt"/>
        <line num="52" count="7" type="stmt"/>
        <line num="54" count="7" type="cond" truecount="1" falsecount="1"/>
        <line num="55" count="7" type="stmt"/>
        <line num="56" count="8" type="cond" truecount="2" falsecount="0"/>
        <line num="59" count="7" type="cond" truecount="2" falsecount="0"/>
        <line num="60" count="1" type="stmt"/>
        <line num="61" count="1" type="stmt"/>
        <line num="64" count="6" type="stmt"/>
        <line num="65" count="6" type="stmt"/>
        <line num="66" count="6" type="stmt"/>
        <line num="68" count="6" type="stmt"/>
        <line num="77" count="4" type="cond" truecount="4" falsecount="0"/>
        <line num="78" count="2" type="stmt"/>
        <line num="87" count="4" type="cond" truecount="2" falsecount="0"/>
        <line num="88" count="3" type="cond" truecount="2" falsecount="0"/>
        <line num="98" count="1" type="stmt"/>
        <line num="100" count="1" type="stmt"/>
      </file>
    </package>
    <package name="1.1.33">
      <metrics statements="22" coveredstatements="18" conditionals="7" coveredconditionals="6" methods="6" coveredmethods="4"/>
      <file name="index.js" path="/Users/dudeja/panini sutra function and test/sutras/1.1.33/index.js">
        <metrics statements="22" coveredstatements="18" conditionals="7" coveredconditionals="6" methods="6" coveredmethods="4"/>
        <line num="31" count="6" type="stmt"/>
        <line num="40" count="6" type="cond" truecount="2" falsecount="0"/>
        <line num="41" count="1" type="stmt"/>
        <line num="42" count="1" type="stmt"/>
        <line num="46" count="5" type="stmt"/>
        <line num="48" count="5" type="cond" truecount="2" falsecount="0"/>
        <line num="49" count="4" type="stmt"/>
        <line num="50" count="4" type="stmt"/>
        <line num="51" count="4" type="cond" truecount="2" falsecount="0"/>
        <line num="54" count="4" type="stmt"/>
        <line num="55" count="4" type="stmt"/>
        <line num="56" count="4" type="stmt"/>
        <line num="58" count="1" type="stmt"/>
        <line num="61" count="5" type="stmt"/>
        <line num="72" count="4" type="stmt"/>
        <line num="82" count="3" type="stmt"/>
        <line num="92" count="0" type="stmt"/>
        <line num="103" count="2" type="stmt"/>
        <line num="106" count="2" type="stmt"/>
        <line num="121" count="0" type="stmt"/>
        <line num="122" count="0" type="stmt"/>
        <line num="124" count="0" type="stmt"/>
      </file>
    </package>
    <package name="1.1.34">
      <metrics statements="61" coveredstatements="55" conditionals="57" coveredconditionals="50" methods="5" coveredmethods="5"/>
      <file name="index.js" path="/Users/dudeja/panini sutra function and test/sutras/1.1.34/index.js">
        <metrics statements="61" coveredstatements="55" conditionals="57" coveredconditionals="50" methods="5" coveredmethods="5"/>
        <line num="23" count="39" type="stmt"/>
        <line num="33" count="39" type="cond" truecount="4" falsecount="0"/>
        <line num="34" count="3" type="stmt"/>
        <line num="35" count="3" type="stmt"/>
        <line num="39" count="36" type="stmt"/>
        <line num="41" count="36" type="cond" truecount="2" falsecount="0"/>
        <line num="42" count="5" type="stmt"/>
        <line num="43" count="5" type="stmt"/>
        <line num="47" count="31" type="stmt"/>
        <line num="49" count="31" type="cond" truecount="1" falsecount="1"/>
        <line num="50" count="0" type="stmt"/>
        <line num="51" count="0" type="stmt"/>
        <line num="54" count="31" type="stmt"/>
        <line num="55" count="31" type="stmt"/>
        <line num="56" count="31" type="stmt"/>
        <line num="57" count="31" type="stmt"/>
        <line num="58" count="31" type="stmt"/>
        <line num="60" count="31" type="stmt"/>
        <line num="71" count="97" type="cond" truecount="3" falsecount="1"/>
        <line num="72" count="0" type="stmt"/>
        <line num="79" count="97" type="cond" truecount="4" falsecount="0"/>
        <line num="80" count="4" type="stmt"/>
        <line num="88" count="93" type="stmt"/>
        <line num="89" count="93" type="stmt"/>
        <line num="90" count="93" type="cond" truecount="2" falsecount="0"/>
        <line num="91" count="82" type="stmt"/>
        <line num="100" count="11" type="stmt"/>
        <line num="103" count="11" type="stmt"/>
        <line num="106" count="11" type="cond" truecount="2" falsecount="0"/>
        <line num="107" count="10" type="stmt"/>
        <line num="114" count="1" type="stmt"/>
        <line num="115" count="5" type="cond" truecount="1" falsecount="1"/>
        <line num="116" count="0" type="stmt"/>
        <line num="125" count="1" type="stmt"/>
        <line num="140" count="38" type="cond" truecount="3" falsecount="1"/>
        <line num="141" count="0" type="stmt"/>
        <line num="148" count="38" type="cond" truecount="4" falsecount="0"/>
        <line num="149" count="2" type="stmt"/>
        <line num="157" count="36" type="stmt"/>
        <line num="166" count="36" type="cond" truecount="4" falsecount="0"/>
        <line num="167" count="31" type="stmt"/>
        <line num="175" count="5" type="stmt"/>
        <line num="177" count="5" type="cond" truecount="2" falsecount="2"/>
        <line num="178" count="5" type="stmt"/>
        <line num="185" count="0" type="stmt"/>
        <line num="200" count="8" type="stmt"/>
        <line num="201" count="8" type="stmt"/>
        <line num="204" count="8" type="stmt"/>
        <line num="205" count="8" type="cond" truecount="2" falsecount="0"/>
        <line num="206" count="6" type="stmt"/>
        <line num="207" count="6" type="cond" truecount="2" falsecount="0"/>
        <line num="208" count="6" type="cond" truecount="2" falsecount="0"/>
        <line num="212" count="8" type="stmt"/>
        <line num="213" count="8" type="cond" truecount="2" falsecount="0"/>
        <line num="214" count="6" type="stmt"/>
        <line num="215" count="6" type="stmt"/>
        <line num="218" count="8" type="stmt"/>
        <line num="238" count="3" type="stmt"/>
        <line num="239" count="3" type="stmt"/>
        <line num="242" count="3" type="stmt"/>
        <line num="252" count="3" type="stmt"/>
      </file>
    </package>
    <package name="1.1.35">
      <metrics statements="50" coveredstatements="44" conditionals="66" coveredconditionals="56" methods="5" coveredmethods="5"/>
      <file name="index.js" path="/Users/dudeja/panini sutra function and test/sutras/1.1.35/index.js">
        <metrics statements="50" coveredstatements="44" conditionals="66" coveredconditionals="56" methods="5" coveredmethods="5"/>
        <line num="17" count="1" type="stmt"/>
        <line num="27" count="44" type="cond" truecount="4" falsecount="0"/>
        <line num="28" count="3" type="stmt"/>
        <line num="37" count="41" type="stmt"/>
        <line num="39" count="41" type="cond" truecount="2" falsecount="0"/>
        <line num="40" count="5" type="stmt"/>
        <line num="50" count="36" type="stmt"/>
        <line num="52" count="36" type="stmt"/>
        <line num="75" count="85" type="cond" truecount="3" falsecount="1"/>
        <line num="76" count="0" type="stmt"/>
        <line num="83" count="85" type="cond" truecount="5" falsecount="0"/>
        <line num="84" count="2" type="stmt"/>
        <line num="92" count="83" type="stmt"/>
        <line num="95" count="83" type="stmt"/>
        <line num="97" count="83" type="cond" truecount="2" falsecount="0"/>
        <line num="98" count="74" type="stmt"/>
        <line num="99" count="74" type="stmt"/>
        <line num="114" count="9" type="stmt"/>
        <line num="116" count="9" type="stmt"/>
        <line num="117" count="72" type="cond" truecount="1" falsecount="1"/>
        <line num="118" count="0" type="stmt"/>
        <line num="121" count="0" type="stmt"/>
        <line num="123" count="0" type="cond" truecount="0" falsecount="2"/>
        <line num="125" count="0" type="cond" truecount="0" falsecount="2"/>
        <line num="126" count="0" type="stmt"/>
        <line num="141" count="9" type="stmt"/>
        <line num="156" count="45" type="cond" truecount="4" falsecount="0"/>
        <line num="157" count="1" type="stmt"/>
        <line num="164" count="44" type="cond" truecount="4" falsecount="0"/>
        <line num="165" count="1" type="stmt"/>
        <line num="174" count="43" type="stmt"/>
        <line num="176" count="43" type="cond" truecount="4" falsecount="0"/>
        <line num="177" count="39" type="cond" truecount="1" falsecount="1"/>
        <line num="178" count="39" type="stmt"/>
        <line num="188" count="4" type="stmt"/>
        <line num="205" count="9" type="cond" truecount="4" falsecount="0"/>
        <line num="206" count="1" type="stmt"/>
        <line num="214" count="8" type="stmt"/>
        <line num="216" count="8" type="cond" truecount="2" falsecount="0"/>
        <line num="217" count="2" type="stmt"/>
        <line num="227" count="6" type="stmt"/>
        <line num="229" count="6" type="cond" truecount="4" falsecount="0"/>
        <line num="230" count="4" type="stmt"/>
        <line num="233" count="6" type="cond" truecount="3" falsecount="1"/>
        <line num="234" count="6" type="stmt"/>
        <line num="238" count="6" type="stmt"/>
        <line num="240" count="6" type="stmt"/>
        <line num="264" count="3" type="stmt"/>
        <line num="265" count="3" type="stmt"/>
        <line num="267" count="3" type="stmt"/>
      </file>
    </package>
    <package name="1.1.36">
      <metrics statements="61" coveredstatements="55" conditionals="73" coveredconditionals="64" methods="5" coveredmethods="5"/>
      <file name="index.js" path="/Users/dudeja/panini sutra function and test/sutras/1.1.36/index.js">
        <metrics statements="61" coveredstatements="55" conditionals="73" coveredconditionals="64" methods="5" coveredmethods="5"/>
        <line num="18" count="1" type="stmt"/>
        <line num="28" count="51" type="cond" truecount="4" falsecount="0"/>
        <line num="29" count="3" type="stmt"/>
        <line num="38" count="48" type="stmt"/>
        <line num="40" count="48" type="cond" truecount="2" falsecount="0"/>
        <line num="41" count="4" type="stmt"/>
        <line num="52" count="44" type="stmt"/>
        <line num="54" count="44" type="stmt"/>
        <line num="76" count="97" type="cond" truecount="3" falsecount="1"/>
        <line num="77" count="0" type="stmt"/>
        <line num="84" count="97" type="cond" truecount="4" falsecount="0"/>
        <line num="85" count="2" type="stmt"/>
        <line num="93" count="95" type="stmt"/>
        <line num="96" count="95" type="stmt"/>
        <line num="99" count="95" type="stmt"/>
        <line num="102" count="95" type="cond" truecount="2" falsecount="0"/>
        <line num="103" count="77" type="stmt"/>
        <line num="104" count="77" type="stmt"/>
        <line num="119" count="18" type="cond" truecount="2" falsecount="0"/>
        <line num="120" count="12" type="stmt"/>
        <line num="121" count="12" type="stmt"/>
        <line num="133" count="6" type="stmt"/>
        <line num="135" count="6" type="stmt"/>
        <line num="136" count="48" type="cond" truecount="1" falsecount="1"/>
        <line num="137" count="0" type="stmt"/>
        <line num="140" count="0" type="stmt"/>
        <line num="142" count="0" type="cond" truecount="0" falsecount="2"/>
        <line num="144" count="0" type="cond" truecount="0" falsecount="2"/>
        <line num="145" count="0" type="stmt"/>
        <line num="161" count="6" type="stmt"/>
        <line num="163" count="6" type="stmt"/>
        <line num="164" count="16" type="cond" truecount="2" falsecount="0"/>
        <line num="165" count="4" type="stmt"/>
        <line num="175" count="2" type="stmt"/>
        <line num="190" count="53" type="cond" truecount="4" falsecount="0"/>
        <line num="191" count="1" type="stmt"/>
        <line num="198" count="52" type="cond" truecount="4" falsecount="0"/>
        <line num="199" count="1" type="stmt"/>
        <line num="208" count="51" type="stmt"/>
        <line num="210" count="51" type="cond" truecount="4" falsecount="0"/>
        <line num="211" count="30" type="cond" truecount="1" falsecount="1"/>
        <line num="212" count="30" type="stmt"/>
        <line num="222" count="21" type="stmt"/>
        <line num="239" count="23" type="cond" truecount="4" falsecount="0"/>
        <line num="240" count="1" type="stmt"/>
        <line num="248" count="22" type="stmt"/>
        <line num="250" count="22" type="cond" truecount="2" falsecount="0"/>
        <line num="251" count="2" type="stmt"/>
        <line num="261" count="20" type="stmt"/>
        <line num="263" count="20" type="cond" truecount="4" falsecount="0"/>
        <line num="264" count="3" type="stmt"/>
        <line num="267" count="20" type="cond" truecount="3" falsecount="1"/>
        <line num="268" count="20" type="stmt"/>
        <line num="272" count="20" type="stmt"/>
        <line num="273" count="20" type="cond" truecount="2" falsecount="0"/>
        <line num="274" count="15" type="stmt"/>
        <line num="278" count="20" type="stmt"/>
        <line num="280" count="20" type="stmt"/>
        <line num="305" count="4" type="stmt"/>
        <line num="306" count="4" type="stmt"/>
        <line num="308" count="4" type="stmt"/>
      </file>
    </package>
    <package name="1.1.37">
      <metrics statements="38" coveredstatements="38" conditionals="21" coveredconditionals="20" methods="7" coveredmethods="7"/>
      <file name="index.js" path="/Users/dudeja/panini sutra function and test/sutras/1.1.37/index.js">
        <metrics statements="38" coveredstatements="38" conditionals="21" coveredconditionals="20" methods="7" coveredmethods="7"/>
        <line num="23" count="7" type="stmt"/>
        <line num="33" count="7" type="cond" truecount="2" falsecount="0"/>
        <line num="34" count="4" type="stmt"/>
        <line num="35" count="4" type="stmt"/>
        <line num="36" count="4" type="stmt"/>
        <line num="37" count="4" type="stmt"/>
        <line num="38" count="4" type="stmt"/>
        <line num="42" count="3" type="cond" truecount="2" falsecount="0"/>
        <line num="43" count="1" type="stmt"/>
        <line num="44" count="1" type="stmt"/>
        <line num="45" count="1" type="stmt"/>
        <line num="46" count="1" type="stmt"/>
        <line num="47" count="1" type="stmt"/>
        <line num="50" count="2" type="stmt"/>
        <line num="51" count="2" type="stmt"/>
        <line num="62" count="24" type="cond" truecount="4" falsecount="0"/>
        <line num="63" count="8" type="stmt"/>
        <line num="67" count="16" type="stmt"/>
        <line num="69" count="16" type="stmt"/>
        <line num="70" count="16" type="stmt"/>
        <line num="81" count="15" type="cond" truecount="4" falsecount="0"/>
        <line num="82" count="3" type="stmt"/>
        <line num="86" count="12" type="stmt"/>
        <line num="88" count="12" type="stmt"/>
        <line num="91" count="12" type="cond" truecount="2" falsecount="0"/>
        <line num="92" count="4" type="stmt"/>
        <line num="96" count="8" type="stmt"/>
        <line num="97" count="33" type="stmt"/>
        <line num="107" count="6" type="cond" truecount="2" falsecount="0"/>
        <line num="108" count="3" type="stmt"/>
        <line num="110" count="3" type="cond" truecount="2" falsecount="0"/>
        <line num="111" count="1" type="stmt"/>
        <line num="113" count="2" type="stmt"/>
        <line num="123" count="3" type="stmt"/>
        <line num="125" count="3" type="stmt"/>
        <line num="142" count="1" type="stmt"/>
        <line num="143" count="1" type="stmt"/>
        <line num="145" count="1" type="stmt"/>
      </file>
    </package>
    <package name="1.1.38">
      <metrics statements="39" coveredstatements="38" conditionals="25" coveredconditionals="22" methods="8" coveredmethods="8"/>
      <file name="index.js" path="/Users/dudeja/panini sutra function and test/sutras/1.1.38/index.js">
        <metrics statements="39" coveredstatements="38" conditionals="25" coveredconditionals="22" methods="8" coveredmethods="8"/>
        <line num="21" count="13" type="stmt"/>
        <line num="31" count="13" type="stmt"/>
        <line num="33" count="13" type="cond" truecount="2" falsecount="0"/>
        <line num="34" count="2" type="stmt"/>
        <line num="35" count="2" type="stmt"/>
        <line num="39" count="11" type="stmt"/>
        <line num="41" count="11" type="cond" truecount="2" falsecount="0"/>
        <line num="42" count="1" type="stmt"/>
        <line num="43" count="1" type="stmt"/>
        <line num="46" count="10" type="stmt"/>
        <line num="47" count="10" type="stmt"/>
        <line num="48" count="10" type="stmt"/>
        <line num="49" count="10" type="stmt"/>
        <line num="51" count="10" type="stmt"/>
        <line num="61" count="30" type="cond" truecount="3" falsecount="1"/>
        <line num="62" count="0" type="stmt"/>
        <line num="65" count="30" type="cond" truecount="4" falsecount="0"/>
        <line num="66" count="5" type="stmt"/>
        <line num="68" count="5" type="stmt"/>
        <line num="74" count="25" type="stmt"/>
        <line num="76" count="25" type="stmt"/>
        <line num="77" count="282" type="cond" truecount="2" falsecount="0"/>
        <line num="78" count="21" type="stmt"/>
        <line num="87" count="4" type="stmt"/>
        <line num="102" count="14" type="cond" truecount="2" falsecount="0"/>
        <line num="103" count="3" type="stmt"/>
        <line num="112" count="11" type="stmt"/>
        <line num="114" count="11" type="cond" truecount="2" falsecount="0"/>
        <line num="115" count="10" type="stmt"/>
        <line num="117" count="10" type="cond" truecount="1" falsecount="1"/>
        <line num="118" count="10" type="stmt"/>
        <line num="128" count="1" type="stmt"/>
        <line num="141" count="7" type="stmt"/>
        <line num="143" count="7" type="stmt"/>
        <line num="153" count="3" type="stmt"/>
        <line num="155" count="3" type="stmt"/>
        <line num="172" count="1" type="stmt"/>
        <line num="173" count="1" type="stmt"/>
        <line num="175" count="1" type="stmt"/>
      </file>
    </package>
    <package name="1.1.39">
      <metrics statements="62" coveredstatements="55" conditionals="58" coveredconditionals="50" methods="8" coveredmethods="6"/>
      <file name="index.js" path="/Users/dudeja/panini sutra function and test/sutras/1.1.39/index.js">
        <metrics statements="62" coveredstatements="55" conditionals="58" coveredconditionals="50" methods="8" coveredmethods="6"/>
        <line num="21" count="26" type="stmt"/>
        <line num="32" count="26" type="cond" truecount="4" falsecount="0"/>
        <line num="33" count="3" type="stmt"/>
        <line num="34" count="3" type="stmt"/>
        <line num="38" count="23" type="stmt"/>
        <line num="40" count="23" type="cond" truecount="2" falsecount="0"/>
        <line num="41" count="5" type="stmt"/>
        <line num="42" count="5" type="stmt"/>
        <line num="46" count="18" type="stmt"/>
        <line num="49" count="18" type="stmt"/>
        <line num="51" count="18" type="cond" truecount="2" falsecount="0"/>
        <line num="52" count="1" type="stmt"/>
        <line num="53" count="1" type="stmt"/>
        <line num="56" count="17" type="stmt"/>
[...]
        <line num="399" count="0" type="cond" truecount="0" falsecount="2"/>
        <line num="400" count="0" type="cond" truecount="0" falsecount="2"/>
        <line num="401" count="0" type="cond" truecount="0" falsecount="2"/>
        <line num="402" count="0" type="stmt"/>
        <line num="413" count="0" type="cond" truecount="0" falsecount="4"/>
        <line num="415" count="0" type="stmt"/>
        <line num="416" count="0" type="stmt"/>
        <line num="418" count="0" type="stmt"/>
        <line num="419" count="0" type="cond" truecount="0" falsecount="5"/>
        <line num="420" count="0" type="stmt"/>
        <line num="422" count="0" type="stmt"/>
        <line num="425" count="0" type="stmt"/>
      </file>
      <file name="verb-analysis.js" path="/Users/dudeja/panini sutra function and test/sutras/sanskrit-utils/verb-analysis.js">
        <metrics statements="82" coveredstatements="77" conditionals="74" coveredconditionals="66" methods="11" coveredmethods="10"/>
        <line num="25" count="42" type="stmt"/>
        <line num="52" count="42" type="stmt"/>
        <line num="85" count="42" type="stmt"/>
        <line num="100" count="222" type="cond" truecount="4" falsecount="0"/>
        <line num="101" count="8" type="stmt"/>
        <line num="104" count="214" type="stmt"/>
        <line num="105" count="214" type="cond" truecount="2" falsecount="0"/>
        <line num="106" count="1" type="stmt"/>
        <line num="109" count="213" type="cond" truecount="2" falsecount="0"/>
        <line num="119" count="248" type="cond" truecount="4" falsecount="0"/>
        <line num="120" count="5" type="stmt"/>
        <line num="123" count="243" type="stmt"/>
        <line num="124" count="243" type="cond" truecount="1" falsecount="1"/>
        <line num="125" count="0" type="stmt"/>
        <line num="128" count="243" type="cond" truecount="2" falsecount="0"/>
        <line num="138" count="118" type="cond" truecount="4" falsecount="0"/>
        <line num="139" count="4" type="stmt"/>
        <line num="142" count="114" type="stmt"/>
        <line num="143" count="114" type="cond" truecount="1" falsecount="1"/>
        <line num="144" count="0" type="stmt"/>
        <line num="147" count="114" type="cond" truecount="2" falsecount="0"/>
        <line num="157" count="11" type="cond" truecount="4" falsecount="0"/>
        <line num="158" count="1" type="stmt"/>
        <line num="165" count="10" type="stmt"/>
        <line num="166" count="10" type="stmt"/>
        <line num="168" count="10" type="stmt"/>
        <line num="180" count="10" type="cond" truecount="2" falsecount="0"/>
        <line num="181" count="2" type="stmt"/>
        <line num="182" count="2" type="stmt"/>
        <line num="183" count="8" type="cond" truecount="2" falsecount="0"/>
        <line num="184" count="4" type="stmt"/>
        <line num="185" count="4" type="stmt"/>
        <line num="186" count="4" type="cond" truecount="2" falsecount="0"/>
        <line num="187" count="1" type="stmt"/>
        <line num="188" count="1" type="stmt"/>
        <line num="190" count="3" type="stmt"/>
        <line num="191" count="3" type="stmt"/>
        <line num="194" count="10" type="stmt"/>
        <line num="204" count="4" type="stmt"/>
        <line num="210" count="4" type="stmt"/>
        <line num="211" count="4" type="cond" truecount="2" falsecount="0"/>
        <line num="212" count="1" type="cond" truecount="1" falsecount="1"/>
        <line num="215" count="3" type="cond" truecount="4" falsecount="0"/>
        <line num="217" count="1" type="stmt"/>
        <line num="219" count="1" type="stmt"/>
        <line num="222" count="1" type="stmt"/>
        <line num="235" count="5" type="cond" truecount="4" falsecount="0"/>
        <line num="236" count="1" type="stmt"/>
        <line num="244" count="4" type="stmt"/>
        <line num="245" count="4" type="stmt"/>
        <line num="246" count="4" type="stmt"/>
        <line num="247" count="4" type="stmt"/>
        <line num="248" count="4" type="stmt"/>
        <line num="251" count="4" type="cond" truecount="1" falsecount="1"/>
        <line num="252" count="0" type="stmt"/>
        <line num="253" count="0" type="stmt"/>
        <line num="257" count="4" type="stmt"/>
        <line num="258" count="4" type="cond" truecount="3" falsecount="0"/>
        <line num="262" count="4" type="cond" truecount="2" falsecount="0"/>
        <line num="263" count="2" type="stmt"/>
        <line num="266" count="2" type="stmt"/>
        <line num="272" count="2" type="stmt"/>
        <line num="273" count="172" type="cond" truecount="3" falsecount="0"/>
        <line num="277" count="2" type="cond" truecount="1" falsecount="1"/>
        <line num="278" count="0" type="stmt"/>
        <line num="282" count="4" type="stmt"/>
        <line num="299" count="9" type="cond" truecount="4" falsecount="0"/>
        <line num="300" count="3" type="stmt"/>
        <line num="303" count="6" type="stmt"/>
        <line num="304" count="6" type="stmt"/>
        <line num="305" count="6" type="stmt"/>
        <line num="307" count="6" type="stmt"/>
        <line num="313" count="6" type="stmt"/>
        <line num="314" count="18" type="cond" truecount="2" falsecount="0"/>
        <line num="318" count="18" type="stmt"/>
        <line num="319" count="516" type="stmt"/>
        <line num="320" count="516" type="stmt"/>
        <line num="321" count="2013" type="stmt"/>
        <line num="327" count="2013" type="stmt"/>
        <line num="333" count="6" type="stmt"/>
        <line num="334" count="4014" type="stmt"/>
        <line num="336" count="2013" type="cond" truecount="3" falsecount="0"/>
      </file>
      <file name="vowel-analysis.js" path="/Users/dudeja/panini sutra function and test/sutras/sanskrit-utils/vowel-analysis.js">
        <metrics statements="65" coveredstatements="45" conditionals="58" coveredconditionals="40" methods="19" coveredmethods="16"/>
        <line num="26" count="83" type="cond" truecount="1" falsecount="1"/>
        <line num="27" count="0" type="stmt"/>
        <line num="37" count="83" type="stmt"/>
        <line num="38" count="83" type="stmt"/>
        <line num="39" count="83" type="stmt"/>
        <line num="41" count="83" type="cond" truecount="2" falsecount="0"/>
        <line num="45" count="83" type="stmt"/>
        <line num="66" count="140" type="cond" truecount="1" falsecount="1"/>
        <line num="68" count="140" type="stmt"/>
        <line num="69" count="140" type="cond" truecount="2" falsecount="0"/>
        <line num="73" count="140" type="cond" truecount="2" falsecount="0"/>
        <line num="82" count="118" type="cond" truecount="1" falsecount="1"/>
        <line num="84" count="118" type="stmt"/>
        <line num="85" count="118" type="cond" truecount="2" falsecount="0"/>
        <line num="89" count="118" type="cond" truecount="2" falsecount="0"/>
        <line num="99" count="64" type="stmt"/>
        <line num="100" count="64" type="cond" truecount="2" falsecount="0"/>
        <line num="103" count="28" type="stmt"/>
        <line num="113" count="64" type="stmt"/>
        <line num="114" count="64" type="cond" truecount="2" falsecount="0"/>
        <line num="116" count="6" type="stmt"/>
        <line num="126" count="0" type="stmt"/>
        <line num="127" count="0" type="stmt"/>
        <line num="137" count="0" type="stmt"/>
        <line num="138" count="0" type="stmt"/>
        <line num="149" count="0" type="cond" truecount="0" falsecount="4"/>
        <line num="150" count="0" type="stmt"/>
        <line num="153" count="0" type="stmt"/>
        <line num="154" count="0" type="stmt"/>
        <line num="156" count="0" type="stmt"/>
        <line num="157" count="0" type="stmt"/>
        <line num="158" count="0" type="cond" truecount="0" falsecount="2"/>
        <line num="159" count="0" type="stmt"/>
        <line num="171" count="0" type="cond" truecount="0" falsecount="2"/>
        <line num="172" count="0" type="stmt"/>
        <line num="173" count="0" type="stmt"/>
        <line num="175" count="0" type="cond" truecount="0" falsecount="4"/>
        <line num="176" count="0" type="stmt"/>
        <line num="189" count="0" type="stmt"/>
        <line num="198" count="26" type="cond" truecount="3" falsecount="1"/>
        <line num="199" count="0" type="stmt"/>
        <line num="202" count="26" type="stmt"/>
        <line num="203" count="26" type="stmt"/>
        <line num="204" count="26" type="stmt"/>
        <line num="206" count="26" type="stmt"/>
        <line num="207" count="135" type="cond" truecount="2" falsecount="0"/>
        <line num="208" count="62" type="stmt"/>
        <line num="217" count="26" type="cond" truecount="2" falsecount="0"/>
        <line num="218" count="1" type="stmt"/>
        <line num="219" count="4" type="cond" truecount="4" falsecount="0"/>
        <line num="221" count="5" type="stmt"/>
        <line num="222" count="2" type="cond" truecount="1" falsecount="1"/>
        <line num="223" count="2" type="stmt"/>
        <line num="234" count="26" type="stmt"/>
        <line num="235" count="41" type="stmt"/>
        <line num="251" count="26" type="stmt"/>
        <line num="253" count="26" type="stmt"/>
        <line num="254" count="64" type="stmt"/>
        <line num="256" count="64" type="stmt"/>
        <line num="267" count="26" type="stmt"/>
        <line num="270" count="64" type="stmt"/>
        <line num="271" count="34" type="stmt"/>
        <line num="281" count="26" type="stmt"/>
        <line num="283" count="26" type="stmt"/>
        <line num="286" count="64" type="stmt"/>
      </file>
      <file name="vrddham-analysis.js" path="/Users/dudeja/panini sutra function and test/sutras/sanskrit-utils/vrddham-analysis.js">
        <metrics statements="93" coveredstatements="89" conditionals="77" coveredconditionals="69" methods="11" coveredmethods="11"/>
        <line num="17" count="41" type="stmt"/>
        <line num="46" count="41" type="stmt"/>
        <line num="54" count="41" type="stmt"/>
        <line num="67" count="146" type="cond" truecount="4" falsecount="0"/>
        <line num="68" count="12" type="stmt"/>
        <line num="71" count="134" type="stmt"/>
        <line num="72" count="134" type="cond" truecount="1" falsecount="1"/>
        <line num="74" count="134" type="cond" truecount="1" falsecount="1"/>
        <line num="75" count="0" type="stmt"/>
        <line num="79" count="134" type="stmt"/>
        <line num="80" count="221" type="cond" truecount="2" falsecount="0"/>
        <line num="81" count="51" type="stmt"/>
        <line num="84" count="170" type="cond" truecount="4" falsecount="0"/>
        <line num="85" count="82" type="stmt"/>
        <line num="89" count="1" type="stmt"/>
        <line num="98" count="214" type="cond" truecount="4" falsecount="0"/>
        <line num="99" count="10" type="stmt"/>
        <line num="102" count="204" type="cond" truecount="2" falsecount="0"/>
        <line num="112" count="173" type="stmt"/>
        <line num="121" count="173" type="cond" truecount="4" falsecount="0"/>
        <line num="122" count="1" type="stmt"/>
        <line num="125" count="172" type="stmt"/>
        <line num="126" count="172" type="cond" truecount="1" falsecount="1"/>
        <line num="128" count="172" type="stmt"/>
        <line num="129" count="759" type="stmt"/>
        <line num="130" count="759" type="cond" truecount="2" falsecount="0"/>
        <line num="131" count="318" type="stmt"/>
        <line num="133" count="318" type="cond" truecount="2" falsecount="0"/>
        <line num="134" count="167" type="stmt"/>
        <line num="135" count="167" type="stmt"/>
        <line num="136" count="167" type="stmt"/>
        <line num="137" count="167" type="stmt"/>
        <line num="143" count="172" type="stmt"/>
        <line num="152" count="159" type="cond" truecount="4" falsecount="0"/>
        <line num="153" count="13" type="stmt"/>
        <line num="157" count="146" type="stmt"/>
        <line num="158" count="146" type="cond" truecount="1" falsecount="1"/>
        <line num="159" count="0" type="stmt"/>
        <line num="162" count="146" type="stmt"/>
        <line num="165" count="146" type="cond" truecount="2" falsecount="0"/>
        <line num="175" count="90" type="stmt"/>
        <line num="185" count="110" type="cond" truecount="4" falsecount="0"/>
        <line num="186" count="3" type="stmt"/>
        <line num="190" count="107" type="cond" truecount="4" falsecount="0"/>
        <line num="195" count="107" type="cond" truecount="2" falsecount="0"/>
        <line num="196" count="52" type="stmt"/>
        <line num="199" count="55" type="stmt"/>
        <line num="200" count="55" type="stmt"/>
        <line num="210" count="71" type="stmt"/>
        <line num="227" count="71" type="cond" truecount="4" falsecount="0"/>
        <line num="228" count="4" type="stmt"/>
        <line num="229" count="4" type="stmt"/>
        <line num="232" count="67" type="stmt"/>
        <line num="233" count="67" type="cond" truecount="2" falsecount="2"/>
        <line num="234" count="0" type="stmt"/>
        <line num="235" count="0" type="stmt"/>
        <line num="239" count="67" type="stmt"/>
        <line num="240" count="67" type="stmt"/>
        <line num="243" count="67" type="stmt"/>
        <line num="244" count="67" type="cond" truecount="2" falsecount="0"/>
        <line num="245" count="19" type="stmt"/>
        <line num="246" count="19" type="stmt"/>
        <line num="247" count="19" type="stmt"/>
        <line num="248" count="19" type="stmt"/>
        <line num="252" count="67" type="stmt"/>
        <line num="253" count="67" type="cond" truecount="2" falsecount="0"/>
        <line num="254" count="17" type="stmt"/>
        <line num="255" count="17" type="stmt"/>
        <line num="256" count="17" type="stmt"/>
        <line num="257" count="17" type="stmt"/>
        <line num="261" count="67" type="stmt"/>
        <line num="262" count="67" type="cond" truecount="2" falsecount="0"/>
        <line num="263" count="22" type="stmt"/>
        <line num="264" count="22" type="stmt"/>
        <line num="265" count="22" type="stmt"/>
        <line num="266" count="22" type="stmt"/>
        <line num="267" count="45" type="cond" truecount="4" falsecount="0"/>
        <line num="268" count="10" type="stmt"/>
        <line num="269" count="10" type="stmt"/>
        <line num="273" count="67" type="stmt"/>
        <line num="275" count="67" type="cond" truecount="2" falsecount="0"/>
        <line num="277" count="58" type="cond" truecount="2" falsecount="0"/>
        <line num="278" count="19" type="stmt"/>
        <line num="279" count="39" type="cond" truecount="2" falsecount="0"/>
        <line num="280" count="17" type="stmt"/>
        <line num="281" count="22" type="cond" truecount="1" falsecount="1"/>
        <line num="282" count="22" type="stmt"/>
        <line num="285" count="9" type="stmt"/>
        <line num="288" count="67" type="stmt"/>
        <line num="298" count="30" type="stmt"/>
        <line num="306" count="1" type="stmt"/>
        <line num="352" count="16" type="stmt"/>
        <line num="364" count="19" type="stmt"/>
      </file>
    </package>
    <package name="state">
      <metrics statements="78" coveredstatements="74" conditionals="48" coveredconditionals="33" methods="22" coveredmethods="19"/>
      <file name="state-core.js" path="/Users/dudeja/panini sutra function and test/sutras/state/state-core.js">
        <metrics statements="21" coveredstatements="19" conditionals="6" coveredconditionals="1" methods="10" coveredmethods="7"/>
        <line num="19" count="1" type="stmt"/>
        <line num="22" count="5" type="cond" truecount="1" falsecount="1"/>
        <line num="23" count="5" type="stmt"/>
        <line num="39" count="78" type="stmt"/>
        <line num="43" count="29" type="stmt"/>
        <line num="44" count="29" type="stmt"/>
        <line num="45" count="29" type="stmt"/>
        <line num="46" count="29" type="stmt"/>
        <line num="50" count="0" type="stmt"/>
        <line num="60" count="20" type="stmt"/>
        <line num="61" count="20" type="stmt"/>
        <line num="62" count="20" type="stmt"/>
        <line num="66" count="9" type="stmt"/>
        <line num="67" count="9" type="stmt"/>
        <line num="68" count="9" type="stmt"/>
        <line num="72" count="20" type="stmt"/>
        <line num="73" count="20" type="stmt"/>
        <line num="74" count="20" type="stmt"/>
        <line num="78" count="4" type="stmt"/>
        <line num="88" count="0" type="stmt"/>
        <line num="91" count="1" type="stmt"/>
      </file>
      <file name="wrappers-1.1.x.js" path="/Users/dudeja/panini sutra function and test/sutras/state/wrappers-1.1.x.js">
        <metrics statements="57" coveredstatements="55" conditionals="42" coveredconditionals="32" methods="12" coveredmethods="12"/>
        <line num="19" count="3" type="stmt"/>
        <line num="20" count="3" type="stmt"/>
        <line num="21" count="3" type="stmt"/>
        <line num="22" count="3" type="stmt"/>
        <line num="23" count="3" type="stmt"/>
        <line num="24" count="3" type="stmt"/>
        <line num="29" count="3" type="stmt"/>
        <line num="30" count="3" type="stmt"/>
        <line num="31" count="3" type="stmt"/>
        <line num="32" count="3" type="stmt"/>
        <line num="33" count="3" type="stmt"/>
        <line num="34" count="3" type="stmt"/>
        <line num="39" count="3" type="stmt"/>
        <line num="40" count="3" type="stmt"/>
        <line num="41" count="3" type="stmt"/>
        <line num="42" count="3" type="stmt"/>
        <line num="43" count="3" type="stmt"/>
        <line num="48" count="3" type="stmt"/>
        <line num="51" count="3" type="stmt"/>
        <line num="61" count="3" type="cond" truecount="3" falsecount="1"/>
        <line num="62" count="0" type="stmt"/>
        <line num="65" count="3" type="stmt"/>
        <line num="68" count="3" type="stmt"/>
        <line num="69" count="3" type="stmt"/>
        <line num="71" count="3" type="stmt"/>
        <line num="80" count="3" type="stmt"/>
        <line num="85" count="3" type="stmt"/>
        <line num="87" count="3" type="stmt"/>
        <line num="94" count="3" type="stmt"/>
        <line num="95" count="3" type="stmt"/>
        <line num="96" count="3" type="stmt"/>
        <line num="102" count="2" type="cond" truecount="2" falsecount="0"/>
        <line num="103" count="2" type="stmt"/>
        <line num="105" count="2" type="stmt"/>
        <line num="112" count="2" type="cond" truecount="1" falsecount="1"/>
        <line num="113" count="0" type="stmt"/>
        <line num="116" count="2" type="stmt"/>
        <line num="117" count="2" type="stmt"/>
        <line num="118" count="2" type="stmt"/>
        <line num="123" count="3" type="stmt"/>
        <line num="124" count="3" type="stmt"/>
        <line num="125" count="3" type="stmt"/>
        <line num="126" count="3" type="cond" truecount="1" falsecount="1"/>
        <line num="127" count="3" type="cond" truecount="1" falsecount="1"/>
        <line num="128" count="3" type="cond" truecount="2" falsecount="0"/>
        <line num="130" count="3" type="stmt"/>
        <line num="131" count="3" type="stmt"/>
        <line num="136" count="12" type="stmt"/>
        <line num="141" count="1" type="stmt"/>
        <line num="142" count="1" type="stmt"/>
        <line num="143" count="1" type="stmt"/>
        <line num="144" count="1" type="stmt"/>
        <line num="145" count="1" type="stmt"/>
        <line num="151" count="1" type="stmt"/>
        <line num="152" count="1" type="stmt"/>
        <line num="153" count="1" type="stmt"/>
        <line num="158" count="1" type="stmt"/>
      </file>
    </package>
  </project>
</coverage>
