TN:
SF:sutras/1.1.1/index.js
FN:36,isVrddhi
FN:46,getAllVrddhiVowels
FN:61,analyzeVowel
FN:98,applySutra111
FNF:4
FNH:4
FNDA:124,isVrddhi
FNDA:3,getAllVrddhiVowels
FNDA:29,analyzeVowel
FNDA:19,applySutra111
DA:20,2
DA:21,2
DA:24,2
DA:37,124
DA:38,124
DA:47,3
DA:63,29
DA:64,5
DA:75,24
DA:76,24
DA:77,24
DA:79,24
DA:99,19
DA:101,19
LF:14
LH:14
BRDA:37,0,0,0
BRDA:37,0,1,124
BRDA:38,1,0,124
BRDA:38,1,1,69
BRDA:63,2,0,5
BRDA:63,2,1,24
BRDA:63,3,0,29
BRDA:63,3,1,25
BRDA:77,4,0,24
BRDA:77,4,1,10
BRDA:85,5,0,14
BRDA:85,5,1,10
BRDA:88,6,0,14
BRDA:88,6,1,10
BRDA:105,7,0,8
BRDA:105,7,1,11
BRDA:111,8,0,19
BRDA:111,8,1,19
BRF:18
BRH:17
end_of_record
TN:
SF:sutras/1.1.1/test-cases.js
FNF:0
FNH:0
DA:1,1
DA:58,1
LF:2
LH:2
BRF:0
BRH:0
end_of_record
TN:
SF:sutras/1.1.10/index.js
FN:22,checkHomogeneityRestriction
FN:60,isHomogeneityBlocked
FN:71,analyzePhonemeTypes
FN:111,getHomogeneityExamples
FNF:4
FNH:4
FNDA:3113,checkHomogeneityRestriction
FNDA:7,isHomogeneityBlocked
FNDA:4,analyzePhonemeTypes
FNDA:1,getHomogeneityExamples
DA:23,3113
DA:24,11
DA:27,3102
DA:28,3102
DA:29,3102
DA:30,3102
DA:31,3102
DA:35,3102
DA:36,3079
DA:41,23
DA:42,4
DA:47,19
DA:49,0
DA:61,7
DA:72,4
DA:73,0
DA:80,4
DA:81,4
DA:82,4
DA:84,4
DA:86,4
DA:88,2
DA:91,4
DA:98,0
DA:112,1
LF:25
LH:22
BRDA:23,0,0,11
BRDA:23,0,1,3102
BRDA:23,1,0,3113
BRDA:23,1,1,3106
BRDA:35,2,0,3079
BRDA:35,2,1,23
BRDA:35,3,0,3102
BRDA:35,3,1,3070
BRDA:35,3,2,42
BRDA:35,3,3,29
BRDA:41,4,0,4
BRDA:41,4,1,19
BRDA:41,5,0,23
BRDA:41,5,1,13
BRDA:41,5,2,20
BRDA:41,5,3,10
BRDA:72,6,0,0
BRDA:72,6,1,4
BRDA:72,7,0,4
BRDA:72,7,1,4
BRDA:81,8,0,2
BRDA:81,8,1,2
BRDA:81,9,0,2
BRDA:81,9,1,0
BRDA:82,10,0,2
BRDA:82,10,1,2
BRDA:82,11,0,2
BRDA:82,11,1,0
BRDA:86,12,0,2
BRDA:86,12,1,2
BRDA:86,13,0,4
BRDA:86,13,1,2
BRDA:86,13,2,3
BRDA:86,13,3,2
BRF:34
BRH:31
end_of_record
TN:
SF:sutras/1.1.11/index.js
FN:28,isPragrhya
FN:45,isPragrhyaDualEnding
FN:77,preventsSandhi
FN:92,analyzePragrhyaStatus
FN:143,getPragrhyaExamples
FN:167,checkSandhiResistance
FNF:6
FNH:6
FNDA:10,isPragrhya
FNDA:4143,isPragrhyaDualEnding
FNDA:11,preventsSandhi
FNDA:19,analyzePragrhyaStatus
FNDA:1,getPragrhyaExamples
FNDA:11,checkSandhiResistance
DA:29,10
DA:30,0
DA:34,10
DA:46,4143
DA:47,17
DA:50,4126
DA:51,4126
DA:54,4126
DA:55,7
DA:57,7
DA:60,4119
DA:62,4119
DA:65,0
DA:78,11
DA:79,3
DA:82,8
DA:93,19
DA:94,0
DA:102,19
DA:105,19
DA:106,0
DA:108,19
DA:111,19
DA:112,19
DA:115,19
DA:116,1
DA:117,18
DA:118,5
DA:119,13
DA:120,3
DA:121,10
DA:122,3
DA:124,7
DA:127,19
DA:144,1
DA:145,0
DA:151,1
DA:168,11
DA:169,0
DA:173,11
DA:174,11
LF:41
LH:35
BRDA:28,0,0,1
BRDA:29,1,0,0
BRDA:29,1,1,10
BRDA:45,2,0,3
BRDA:46,3,0,17
BRDA:46,3,1,4126
BRDA:46,4,0,4143
BRDA:46,4,1,4137
BRDA:54,5,0,7
BRDA:54,5,1,4119
BRDA:77,6,0,0
BRDA:78,7,0,3
BRDA:78,7,1,8
BRDA:78,8,0,11
BRDA:78,8,1,9
BRDA:92,9,0,0
BRDA:93,10,0,0
BRDA:93,10,1,19
BRDA:105,11,0,0
BRDA:105,11,1,19
BRDA:111,12,0,19
BRDA:111,12,1,1
BRDA:115,13,0,1
BRDA:115,13,1,18
BRDA:117,14,0,5
BRDA:117,14,1,13
BRDA:117,15,0,18
BRDA:117,15,1,13
BRDA:118,16,0,5
BRDA:118,16,1,0
BRDA:119,17,0,3
BRDA:119,17,1,10
BRDA:119,18,0,13
BRDA:119,18,1,10
BRDA:120,19,0,3
BRDA:120,19,1,0
BRDA:121,20,0,3
BRDA:121,20,1,7
BRDA:121,21,0,10
BRDA:121,21,1,7
BRDA:122,22,0,3
BRDA:122,22,1,0
BRDA:132,23,0,19
BRDA:132,23,1,11
BRDA:143,24,0,1
BRDA:144,25,0,0
BRDA:144,25,1,1
BRDA:167,26,0,11
BRDA:168,27,0,0
BRDA:168,27,1,11
BRDA:168,28,0,11
BRDA:168,28,1,11
BRF:52
BRH:42
end_of_record
TN:
SF:sutras/1.1.12/index.js
FN:25,isPragrhyaAdasForm
FN:41,isPragrhya
FN:58,preventsSandhi
FNF:3
FNH:3
FNDA:18,isPragrhyaAdasForm
FNDA:12,isPragrhya
FNDA:16,preventsSandhi
DA:26,18
DA:27,3
DA:31,15
DA:42,12
DA:43,0
DA:47,12
DA:59,16
DA:60,3
DA:63,13
LF:9
LH:8
BRDA:26,0,0,3
BRDA:26,0,1,15
BRDA:41,1,0,9
BRDA:42,2,0,0
BRDA:42,2,1,12
BRDA:58,3,0,14
BRDA:59,4,0,3
BRDA:59,4,1,13
BRDA:59,5,0,16
BRDA:59,5,1,14
BRF:10
BRH:9
end_of_record
TN:
SF:sutras/1.1.13/index.js
FN:24,isPragrhyaSheAffix
FN:40,isPragrhya
FN:57,preventsSandhi
FNF:3
FNH:3
FNDA:13,isPragrhyaSheAffix
FNDA:15,isPragrhya
FNDA:12,preventsSandhi
DA:25,13
DA:26,3
DA:30,10
DA:41,15
DA:42,0
DA:46,15
DA:58,12
DA:59,3
DA:62,9
LF:9
LH:8
BRDA:25,0,0,3
BRDA:25,0,1,10
BRDA:40,1,0,14
BRDA:41,2,0,0
BRDA:41,2,1,15
BRDA:57,3,0,12
BRDA:58,4,0,3
BRDA:58,4,1,9
BRDA:58,5,0,12
BRDA:58,5,1,10
BRF:10
BRH:9
end_of_record
TN:
SF:sutras/1.1.14/index.js
FN:25,isPragrhyaSingleVowelParticle
FN:42,isPragrhya
FN:59,preventsSandhi
FNF:3
FNH:3
FNDA:24,isPragrhyaSingleVowelParticle
FNDA:140,isPragrhya
FNDA:11,preventsSandhi
DA:26,24
DA:27,6
DA:31,18
DA:32,18
DA:43,140
DA:44,0
DA:48,140
DA:60,11
DA:61,0
DA:64,11
LF:10
LH:8
BRDA:25,0,0,0
BRDA:26,1,0,6
BRDA:26,1,1,18
BRDA:26,2,0,24
BRDA:26,2,1,21
BRDA:42,3,0,3
BRDA:43,4,0,0
BRDA:43,4,1,140
BRDA:59,5,0,1
BRDA:60,6,0,0
BRDA:60,6,1,11
BRDA:60,7,0,11
BRDA:60,7,1,11
BRF:13
BRH:10
end_of_record
TN:
SF:sutras/1.1.15/index.js
FN:25,isPragrhyaParticleEndingInO
FN:51,isPragrhya
FN:78,preventsSandhi
FNF:3
FNH:3
FNDA:39,isPragrhyaParticleEndingInO
FNDA:123,isPragrhya
FNDA:12,preventsSandhi
DA:26,39
DA:27,7
DA:30,32
DA:31,32
DA:33,32
DA:34,7
DA:37,25
DA:40,0
DA:52,123
DA:53,0
DA:57,123
DA:58,8
DA:63,115
DA:64,22
DA:67,93
DA:79,12
DA:80,0
DA:83,12
LF:18
LH:15
BRDA:25,0,0,0
BRDA:26,1,0,7
BRDA:26,1,1,32
BRDA:26,2,0,39
BRDA:26,2,1,36
BRDA:33,3,0,7
BRDA:33,3,1,25
BRDA:51,4,0,3
BRDA:52,5,0,0
BRDA:52,5,1,123
BRDA:57,6,0,8
BRDA:57,6,1,115
BRDA:63,7,0,22
BRDA:63,7,1,93
BRDA:78,8,0,1
BRDA:79,9,0,0
BRDA:79,9,1,12
BRDA:79,10,0,12
BRDA:79,10,1,12
BRF:19
BRH:16
end_of_record
TN:
SF:sutras/1.1.16/index.js
FN:20,isPragrhyaVocativeO
FN:62,isPragrhya
FN:78,getVocativeOExamples
FN:93,hasPragrhyaBehavior
FNF:4
FNH:4
FNDA:102,isPragrhyaVocativeO
FNDA:93,isPragrhya
FNDA:5,getVocativeOExamples
FNDA:5,hasPragrhyaBehavior
DA:21,102
DA:22,2
DA:25,100
DA:26,100
DA:27,100
DA:30,100
DA:31,2
DA:35,98
DA:36,73
DA:40,25
DA:41,4
DA:45,21
DA:46,7
DA:48,14
DA:51,0
DA:64,93
DA:65,8
DA:69,85
DA:79,5
DA:80,2
DA:82,3
DA:94,5
LF:22
LH:21
BRDA:20,0,0,0
BRDA:21,1,0,2
BRDA:21,1,1,100
BRDA:27,2,0,66
BRDA:30,3,0,2
BRDA:30,3,1,98
BRDA:35,4,0,73
BRDA:35,4,1,25
BRDA:40,5,0,4
BRDA:40,5,1,21
BRDA:40,6,0,25
BRDA:40,6,1,5
BRDA:45,7,0,7
BRDA:45,7,1,14
BRDA:62,8,0,4
BRDA:64,9,0,8
BRDA:64,9,1,85
BRDA:78,10,0,1
BRDA:79,11,0,2
BRDA:79,11,1,3
BRDA:93,12,0,0
BRF:21
BRH:19
end_of_record
TN:
SF:sutras/1.1.17/index.js
FN:20,isPragrhyaUnj
FN:52,isPragrhya
FN:68,getUnjParticles
FN:83,hasPragrhyaBehavior
FNF:4
FNH:4
FNDA:81,isPragrhyaUnj
FNDA:74,isPragrhya
FNDA:5,getUnjParticles
FNDA:5,hasPragrhyaBehavior
DA:21,81
DA:22,2
DA:25,79
DA:26,79
DA:27,79
DA:30,79
DA:31,53
DA:35,26
DA:36,11
DA:38,15
DA:41,0
DA:54,74
DA:55,7
DA:59,67
DA:69,5
DA:70,2
DA:72,3
DA:84,5
LF:18
LH:17
BRDA:20,0,0,0
BRDA:21,1,0,2
BRDA:21,1,1,79
BRDA:30,2,0,53
BRDA:30,2,1,26
BRDA:30,3,0,79
BRDA:30,3,1,56
BRDA:35,4,0,11
BRDA:35,4,1,15
BRDA:36,5,0,11
BRDA:36,5,1,5
BRDA:38,6,0,15
BRDA:38,6,1,8
BRDA:52,7,0,1
BRDA:54,8,0,7
BRDA:54,8,1,67
BRDA:68,9,0,1
BRDA:69,10,0,2
BRDA:69,10,1,3
BRDA:83,11,0,0
BRF:20
BRH:18
end_of_record
TN:
SF:sutras/1.1.18/index.js
FN:20,isPragrhyaOm
FN:50,isPragrhya
FN:66,getOmForms
FN:80,isOmParticle
FN:104,hasPragrhyaBehavior
FNF:5
FNH:5
FNDA:67,isPragrhyaOm
FNDA:53,isPragrhya
FNDA:5,getOmForms
FNDA:12,isOmParticle
FNDA:5,hasPragrhyaBehavior
DA:21,67
DA:22,2
DA:25,65
DA:26,65
DA:27,65
DA:33,65
DA:34,29
DA:36,36
DA:39,0
DA:52,53
DA:53,5
DA:57,48
DA:67,5
DA:68,2
DA:70,3
DA:81,12
DA:82,2
DA:85,10
DA:86,10
DA:87,10
DA:88,4
DA:90,6
DA:93,0
DA:105,5
LF:24
LH:22
BRDA:20,0,0,14
BRDA:21,1,0,2
BRDA:21,1,1,65
BRDA:27,2,0,57
BRDA:33,3,0,29
BRDA:33,3,1,36
BRDA:34,4,0,29
BRDA:34,4,1,20
BRDA:34,4,2,16
BRDA:36,5,0,36
BRDA:36,5,1,34
BRDA:36,5,2,32
BRDA:50,6,0,13
BRDA:52,7,0,5
BRDA:52,7,1,48
BRDA:66,8,0,1
BRDA:67,9,0,2
BRDA:67,9,1,3
BRDA:81,10,0,2
BRDA:81,10,1,10
BRDA:87,11,0,4
BRDA:87,11,1,6
BRDA:104,12,0,4
BRF:23
BRH:23
end_of_record
TN:
SF:sutras/1.1.19/index.js
FN:21,isPragrhyaIU
FN:52,hasLocativeMeaning
FN:93,isPragrhya
FN:118,getLocativeIUExamples
FN:133,hasPragrhyaBehavior
FNF:5
FNH:5
FNDA:45,isPragrhyaIU
FNDA:27,hasLocativeMeaning
FNDA:28,isPragrhya
FNDA:5,getLocativeIUExamples
FNDA:5,hasPragrhyaBehavior
DA:22,45
DA:23,2
DA:26,43
DA:27,43
DA:28,43
DA:31,43
DA:32,8
DA:36,35
DA:37,13
DA:39,22
DA:42,0
DA:53,27
DA:54,2
DA:57,25
DA:58,25
DA:61,25
DA:72,25
DA:73,8
DA:77,17
DA:82,0
DA:95,28
DA:96,3
DA:100,25
DA:101,11
DA:105,11
DA:109,14
DA:119,5
DA:120,2
DA:122,3
DA:134,5
LF:30
LH:28
BRDA:21,0,0,0
BRDA:22,1,0,2
BRDA:22,1,1,43
BRDA:28,2,0,5
BRDA:31,3,0,8
BRDA:31,3,1,35
BRDA:31,4,0,43
BRDA:31,4,1,13
BRDA:36,5,0,13
BRDA:36,5,1,22
BRDA:37,6,0,13
BRDA:37,6,1,3
BRDA:39,7,0,22
BRDA:39,7,1,4
BRDA:53,8,0,2
BRDA:53,8,1,25
BRDA:72,9,0,8
BRDA:72,9,1,17
BRDA:73,10,0,8
BRDA:73,10,1,4
BRDA:73,10,2,3
BRDA:73,10,3,2
BRDA:73,10,4,2
BRDA:73,10,5,1
BRDA:77,11,0,17
BRDA:77,11,1,10
BRDA:77,11,2,7
BRDA:77,11,3,5
BRDA:77,11,4,7
BRDA:77,11,5,0
BRDA:93,12,0,11
BRDA:95,13,0,3
BRDA:95,13,1,25
BRDA:100,14,0,11
BRDA:100,14,1,14
BRDA:100,15,0,25
BRDA:100,15,1,13
BRDA:118,16,0,1
BRDA:119,17,0,2
BRDA:119,17,1,3
BRDA:133,18,0,2
BRF:41
BRH:39
end_of_record
TN:
SF:sutras/1.1.2/index.js
FN:24,getAllGunaVowels
FN:39,analyzeVowel
FN:83,applySutra112
FNF:3
FNH:3
FNDA:3,getAllGunaVowels
FNDA:24,analyzeVowel
FNDA:16,applySutra112
DA:25,3
DA:41,24
DA:42,24
DA:43,5
DA:54,19
DA:55,19
DA:58,19
DA:59,19
DA:60,12
DA:61,8
DA:63,19
DA:84,16
DA:86,16
DA:106,2
DA:107,2
LF:15
LH:15
BRDA:42,0,0,5
BRDA:42,0,1,19
BRDA:59,1,0,7
BRDA:59,1,1,12
BRDA:59,2,0,19
BRDA:59,2,1,14
BRDA:60,3,0,4
BRDA:60,3,1,8
BRDA:60,4,0,12
BRDA:60,4,1,9
BRDA:61,5,0,3
BRDA:61,5,1,5
BRDA:61,6,0,8
BRDA:61,6,1,5
BRDA:70,7,0,14
BRDA:70,7,1,5
BRDA:90,8,0,9
BRDA:90,8,1,7
BRDA:96,9,0,16
BRDA:96,9,1,7
BRF:20
BRH:20
end_of_record
TN:
SF:sutras/1.1.2/test-cases.js
FNF:0
FNH:0
DA:1,1
DA:57,1
LF:2
LH:2
BRF:0
BRH:0
end_of_record
TN:
SF:sutras/1.1.20/index.js
FN:19,isGhu
FN:45,getGhuRoots
FN:60,hasGhuBehavior
FNF:3
FNH:3
FNDA:41,isGhu
FNDA:4,getGhuRoots
FNDA:17,hasGhuBehavior
DA:20,41
DA:21,3
DA:24,38
DA:25,38
DA:27,38
DA:29,10
DA:32,28
DA:35,0
DA:46,4
DA:47,1
DA:49,3
DA:61,17
LF:12
LH:11
BRDA:20,0,0,3
BRDA:20,0,1,38
BRDA:27,1,0,10
BRDA:27,1,1,28
BRDA:45,2,0,2
BRDA:46,3,0,1
BRDA:46,3,1,3
BRDA:60,4,0,14
BRF:8
BRH:8
end_of_record
TN:
SF:sutras/1.1.21/index.js
FN:29,isSingleLetterOperation
FN:56,applyAdyantavat
FN:98,shouldApplyToSinglePhoneme
FN:141,getSingleLetterExamples
FN:156,isParibhashaApplicable
FNF:5
FNH:5
FNDA:11,isSingleLetterOperation
FNDA:7,applyAdyantavat
FNDA:14,shouldApplyToSinglePhoneme
FNDA:5,getSingleLetterExamples
FNDA:11,isParibhashaApplicable
DA:30,11
DA:33,9
DA:34,9
DA:37,5
DA:38,3
DA:42,2
DA:43,0
DA:46,2
DA:58,7
DA:59,2
DA:67,5
DA:68,1
DA:77,4
DA:81,4
DA:99,14
DA:100,2
DA:104,12
DA:105,12
DA:108,10
DA:109,10
DA:112,10
DA:114,7
DA:120,7
DA:124,3
DA:129,3
DA:132,0
DA:142,5
DA:143,2
DA:145,3
DA:157,11
DA:160,9
DA:162,9
DA:165,5
DA:168,3
DA:170,2
DA:172,1
LF:36
LH:34
BRDA:29,0,0,6
BRDA:30,1,0,2
BRDA:30,1,1,9
BRDA:34,2,0,4
BRDA:34,2,1,5
BRDA:37,3,0,3
BRDA:37,3,1,2
BRDA:37,4,0,5
BRDA:37,4,1,4
BRDA:42,5,0,0
BRDA:42,5,1,2
BRDA:42,6,0,2
BRDA:42,6,1,2
BRDA:56,7,0,5
BRDA:58,8,0,2
BRDA:58,8,1,5
BRDA:58,9,0,7
BRDA:58,9,1,5
BRDA:67,10,0,1
BRDA:67,10,1,4
BRDA:67,11,0,5
BRDA:67,11,1,1
BRDA:77,12,0,2
BRDA:77,12,1,2
BRDA:77,13,0,4
BRDA:77,13,1,4
BRDA:78,14,0,0
BRDA:78,14,1,2
BRDA:78,15,0,2
BRDA:78,15,1,2
BRDA:98,16,0,0
BRDA:99,17,0,2
BRDA:99,17,1,12
BRDA:99,18,0,14
BRDA:99,18,1,13
BRDA:105,19,0,2
BRDA:105,19,1,10
BRDA:108,20,0,10
BRDA:108,20,1,0
BRDA:108,21,0,10
BRDA:108,21,1,2
BRDA:109,22,0,10
BRDA:109,22,1,1
BRDA:112,23,0,7
BRDA:112,23,1,3
BRDA:112,24,0,10
BRDA:112,24,1,8
BRDA:112,24,2,5
BRDA:141,25,0,1
BRDA:142,26,0,2
BRDA:142,26,1,3
BRDA:156,27,0,4
BRDA:157,28,0,2
BRDA:157,28,1,9
BRDA:162,29,0,4
BRDA:162,29,1,5
BRDA:165,30,0,2
BRDA:165,30,1,3
BRDA:168,31,0,2
BRDA:168,31,1,1
BRDA:168,32,0,3
BRDA:168,32,1,2
BRDA:168,32,2,1
BRF:63
BRH:59
end_of_record
TN:
SF:sutras/1.1.22/index.js
FN:28,isGha
FN:52,getGhaAffixes
FN:67,hasGhaAffix
FN:76,(anonymous_3)
FN:88,identifyGhaType
FN:125,hasGhaBehavior
FN:135,getGhaExamples
FNF:7
FNH:7
FNDA:31,isGha
FNDA:3,getGhaAffixes
FNDA:35,hasGhaAffix
FNDA:57,(anonymous_3)
FNDA:10,identifyGhaType
FNDA:12,hasGhaBehavior
FNDA:5,getGhaExamples
DA:16,1
DA:29,31
DA:30,2
DA:33,29
DA:34,29
DA:36,29
DA:37,10
DA:39,19
DA:42,0
DA:53,3
DA:54,1
DA:56,2
DA:68,35
DA:69,2
DA:72,33
DA:73,33
DA:74,33
DA:76,57
DA:78,0
DA:89,10
DA:90,2
DA:93,8
DA:94,8
DA:96,8
DA:97,4
DA:98,2
DA:100,2
DA:101,2
DA:104,4
DA:105,2
DA:107,2
DA:108,1
DA:112,1
DA:114,0
DA:126,12
DA:136,5
DA:137,2
DA:142,3
LF:38
LH:35
BRDA:28,0,0,19
BRDA:29,1,0,2
BRDA:29,1,1,29
BRDA:36,2,0,10
BRDA:36,2,1,19
BRDA:52,3,0,1
BRDA:53,4,0,1
BRDA:53,4,1,2
BRDA:67,5,0,28
BRDA:68,6,0,2
BRDA:68,6,1,33
BRDA:74,7,0,13
BRDA:74,7,1,20
BRDA:89,8,0,2
BRDA:89,8,1,8
BRDA:96,9,0,4
BRDA:96,9,1,4
BRDA:97,10,0,2
BRDA:97,10,1,2
BRDA:100,11,0,2
BRDA:100,11,1,0
BRDA:104,12,0,2
BRDA:104,12,1,2
BRDA:107,13,0,1
BRDA:107,13,1,1
BRDA:125,14,0,10
BRDA:126,15,0,12
BRDA:126,15,1,7
BRDA:135,16,0,1
BRDA:136,17,0,2
BRDA:136,17,1,3
BRF:31
BRH:30
end_of_record
TN:
SF:sutras/1.1.23/index.js
FN:71,isSankhya
FN:80,(anonymous_1)
FN:90,getSankhyaWords
FN:99,identifySankhyaType
FN:131,hasSankhyaBehavior
FN:150,getSankhyaExamples
FN:168,isSankhyaType
FN:180,getSankhyaValue
FNF:8
FNH:8
FNDA:71,isSankhya
FNDA:197,(anonymous_1)
FNDA:8,getSankhyaWords
FNDA:42,identifySankhyaType
FNDA:12,hasSankhyaBehavior
FNDA:3,getSankhyaExamples
FNDA:14,isSankhyaType
FNDA:22,getSankhyaValue
DA:19,3
DA:72,71
DA:74,68
DA:75,68
DA:77,68
DA:80,68
DA:81,197
DA:91,8
DA:100,42
DA:101,2
DA:104,40
DA:105,40
DA:107,40
DA:108,0
DA:111,40
DA:112,92
DA:113,36
DA:122,4
DA:132,12
DA:135,10
DA:138,4
DA:139,2
DA:142,2
DA:151,3
DA:153,3
DA:169,14
DA:171,11
DA:172,11
DA:181,22
DA:183,20
DA:184,20
DA:186,13
DA:187,13
DA:188,13
DA:190,13
DA:193,13
DA:195,13
LF:37
LH:36
BRDA:72,0,0,3
BRDA:72,0,1,68
BRDA:72,1,0,71
BRDA:72,1,1,68
BRDA:77,2,0,0
BRDA:77,2,1,68
BRDA:90,3,0,1
BRDA:91,4,0,8
BRDA:91,4,1,0
BRDA:100,5,0,2
BRDA:100,5,1,40
BRDA:100,6,0,42
BRDA:100,6,1,40
BRDA:107,7,0,0
BRDA:107,7,1,40
BRDA:112,8,0,36
BRDA:112,8,1,56
BRDA:131,9,0,8
BRDA:132,10,0,2
BRDA:132,10,1,10
BRDA:135,11,0,6
BRDA:135,11,1,4
BRDA:138,12,0,2
BRDA:138,12,1,2
BRDA:138,13,0,4
BRDA:138,13,1,3
BRDA:150,14,0,2
BRDA:169,15,0,3
BRDA:169,15,1,11
BRDA:169,16,0,14
BRDA:169,16,1,12
BRDA:172,17,0,11
BRDA:172,17,1,10
BRDA:181,18,0,2
BRDA:181,18,1,20
BRDA:184,19,0,7
BRDA:184,19,1,13
BRDA:184,20,0,20
BRDA:184,20,1,18
BRDA:190,21,0,0
BRDA:190,21,1,13
BRDA:195,22,0,13
BRDA:195,22,1,0
BRF:43
BRH:38
end_of_record
TN:
SF:sutras/1.1.24/index.js
FN:66,isShat
FN:75,(anonymous_1)
FN:85,getShatNumerals
FN:94,checkShatEnding
FN:126,identifyShatType
FN:179,hasShatBehavior
FN:204,getShatExamples
FN:219,isShatWithEnding
FN:231,getPrimaryShatExample
FNF:9
FNH:9
FNDA:113,isShat
FNDA:195,(anonymous_1)
FNDA:8,getShatNumerals
FNDA:14,checkShatEnding
FNDA:26,identifyShatType
FNDA:12,hasShatBehavior
FNDA:3,getShatExamples
FNDA:13,isShatWithEnding
FNDA:5,getPrimaryShatExample
DA:22,2
DA:67,113
DA:69,110
DA:70,110
DA:72,110
DA:75,110
DA:76,195
DA:86,8
DA:95,14
DA:96,2
DA:99,12
DA:102,12
DA:103,9
DA:104,2
DA:106,7
DA:107,2
DA:109,3
DA:110,3
DA:111,1
DA:113,2
DA:114,1
DA:118,6
DA:127,26
DA:128,2
DA:132,24
DA:133,15
DA:134,15
DA:136,15
DA:137,22
DA:138,15
DA:142,15
DA:155,9
DA:156,4
DA:157,4
DA:158,0
DA:159,0
DA:170,9
DA:180,12
DA:183,10
DA:186,6
DA:187,6
DA:190,6
DA:193,4
DA:196,2
DA:205,3
DA:207,3
DA:220,13
DA:222,10
DA:223,10
DA:232,5
LF:50
LH:48
BRDA:67,0,0,3
BRDA:67,0,1,110
BRDA:67,1,0,113
BRDA:67,1,1,110
BRDA:72,2,0,0
BRDA:72,2,1,110
BRDA:85,3,0,1
BRDA:86,4,0,8
BRDA:86,4,1,0
BRDA:95,5,0,2
BRDA:95,5,1,12
BRDA:95,6,0,14
BRDA:95,6,1,12
BRDA:102,7,0,9
BRDA:102,7,1,3
BRDA:103,8,0,2
BRDA:103,8,1,7
BRDA:106,9,0,2
BRDA:106,9,1,5
BRDA:109,10,0,3
BRDA:109,10,1,0
BRDA:110,11,0,1
BRDA:110,11,1,2
BRDA:113,12,0,1
BRDA:113,12,1,1
BRDA:127,13,0,2
BRDA:127,13,1,24
BRDA:127,14,0,26
BRDA:127,14,1,24
BRDA:132,15,0,15
BRDA:132,15,1,9
BRDA:137,16,0,15
BRDA:137,16,1,7
BRDA:138,17,0,8
BRDA:138,17,1,7
BRDA:139,18,0,6
BRDA:139,18,1,2
BRDA:140,19,0,5
BRDA:140,19,1,2
BRDA:155,20,0,4
BRDA:155,20,1,5
BRDA:157,21,0,0
BRDA:157,21,1,4
BRDA:158,22,0,0
BRDA:158,22,1,0
BRDA:158,23,0,0
BRDA:158,23,1,0
BRDA:179,24,0,8
BRDA:180,25,0,2
BRDA:180,25,1,10
BRDA:183,26,0,4
BRDA:183,26,1,6
BRDA:187,27,0,0
BRDA:187,27,1,6
BRDA:190,28,0,4
BRDA:190,28,1,2
BRDA:190,29,0,6
BRDA:190,29,1,4
BRDA:190,29,2,3
BRDA:190,29,3,2
BRDA:190,29,4,1
BRDA:204,30,0,2
BRDA:220,31,0,3
BRDA:220,31,1,10
BRDA:220,32,0,13
BRDA:220,32,1,11
BRDA:223,33,0,10
BRDA:223,33,1,8
BRDA:231,34,0,3
BRDA:232,35,0,1
BRDA:232,35,1,4
BRF:71
BRH:62
end_of_record
TN:
SF:sutras/1.1.25/index.js
FN:59,hasDateAffix
FN:78,isShatByDati
FN:92,isShatExtended
FN:109,getDatiAffixForms
FN:118,analyzeDatiUsage
FN:155,identifyCompleteShatType
FN:198,hasCompleteShatBehavior
FN:218,getDatiShatExamples
FN:228,isInterrogativeDati
FN:244,isDemonstrativeDati
FNF:10
FNH:10
FNDA:15,hasDateAffix
FNDA:53,isShatByDati
FNDA:31,isShatExtended
FNDA:5,getDatiAffixForms
FNDA:11,analyzeDatiUsage
FNDA:7,identifyCompleteShatType
FNDA:12,hasCompleteShatBehavior
FNDA:2,getDatiShatExamples
FNDA:10,isInterrogativeDati
FNDA:12,isDemonstrativeDati
DA:29,1
DA:60,15
DA:62,13
DA:64,13
DA:65,8
DA:66,5
DA:67,5
DA:70,0
DA:79,53
DA:81,51
DA:82,51
DA:84,51
DA:93,31
DA:96,29
DA:99,22
DA:101,11
DA:110,5
DA:119,11
DA:120,2
DA:123,9
DA:126,9
DA:127,7
DA:137,2
DA:138,0
DA:147,2
DA:156,7
DA:157,2
DA:160,5
DA:163,5
DA:165,0
DA:166,0
DA:177,5
DA:178,5
DA:179,4
DA:189,1
DA:199,12
DA:202,10
DA:205,5
DA:207,2
DA:210,3
DA:219,2
DA:220,2
DA:229,10
DA:231,8
DA:232,8
DA:236,8
DA:245,12
DA:247,10
DA:248,10
DA:252,10
LF:50
LH:46
BRDA:60,0,0,2
BRDA:60,0,1,13
BRDA:60,1,0,15
BRDA:60,1,1,13
BRDA:64,2,0,8
BRDA:64,2,1,5
BRDA:65,3,0,8
BRDA:65,3,1,8
BRDA:66,4,0,5
BRDA:66,4,1,0
BRDA:67,5,0,5
BRDA:67,5,1,5
BRDA:79,6,0,2
BRDA:79,6,1,51
BRDA:79,7,0,53
BRDA:79,7,1,51
BRDA:82,8,0,51
BRDA:82,8,1,0
BRDA:93,9,0,2
BRDA:93,9,1,29
BRDA:93,10,0,31
BRDA:93,10,1,29
BRDA:96,11,0,7
BRDA:96,11,1,22
BRDA:99,12,0,11
BRDA:99,12,1,11
BRDA:109,13,0,1
BRDA:110,14,0,5
BRDA:110,14,1,0
BRDA:119,15,0,2
BRDA:119,15,1,9
BRDA:119,16,0,11
BRDA:119,16,1,9
BRDA:126,17,0,7
BRDA:126,17,1,2
BRDA:132,18,0,3
BRDA:132,18,1,4
BRDA:137,19,0,0
BRDA:137,19,1,2
BRDA:143,20,0,0
BRDA:143,20,1,0
BRDA:156,21,0,2
BRDA:156,21,1,5
BRDA:156,22,0,7
BRDA:156,22,1,5
BRDA:163,23,0,0
BRDA:163,23,1,5
BRDA:178,24,0,4
BRDA:178,24,1,1
BRDA:198,25,0,7
BRDA:199,26,0,2
BRDA:199,26,1,10
BRDA:202,27,0,5
BRDA:202,27,1,5
BRDA:205,28,0,2
BRDA:205,28,1,3
BRDA:205,29,0,5
BRDA:205,29,1,3
BRDA:205,29,2,2
BRDA:218,30,0,1
BRDA:229,31,0,2
BRDA:229,31,1,8
BRDA:232,32,0,5
BRDA:232,32,1,3
BRDA:245,33,0,2
BRDA:245,33,1,10
BRDA:248,34,0,6
BRDA:248,34,1,4
BRF:68
BRH:61
end_of_record
TN:
SF:sutras/1.1.26/index.js
FN:89,hasNishtha
FN:98,(anonymous_1)
FN:108,isKta
FN:122,isKtavatu
FN:136,getNishthaAffixes
FN:145,identifyNishthaType
FN:183,hasNishthaBehavior
FN:208,getNishthaExamples
FN:223,isNishthaType
FN:235,getNishthaRoot
FN:289,isPassiveParticiple
FN:298,isActiveParticiple
FNF:12
FNH:12
FNDA:113,hasNishtha
FNDA:199,(anonymous_1)
FNDA:40,isKta
FNDA:32,isKtavatu
FNDA:8,getNishthaAffixes
FNDA:19,identifyNishthaType
FNDA:14,hasNishthaBehavior
FNDA:3,getNishthaExamples
FNDA:13,isNishthaType
FNDA:17,getNishthaRoot
FNDA:9,isPassiveParticiple
FNDA:9,isActiveParticiple
DA:21,4
DA:90,113
DA:92,107
DA:93,107
DA:95,107
DA:98,107
DA:99,199
DA:109,40
DA:111,38
DA:112,38
DA:114,38
DA:123,32
DA:125,30
DA:126,30
DA:128,30
DA:137,8
DA:146,19
DA:147,2
DA:150,17
DA:152,17
DA:153,8
DA:163,9
DA:164,6
DA:174,3
DA:184,14
DA:187,12
DA:190,7
DA:192,3
DA:195,4
DA:197,2
DA:200,2
DA:209,3
DA:211,3
DA:224,13
DA:226,10
DA:227,10
DA:236,17
DA:238,15
DA:241,15
DA:281,15
DA:290,9
DA:299,9
LF:42
LH:42
BRDA:90,0,0,6
BRDA:90,0,1,107
BRDA:90,1,0,113
BRDA:90,1,1,107
BRDA:95,2,0,0
BRDA:95,2,1,107
BRDA:109,3,0,2
BRDA:109,3,1,38
BRDA:109,4,0,40
BRDA:109,4,1,38
BRDA:112,5,0,38
BRDA:112,5,1,0
BRDA:123,6,0,2
BRDA:123,6,1,30
BRDA:123,7,0,32
BRDA:123,7,1,30
BRDA:126,8,0,30
BRDA:126,8,1,0
BRDA:136,9,0,1
BRDA:137,10,0,8
BRDA:137,10,1,0
BRDA:146,11,0,2
BRDA:146,11,1,17
BRDA:146,12,0,19
BRDA:146,12,1,17
BRDA:152,13,0,8
BRDA:152,13,1,9
BRDA:156,14,0,6
BRDA:156,14,1,2
BRDA:163,15,0,6
BRDA:163,15,1,3
BRDA:167,16,0,4
BRDA:167,16,1,2
BRDA:183,17,0,8
BRDA:184,18,0,2
BRDA:184,18,1,12
BRDA:187,19,0,5
BRDA:187,19,1,7
BRDA:190,20,0,3
BRDA:190,20,1,4
BRDA:190,21,0,7
BRDA:190,21,1,3
BRDA:190,21,2,1
BRDA:195,22,0,2
BRDA:195,22,1,2
BRDA:195,23,0,4
BRDA:195,23,1,3
BRDA:195,23,2,3
BRDA:195,23,3,3
BRDA:208,24,0,2
BRDA:224,25,0,3
BRDA:224,25,1,10
BRDA:224,26,0,13
BRDA:224,26,1,11
BRDA:227,27,0,10
BRDA:227,27,1,8
BRDA:236,28,0,2
BRDA:236,28,1,15
BRDA:241,29,0,12
BRDA:241,29,1,3
BRDA:281,30,0,15
BRDA:281,30,1,3
BRF:62
BRH:58
end_of_record
TN:
SF:sutras/1.1.27/index.js
FN:43,isInflectedSarvadi
FN:76,isSarvanama
FN:92,(anonymous_2)
FN:98,(anonymous_3)
FN:121,getSarvadiWords
FN:136,hasSarvanamaBehavior
FNF:6
FNH:6
FNDA:20,isInflectedSarvadi
FNDA:171,isSarvanama
FNDA:79,(anonymous_2)
FNDA:797,(anonymous_3)
FNDA:5,getSarvadiWords
FNDA:10,hasSarvanamaBehavior
DA:16,3
DA:45,20
DA:65,20
DA:66,191
DA:67,590
DA:68,1
DA:73,19
DA:77,171
DA:78,3
DA:81,168
DA:82,168
DA:85,168
DA:86,19
DA:87,14
DA:90,5
DA:91,5
DA:92,79
DA:94,149
DA:95,123
DA:98,797
DA:99,26
DA:100,6
DA:103,20
DA:104,1
DA:107,19
DA:108,19
DA:111,0
DA:122,5
DA:123,2
DA:125,3
DA:138,10
DA:141,6
DA:144,4
LF:33
LH:32
BRDA:67,0,0,1
BRDA:67,0,1,589
BRDA:76,1,0,161
BRDA:77,2,0,3
BRDA:77,2,1,168
BRDA:85,3,0,19
BRDA:85,3,1,149
BRDA:86,4,0,14
BRDA:86,4,1,5
BRDA:91,5,0,5
BRDA:91,5,1,4
BRDA:94,6,0,123
BRDA:94,6,1,26
BRDA:99,7,0,6
BRDA:99,7,1,20
BRDA:103,8,0,1
BRDA:103,8,1,19
BRDA:121,9,0,1
BRDA:122,10,0,2
BRDA:122,10,1,3
BRDA:136,11,0,7
BRDA:138,12,0,6
BRDA:138,12,1,4
BRF:23
BRH:23
end_of_record
TN:
SF:sutras/1.1.28/index.js
FN:51,isDirectionRelated
FN:59,(anonymous_1)
FN:64,isDirectionalBahuvriihi
FN:78,(anonymous_3)
FN:81,hasVibhashaInDirectionalBahuvriihi
FN:93,checkOptionalSarvanamaInDirectionalBahuvriihi
FN:120,analyzeSarvanamaWithDirectionalException
FN:151,parseDirectionalCompound
FN:170,(anonymous_8)
FN:185,getDirectionalBahuvriihiExamples
FN:189,getDirectionTerms
FNF:11
FNH:11
FNDA:28,isDirectionRelated
FNDA:53,(anonymous_1)
FNDA:32,isDirectionalBahuvriihi
FNDA:169,(anonymous_3)
FNDA:8,hasVibhashaInDirectionalBahuvriihi
FNDA:12,checkOptionalSarvanamaInDirectionalBahuvriihi
FNDA:8,analyzeSarvanamaWithDirectionalException
FNDA:7,parseDirectionalCompound
FNDA:34,(anonymous_8)
FNDA:2,getDirectionalBahuvriihiExamples
FNDA:2,getDirectionTerms
DA:10,1
DA:38,1
DA:52,28
DA:54,26
DA:55,26
DA:57,26
DA:59,26
DA:60,53
DA:65,32
DA:67,30
DA:68,30
DA:70,30
DA:72,12
DA:73,12
DA:75,12
DA:78,169
DA:82,8
DA:84,6
DA:86,3
DA:87,0
DA:90,3
DA:94,12
DA:95,2
DA:98,10
DA:99,1
DA:102,9
DA:103,2
DA:106,7
DA:107,7
DA:108,2
DA:111,5
DA:121,8
DA:122,2
DA:125,6
DA:127,6
DA:128,1
DA:131,5
DA:133,5
DA:134,3
DA:143,2
DA:152,7
DA:153,2
DA:156,5
DA:157,5
DA:159,5
DA:160,5
DA:161,5
DA:163,5
DA:165,5
DA:166,4
DA:167,4
DA:170,34
DA:171,5
DA:172,4
DA:173,4
DA:176,5
DA:186,2
DA:190,2
LF:58
LH:57
BRDA:52,0,0,2
BRDA:52,0,1,26
BRDA:52,1,0,28
BRDA:52,1,1,26
BRDA:57,2,0,0
BRDA:57,2,1,26
BRDA:65,3,0,2
BRDA:65,3,1,30
BRDA:65,4,0,32
BRDA:65,4,1,30
BRDA:68,5,0,30
BRDA:68,5,1,0
BRDA:70,6,0,18
BRDA:70,6,1,12
BRDA:73,7,0,0
BRDA:73,7,1,12
BRDA:81,8,0,2
BRDA:82,9,0,2
BRDA:82,9,1,6
BRDA:82,10,0,8
BRDA:82,10,1,6
BRDA:84,11,0,3
BRDA:84,11,1,3
BRDA:86,12,0,0
BRDA:86,12,1,3
BRDA:86,13,0,3
BRDA:86,13,1,0
BRDA:87,14,0,0
BRDA:87,14,1,0
BRDA:93,15,0,2
BRDA:94,16,0,2
BRDA:94,16,1,10
BRDA:94,17,0,12
BRDA:94,17,1,10
BRDA:98,18,0,1
BRDA:98,18,1,9
BRDA:102,19,0,2
BRDA:102,19,1,7
BRDA:102,20,0,9
BRDA:102,20,1,2
BRDA:106,21,0,7
BRDA:106,21,1,0
BRDA:107,22,0,2
BRDA:107,22,1,5
BRDA:120,23,0,3
BRDA:121,24,0,2
BRDA:121,24,1,6
BRDA:121,25,0,8
BRDA:121,25,1,6
BRDA:127,26,0,1
BRDA:127,26,1,5
BRDA:133,27,0,3
BRDA:133,27,1,2
BRDA:152,28,0,2
BRDA:152,28,1,5
BRDA:152,29,0,7
BRDA:152,29,1,5
BRDA:163,30,0,5
BRDA:163,30,1,0
BRDA:165,31,0,4
BRDA:165,31,1,1
BRDA:165,32,0,5
BRDA:165,32,1,1
BRDA:165,32,2,1
BRDA:171,33,0,4
BRDA:171,33,1,1
BRDA:180,34,0,5
BRDA:180,34,1,4
BRDA:181,35,0,5
BRDA:181,35,1,4
BRDA:185,36,0,1
BRDA:186,37,0,2
BRDA:186,37,1,0
BRDA:189,38,0,1
BRDA:190,39,0,2
BRDA:190,39,1,0
BRF:76
BRH:65
end_of_record
TN:
SF:sutras/1.1.29/index.js
FN:21,checkSarvanamaNegationInBahuvriihi
FN:57,checkSarvanamaNegationInInstrumental
FN:120,isDvandvaCompound
FN:135,checkSarvanamaNegationInDvandva
FN:166,analyzeSarvanamaWithCompoundExceptions
FN:211,(anonymous_5)
FN:220,getApplicableNegationSutras
FN:250,getDvandvaExamples
FN:260,losesSarvanamaInCompound
FN:273,getSarvanamaNegationReason
FNF:10
FNH:10
FNDA:22,checkSarvanamaNegationInBahuvriihi
FNDA:25,checkSarvanamaNegationInInstrumental
FNDA:34,isDvandvaCompound
FNDA:23,checkSarvanamaNegationInDvandva
FNDA:19,analyzeSarvanamaWithCompoundExceptions
FNDA:12,(anonymous_5)
FNDA:8,getApplicableNegationSutras
FNDA:2,getDvandvaExamples
FNDA:8,losesSarvanamaInCompound
FNDA:2,getSarvanamaNegationReason
DA:22,22
DA:23,2
DA:27,20
DA:28,1
DA:32,19
DA:33,9
DA:41,10
DA:58,25
DA:59,2
DA:63,23
DA:64,1
DA:68,22
DA:73,7
DA:81,15
DA:92,1
DA:121,34
DA:123,26
DA:124,26
DA:126,26
DA:136,23
DA:137,2
DA:141,21
DA:142,1
DA:146,20
DA:149,6
DA:157,14
DA:167,19
DA:168,2
DA:172,17
DA:174,17
DA:175,1
DA:183,16
DA:186,16
DA:187,16
DA:188,7
DA:192,16
DA:193,16
DA:194,2
DA:198,16
DA:199,16
DA:200,3
DA:204,16
DA:206,16
DA:211,12
DA:221,8
DA:224,8
DA:225,3
DA:229,8
DA:232,3
DA:236,8
DA:239,2
DA:242,8
DA:251,2
DA:261,8
DA:263,7
DA:264,7
DA:274,2
DA:276,2
DA:277,1
DA:280,1
LF:60
LH:60
BRDA:21,0,0,2
BRDA:22,1,0,2
BRDA:22,1,1,20
BRDA:22,2,0,22
BRDA:22,2,1,20
BRDA:27,3,0,1
BRDA:27,3,1,19
BRDA:32,4,0,9
BRDA:32,4,1,10
BRDA:32,5,0,19
BRDA:32,5,1,11
BRDA:57,6,0,2
BRDA:58,7,0,2
BRDA:58,7,1,23
BRDA:58,8,0,25
BRDA:58,8,1,23
BRDA:63,9,0,1
BRDA:63,9,1,22
BRDA:68,10,0,7
BRDA:68,10,1,15
BRDA:68,11,0,22
BRDA:68,11,1,20
BRDA:68,11,2,19
BRDA:68,11,3,17
BRDA:68,11,4,16
BRDA:121,12,0,8
BRDA:121,12,1,26
BRDA:121,13,0,34
BRDA:121,13,1,26
BRDA:124,14,0,26
BRDA:124,14,1,0
BRDA:135,15,0,2
BRDA:136,16,0,2
BRDA:136,16,1,21
BRDA:136,17,0,23
BRDA:136,17,1,21
BRDA:141,18,0,1
BRDA:141,18,1,20
BRDA:146,19,0,6
BRDA:146,19,1,14
BRDA:146,20,0,20
BRDA:146,20,1,17
BRDA:146,20,2,16
BRDA:148,21,0,16
BRDA:148,21,1,12
BRDA:166,22,0,3
BRDA:167,23,0,2
BRDA:167,23,1,17
BRDA:167,24,0,19
BRDA:167,24,1,17
BRDA:174,25,0,1
BRDA:174,25,1,16
BRDA:187,26,0,7
BRDA:187,26,1,9
BRDA:193,27,0,2
BRDA:193,27,1,14
BRDA:199,28,0,3
BRDA:199,28,1,13
BRDA:208,29,0,11
BRDA:208,29,1,5
BRDA:220,30,0,0
BRDA:224,31,0,3
BRDA:224,31,1,5
BRDA:224,32,0,8
BRDA:224,32,1,5
BRDA:229,33,0,3
BRDA:229,33,1,5
BRDA:229,34,0,8
BRDA:229,34,1,6
BRDA:229,34,2,6
BRDA:236,35,0,2
BRDA:236,35,1,6
BRDA:236,36,0,8
BRDA:236,36,1,6
BRDA:236,36,2,6
BRDA:250,37,0,1
BRDA:251,38,0,2
BRDA:251,38,1,0
BRDA:260,39,0,0
BRDA:261,40,0,1
BRDA:261,40,1,7
BRDA:261,41,0,8
BRDA:261,41,1,8
BRDA:264,42,0,7
BRDA:264,42,1,4
BRDA:273,43,0,0
BRDA:276,44,0,1
BRDA:276,44,1,1
BRF:88
BRH:83
end_of_record
TN:
SF:sutras/1.1.3/index.js
FN:60,applyGunaToIk
FN:76,applyVrddhiToIk
FN:92,getGunaVrddhiScope
FN:103,(anonymous_3)
FN:133,getGunaVrddhiScopeDetailed
FN:150,(anonymous_5)
FN:170,(anonymous_6)
FN:186,getVrddhiForm
FN:200,(anonymous_8)
FN:212,isValidVrddhiTransformation
FN:227,isOperationApplicable
FN:247,applySutra113
FN:259,(anonymous_12)
FN:259,(anonymous_13)
FNF:14
FNH:11
FNDA:74,applyGunaToIk
FNDA:74,applyVrddhiToIk
FNDA:5,getGunaVrddhiScope
FNDA:19,(anonymous_3)
FNDA:25,getGunaVrddhiScopeDetailed
FNDA:45,(anonymous_5)
FNDA:45,(anonymous_6)
FNDA:0,getVrddhiForm
FNDA:0,(anonymous_8)
FNDA:0,isValidVrddhiTransformation
FNDA:38,isOperationApplicable
FNDA:16,applySutra113
FNDA:29,(anonymous_12)
FNDA:21,(anonymous_13)
DA:61,74
DA:62,20
DA:65,54
DA:77,74
DA:78,20
DA:81,54
DA:94,5
DA:95,5
DA:96,0
DA:100,5
DA:103,19
DA:124,5
DA:135,25
DA:136,25
DA:137,4
DA:147,21
DA:150,45
DA:166,21
DA:170,45
DA:188,0
DA:189,0
DA:193,0
DA:195,0
DA:196,0
DA:200,0
DA:201,0
DA:213,0
DA:215,0
DA:216,0
DA:228,38
DA:229,6
DA:232,32
DA:233,15
DA:234,17
DA:235,15
DA:238,2
DA:248,16
DA:250,16
DA:259,29
DA:269,2
DA:270,2
LF:41
LH:30
BRDA:61,0,0,20
BRDA:61,0,1,54
BRDA:77,1,0,20
BRDA:77,1,1,54
BRDA:95,2,0,0
BRDA:95,2,1,5
BRDA:112,3,0,7
BRDA:112,3,1,12
BRDA:116,4,0,7
BRDA:116,4,1,12
BRDA:117,5,0,7
BRDA:117,5,1,12
BRDA:118,6,0,7
BRDA:118,6,1,12
BRDA:136,7,0,4
BRDA:136,7,1,21
BRDA:154,8,0,29
BRDA:154,8,1,16
BRDA:158,9,0,29
BRDA:158,9,1,16
BRDA:159,10,0,29
BRDA:159,10,1,16
BRDA:160,11,0,29
BRDA:160,11,1,16
BRDA:188,12,0,0
BRDA:188,12,1,0
BRDA:188,13,0,0
BRDA:188,13,1,0
BRDA:188,13,2,0
BRDA:195,14,0,0
BRDA:195,14,1,0
BRDA:195,15,0,0
BRDA:195,15,1,0
BRDA:201,16,0,0
BRDA:201,16,1,0
BRDA:213,17,0,0
BRDA:213,17,1,0
BRDA:213,18,0,0
BRDA:213,18,1,0
BRDA:228,19,0,6
BRDA:228,19,1,32
BRDA:232,20,0,15
BRDA:232,20,1,17
BRDA:234,21,0,15
BRDA:234,21,1,2
BRDA:255,22,0,16
BRDA:255,22,1,4
BRDA:256,23,0,16
BRDA:256,23,1,4
BRDA:259,24,0,16
BRDA:259,24,1,0
BRF:51
BRH:34
end_of_record
TN:
SF:sutras/1.1.3/test-cases.js
FNF:0
FNH:0
DA:1,1
DA:57,1
LF:2
LH:2
BRF:0
BRH:0
end_of_record
TN:
SF:sutras/1.1.30/index.js
FN:31,isTritiyasamasa
FN:59,loseSarvanameInTritiyasamasa
FN:83,isSarvanama
FN:112,analyzeCompoundSarvaname
FN:126,(anonymous_4)
FN:138,(anonymous_5)
FN:150,getTritiyasamasaExamples
FN:188,validateSarvanameInCompound
FN:197,(anonymous_8)
FNF:9
FNH:9
FNDA:42,isTritiyasamasa
FNDA:31,loseSarvanameInTritiyasamasa
FNDA:25,isSarvanama
FNDA:6,analyzeCompoundSarvaname
FNDA:8,(anonymous_4)
FNDA:2,(anonymous_5)
FNDA:2,getTritiyasamasaExamples
FNDA:2,validateSarvanameInCompound
FNDA:3,(anonymous_8)
DA:19,1
DA:32,42
DA:33,3
DA:37,39
DA:39,23
DA:44,16
DA:46,2
DA:49,14
DA:60,31
DA:61,2
DA:65,29
DA:68,29
DA:69,3
DA:73,26
DA:84,25
DA:85,2
DA:89,23
DA:92,23
DA:93,8
DA:97,15
DA:98,9
DA:101,6
DA:113,6
DA:114,2
DA:122,4
DA:123,4
DA:124,4
DA:126,4
DA:127,8
DA:128,2
DA:130,6
DA:134,4
DA:139,2
DA:151,2
DA:152,1
DA:165,1
DA:189,2
DA:191,2
DA:198,3
LF:39
LH:39
BRDA:31,0,0,4
BRDA:32,1,0,3
BRDA:32,1,1,39
BRDA:37,2,0,23
BRDA:37,2,1,16
BRDA:37,3,0,39
BRDA:37,3,1,19
BRDA:44,4,0,2
BRDA:44,4,1,14
BRDA:44,5,0,16
BRDA:44,5,1,15
BRDA:59,6,0,1
BRDA:60,7,0,2
BRDA:60,7,1,29
BRDA:65,8,0,29
BRDA:65,8,1,3
BRDA:68,9,0,3
BRDA:68,9,1,26
BRDA:73,10,0,26
BRDA:73,10,1,4
BRDA:83,11,0,1
BRDA:84,12,0,2
BRDA:84,12,1,23
BRDA:89,13,0,23
BRDA:89,13,1,8
BRDA:92,14,0,8
BRDA:92,14,1,15
BRDA:97,15,0,9
BRDA:97,15,1,6
BRDA:112,16,0,0
BRDA:112,17,0,0
BRDA:113,18,0,2
BRDA:113,18,1,4
BRDA:113,19,0,6
BRDA:113,19,1,5
BRDA:127,20,0,2
BRDA:127,20,1,6
BRDA:138,21,0,4
BRDA:138,21,1,2
BRDA:139,22,0,2
BRDA:139,22,1,0
BRDA:150,23,0,0
BRDA:151,24,0,1
BRDA:151,24,1,1
BRDA:188,25,0,0
BRDA:188,26,0,0
BRDA:198,27,0,3
BRDA:198,27,1,2
BRDA:200,28,0,1
BRDA:200,28,1,1
BRF:50
BRH:44
end_of_record
TN:
SF:sutras/1.1.31/index.js
FN:44,isDvandva
FN:82,loseSarvanameInDvandva
FN:106,isSarvanama
FN:135,analyzeDvandvaSarvaname
FN:149,(anonymous_4)
FN:161,(anonymous_5)
FN:174,analyzeDvandvaPatterns
FN:217,(anonymous_7)
FN:237,getDvandvaExamples
FN:281,validateSarvanameInDvandva
FN:293,(anonymous_10)
FN:310,analyzeCombinedSarvanameExceptions
FN:319,(anonymous_12)
FNF:13
FNH:13
FNDA:71,isDvandva
FNDA:49,loseSarvanameInDvandva
FNDA:39,isSarvanama
FNDA:10,analyzeDvandvaSarvaname
FNDA:18,(anonymous_4)
FNDA:4,(anonymous_5)
FNDA:10,analyzeDvandvaPatterns
FNDA:47,(anonymous_7)
FNDA:2,getDvandvaExamples
FNDA:2,validateSarvanameInDvandva
FNDA:3,(anonymous_10)
FNDA:3,analyzeCombinedSarvanameExceptions
FNDA:1,(anonymous_12)
DA:32,1
DA:45,71
DA:46,3
DA:50,68
DA:53,37
DA:57,31
DA:60,5
DA:64,26
DA:69,5
DA:72,21
DA:83,49
DA:84,2
DA:88,47
DA:91,47
DA:92,4
DA:96,43
DA:107,39
DA:108,2
DA:112,37
DA:115,37
DA:116,8
DA:120,29
DA:121,20
DA:124,9
DA:136,10
DA:137,2
DA:145,8
DA:146,8
DA:147,8
DA:149,8
DA:150,18
DA:151,4
DA:153,14
DA:157,8
DA:162,4
DA:175,10
DA:176,2
DA:184,8
DA:185,8
DA:186,8
DA:187,8
DA:190,8
DA:191,1
DA:192,1
DA:196,8
DA:199,1
DA:200,1
DA:204,8
DA:205,1
DA:209,8
DA:216,8
DA:217,47
DA:218,8
DA:219,8
DA:223,8
DA:238,2
DA:239,1
DA:255,1
DA:282,2
DA:283,2
DA:285,2
DA:294,3
DA:312,3
DA:317,3
DA:320,1
DA:324,3
DA:327,3
DA:329,3
LF:68
LH:68
BRDA:44,0,0,4
BRDA:45,1,0,3
BRDA:45,1,1,68
BRDA:50,2,0,37
BRDA:50,2,1,31
BRDA:50,3,0,68
BRDA:50,3,1,35
BRDA:50,3,2,32
BRDA:57,4,0,5
BRDA:57,4,1,26
BRDA:57,5,0,31
BRDA:57,5,1,28
BRDA:57,5,2,27
BRDA:64,6,0,5
BRDA:64,6,1,21
BRDA:64,7,0,26
BRDA:64,7,1,25
BRDA:64,7,2,24
BRDA:64,7,3,23
BRDA:64,7,4,22
BRDA:82,8,0,1
BRDA:83,9,0,2
BRDA:83,9,1,47
BRDA:88,10,0,47
BRDA:88,10,1,4
BRDA:91,11,0,4
BRDA:91,11,1,43
BRDA:96,12,0,43
BRDA:96,12,1,6
BRDA:106,13,0,1
BRDA:107,14,0,2
BRDA:107,14,1,37
BRDA:112,15,0,37
BRDA:112,15,1,8
BRDA:115,16,0,8
BRDA:115,16,1,29
BRDA:120,17,0,20
BRDA:120,17,1,9
BRDA:135,18,0,0
BRDA:135,19,0,0
BRDA:136,20,0,2
BRDA:136,20,1,8
BRDA:136,21,0,10
BRDA:136,21,1,9
BRDA:150,22,0,4
BRDA:150,22,1,14
BRDA:161,23,0,8
BRDA:161,23,1,4
BRDA:162,24,0,4
BRDA:162,24,1,0
BRDA:174,25,0,0
BRDA:175,26,0,2
BRDA:175,26,1,8
BRDA:175,27,0,10
BRDA:175,27,1,9
BRDA:190,28,0,1
BRDA:190,28,1,7
BRDA:196,29,0,1
BRDA:196,29,1,7
BRDA:196,30,0,8
BRDA:196,30,1,8
BRDA:196,30,2,8
BRDA:196,30,3,7
BRDA:196,30,4,7
BRDA:196,30,5,7
BRDA:204,31,0,1
BRDA:204,31,1,7
BRDA:204,32,0,8
BRDA:204,32,1,1
BRDA:217,33,0,8
BRDA:217,33,1,18
BRDA:237,34,0,0
BRDA:238,35,0,1
BRDA:238,35,1,1
BRDA:281,36,0,0
BRDA:281,37,0,0
BRDA:294,38,0,3
BRDA:294,38,1,1
BRDA:296,39,0,1
BRDA:296,39,1,1
BRDA:310,40,0,0
BRDA:310,41,0,0
BRDA:312,42,0,3
BRDA:312,42,1,2
BRDA:312,42,2,2
BRDA:312,42,3,2
BRDA:319,43,0,3
BRDA:319,43,1,1
BRDA:320,44,0,1
BRDA:320,44,1,0
BRDA:327,45,0,3
BRDA:327,45,1,2
BRDA:339,46,0,2
BRDA:339,46,1,1
BRF:94
BRH:84
end_of_record
TN:
SF:sutras/1.1.32/index.js
FN:24,applySutra1_1_32
FN:55,(anonymous_1)
FN:76,isDvandvaCompound
FN:86,isNominativePlural
FN:97,testSutra1_1_32
FNF:5
FNH:5
FNDA:9,applySutra1_1_32
FNDA:8,(anonymous_1)
FNDA:4,isDvandvaCompound
FNDA:4,isNominativePlural
FNDA:1,testSutra1_1_32
DA:25,9
DA:34,9
DA:35,0
DA:36,0
DA:40,9
DA:41,1
DA:42,1
DA:46,8
DA:47,1
DA:48,1
DA:52,7
DA:54,7
DA:55,7
DA:56,8
DA:59,7
DA:60,1
DA:61,1
DA:64,6
DA:65,6
DA:66,6
DA:68,6
DA:77,4
DA:78,2
DA:87,4
DA:88,3
DA:98,1
DA:100,1
LF:27
LH:25
BRDA:24,0,0,0
BRDA:34,1,0,0
BRDA:34,1,1,9
BRDA:40,2,0,1
BRDA:40,2,1,8
BRDA:40,3,0,9
BRDA:40,3,1,9
BRDA:40,3,2,9
BRDA:46,4,0,1
BRDA:46,4,1,7
BRDA:46,5,0,8
BRDA:46,5,1,8
BRDA:46,5,2,7
BRDA:54,6,0,7
BRDA:54,6,1,0
BRDA:56,7,0,8
BRDA:56,7,1,2
BRDA:59,8,0,1
BRDA:59,8,1,6
BRDA:77,9,0,2
BRDA:77,9,1,2
BRDA:77,10,0,4
BRDA:77,10,1,3
BRDA:87,11,0,1
BRDA:87,11,1,3
BRDA:88,12,0,3
BRDA:88,12,1,2
BRF:27
BRH:24
end_of_record
TN:
SF:sutras/1.1.33/index.js
FN:30,applySutra1_1_33
FN:70,hasTayaAffix
FN:80,getWordBase
FN:90,isNominativePlural
FN:101,validateWord1_1_33
FN:120,testSutra1_1_33
FNF:6
FNH:4
FNDA:6,applySutra1_1_33
FNDA:4,hasTayaAffix
FNDA:3,getWordBase
FNDA:0,isNominativePlural
FNDA:2,validateWord1_1_33
FNDA:0,testSutra1_1_33
DA:31,6
DA:40,6
DA:41,1
DA:42,1
DA:46,5
DA:48,5
DA:49,4
DA:50,4
DA:51,4
DA:54,4
DA:55,4
DA:56,4
DA:58,1
DA:61,5
DA:72,4
DA:82,3
DA:92,0
DA:103,2
DA:106,2
DA:121,0
DA:122,0
DA:124,0
LF:22
LH:18
BRDA:30,0,0,0
BRDA:40,1,0,1
BRDA:40,1,1,5
BRDA:48,2,0,4
BRDA:48,2,1,1
BRDA:51,3,0,1
BRDA:51,3,1,3
BRF:7
BRH:6
end_of_record
TN:
SF:sutras/1.1.34/index.js
FN:22,applySutra1_1_34
FN:69,analyzeNipata
FN:138,analyzepratipadikaContext
FN:199,validateNipatapratipadika
FN:237,testSutra1_1_34
FNF:5
FNH:5
FNDA:39,applySutra1_1_34
FNDA:97,analyzeNipata
FNDA:38,analyzepratipadikaContext
FNDA:8,validateNipatapratipadika
FNDA:3,testSutra1_1_34
DA:23,39
DA:33,39
DA:34,3
DA:35,3
DA:39,36
DA:41,36
DA:42,5
DA:43,5
DA:47,31
DA:49,31
DA:50,0
DA:51,0
DA:54,31
DA:55,31
DA:56,31
DA:57,31
DA:58,31
DA:60,31
DA:71,97
DA:72,0
DA:79,97
DA:80,4
DA:88,93
DA:89,93
DA:90,93
DA:91,82
DA:100,11
DA:103,11
DA:106,11
DA:107,10
DA:114,1
DA:115,5
DA:116,0
DA:125,1
DA:140,38
DA:141,0
DA:148,38
DA:149,2
DA:157,36
DA:166,36
DA:167,31
DA:175,5
DA:177,5
DA:178,5
DA:185,0
DA:200,8
DA:201,8
DA:204,8
DA:205,8
DA:206,6
DA:207,6
DA:208,6
DA:212,8
DA:213,8
DA:214,6
DA:215,6
DA:218,8
DA:238,3
DA:239,3
DA:242,3
DA:252,3
LF:61
LH:55
BRDA:22,0,0,6
BRDA:33,1,0,3
BRDA:33,1,1,36
BRDA:33,2,0,39
BRDA:33,2,1,37
BRDA:41,3,0,5
BRDA:41,3,1,31
BRDA:49,4,0,0
BRDA:49,4,1,31
BRDA:69,5,0,52
BRDA:71,6,0,0
BRDA:71,6,1,97
BRDA:71,7,0,97
BRDA:71,7,1,97
BRDA:79,8,0,4
BRDA:79,8,1,93
BRDA:79,9,0,97
BRDA:79,9,1,97
BRDA:82,10,0,4
BRDA:82,10,1,2
BRDA:90,11,0,82
BRDA:90,11,1,11
BRDA:106,12,0,10
BRDA:106,12,1,1
BRDA:115,13,0,0
BRDA:115,13,1,5
BRDA:138,14,0,1
BRDA:140,15,0,0
BRDA:140,15,1,38
BRDA:140,16,0,38
BRDA:140,16,1,38
BRDA:148,17,0,2
BRDA:148,17,1,36
BRDA:148,18,0,38
BRDA:148,18,1,38
BRDA:151,19,0,2
BRDA:151,19,1,0
BRDA:166,20,0,31
BRDA:166,20,1,5
BRDA:166,21,0,36
BRDA:166,21,1,31
BRDA:177,22,0,5
BRDA:177,22,1,0
BRDA:177,23,0,5
BRDA:177,23,1,0
BRDA:199,24,0,2
BRDA:205,25,0,6
BRDA:205,25,1,2
BRDA:207,26,0,5
BRDA:207,26,1,1
BRDA:208,27,0,1
BRDA:208,27,1,5
BRDA:213,28,0,6
BRDA:213,28,1,2
BRDA:225,29,0,6
BRDA:225,29,1,2
BRDA:237,30,0,2
BRF:57
BRH:50
end_of_record
TN:
SF:sutras/1.1.35/index.js
FN:25,applySutra1_1_35
FN:73,analyzeKrinvadiVerb
FN:154,analyzeTransitivityContext
FN:203,validateKrinvadiTransitive
FN:263,testSutra1_1_35
FNF:5
FNH:5
FNDA:44,applySutra1_1_35
FNDA:85,analyzeKrinvadiVerb
FNDA:45,analyzeTransitivityContext
FNDA:9,validateKrinvadiTransitive
FNDA:3,testSutra1_1_35
DA:17,1
DA:27,44
DA:28,3
DA:37,41
DA:39,41
DA:40,5
DA:50,36
DA:52,36
DA:75,85
DA:76,0
DA:83,85
DA:84,2
DA:92,83
DA:95,83
DA:97,83
DA:98,74
DA:99,74
DA:114,9
DA:116,9
DA:117,72
DA:118,0
DA:121,0
DA:123,0
DA:125,0
DA:126,0
DA:141,9
DA:156,45
DA:157,1
DA:164,44
DA:165,1
DA:174,43
DA:176,43
DA:177,39
DA:178,39
DA:188,4
DA:205,9
DA:206,1
DA:214,8
DA:216,8
DA:217,2
DA:227,6
DA:229,6
DA:230,4
DA:233,6
DA:234,6
DA:238,6
DA:240,6
DA:264,3
DA:265,3
DA:267,3
LF:50
LH:44
BRDA:25,0,0,5
BRDA:27,1,0,3
BRDA:27,1,1,41
BRDA:27,2,0,44
BRDA:27,2,1,42
BRDA:39,3,0,5
BRDA:39,3,1,36
BRDA:73,4,0,43
BRDA:75,5,0,0
BRDA:75,5,1,85
BRDA:75,6,0,85
BRDA:75,6,1,85
BRDA:83,7,0,2
BRDA:83,7,1,83
BRDA:83,8,0,85
BRDA:83,8,1,85
BRDA:83,8,2,84
BRDA:97,9,0,74
BRDA:97,9,1,9
BRDA:101,10,0,74
BRDA:101,10,1,52
BRDA:102,11,0,22
BRDA:102,11,1,52
BRDA:109,12,0,22
BRDA:109,12,1,52
BRDA:117,13,0,0
BRDA:117,13,1,72
BRDA:123,14,0,0
BRDA:123,14,1,0
BRDA:125,15,0,0
BRDA:125,15,1,0
BRDA:154,16,0,2
BRDA:156,17,0,1
BRDA:156,17,1,44
BRDA:156,18,0,45
BRDA:156,18,1,44
BRDA:164,19,0,1
BRDA:164,19,1,43
BRDA:164,20,0,44
BRDA:164,20,1,44
BRDA:176,21,0,39
BRDA:176,21,1,4
BRDA:176,22,0,43
BRDA:176,22,1,43
BRDA:177,23,0,39
BRDA:177,23,1,0
BRDA:203,24,0,3
BRDA:205,25,0,1
BRDA:205,25,1,8
BRDA:205,26,0,9
BRDA:205,26,1,8
BRDA:216,27,0,2
BRDA:216,27,1,6
BRDA:229,28,0,4
BRDA:229,28,1,2
BRDA:229,29,0,6
BRDA:229,29,1,6
BRDA:233,30,0,6
BRDA:233,30,1,0
BRDA:233,31,0,6
BRDA:233,31,1,6
BRDA:252,32,0,6
BRDA:252,32,1,0
BRDA:253,33,0,6
BRDA:253,33,1,0
BRDA:263,34,0,2
BRF:66
BRH:56
end_of_record
TN:
SF:sutras/1.1.36/index.js
FN:26,applySutra1_1_36
FN:74,analyzeVikaranaPresence
FN:188,analyzeIntransitivityContext
FN:237,validateAvikaranaIntransitive
FN:304,testSutra1_1_36
FNF:5
FNH:5
FNDA:51,applySutra1_1_36
FNDA:97,analyzeVikaranaPresence
FNDA:53,analyzeIntransitivityContext
FNDA:23,validateAvikaranaIntransitive
FNDA:4,testSutra1_1_36
DA:18,1
DA:28,51
DA:29,3
DA:38,48
DA:40,48
DA:41,4
DA:52,44
DA:54,44
DA:76,97
DA:77,0
DA:84,97
DA:85,2
DA:93,95
DA:96,95
DA:99,95
DA:102,95
DA:103,77
DA:104,77
DA:119,18
DA:120,12
DA:121,12
DA:133,6
DA:135,6
DA:136,48
DA:137,0
DA:140,0
DA:142,0
DA:144,0
DA:145,0
DA:161,6
DA:163,6
DA:164,16
DA:165,4
DA:175,2
DA:190,53
DA:191,1
DA:198,52
DA:199,1
DA:208,51
DA:210,51
DA:211,30
DA:212,30
DA:222,21
DA:239,23
DA:240,1
DA:248,22
DA:250,22
DA:251,2
DA:261,20
DA:263,20
DA:264,3
DA:267,20
DA:268,20
DA:272,20
DA:273,20
DA:274,15
DA:278,20
DA:280,20
DA:305,4
DA:306,4
DA:308,4
LF:61
LH:55
BRDA:26,0,0,5
BRDA:28,1,0,3
BRDA:28,1,1,48
BRDA:28,2,0,51
BRDA:28,2,1,49
BRDA:40,3,0,4
BRDA:40,3,1,44
BRDA:74,4,0,48
BRDA:76,5,0,0
BRDA:76,5,1,97
BRDA:76,6,0,97
BRDA:76,6,1,97
BRDA:84,7,0,2
BRDA:84,7,1,95
BRDA:84,8,0,97
BRDA:84,8,1,97
BRDA:88,9,0,2
BRDA:88,9,1,1
BRDA:102,10,0,77
BRDA:102,10,1,18
BRDA:106,11,0,77
BRDA:106,11,1,64
BRDA:107,12,0,13
BRDA:107,12,1,64
BRDA:114,13,0,13
BRDA:114,13,1,64
BRDA:119,14,0,12
BRDA:119,14,1,6
BRDA:136,15,0,0
BRDA:136,15,1,48
BRDA:142,16,0,0
BRDA:142,16,1,0
BRDA:144,17,0,0
BRDA:144,17,1,0
BRDA:164,18,0,4
BRDA:164,18,1,12
BRDA:188,19,0,2
BRDA:190,20,0,1
BRDA:190,20,1,52
BRDA:190,21,0,53
BRDA:190,21,1,52
BRDA:198,22,0,1
BRDA:198,22,1,51
BRDA:198,23,0,52
BRDA:198,23,1,52
BRDA:210,24,0,30
BRDA:210,24,1,21
BRDA:210,25,0,51
BRDA:210,25,1,51
BRDA:211,26,0,30
BRDA:211,26,1,0
BRDA:237,27,0,17
BRDA:239,28,0,1
BRDA:239,28,1,22
BRDA:239,29,0,23
BRDA:239,29,1,22
BRDA:250,30,0,2
BRDA:250,30,1,20
BRDA:263,31,0,3
BRDA:263,31,1,17
BRDA:263,32,0,20
BRDA:263,32,1,20
BRDA:267,33,0,20
BRDA:267,33,1,0
BRDA:267,34,0,20
BRDA:267,34,1,20
BRDA:273,35,0,15
BRDA:273,35,1,5
BRDA:292,36,0,20
BRDA:292,36,1,0
BRDA:293,37,0,15
BRDA:293,37,1,5
BRDA:304,38,0,3
BRF:73
BRH:64
end_of_record
TN:
SF:sutras/1.1.37/index.js
FN:22,applySutra1_1_37
FN:60,isNipata
FN:79,isSvaradi
FN:97,(anonymous_3)
FN:106,getAvyayaCategory
FN:122,validateAvyaya
FN:141,testSutra1_1_37
FNF:7
FNH:7
FNDA:7,applySutra1_1_37
FNDA:24,isNipata
FNDA:15,isSvaradi
FNDA:33,(anonymous_3)
FNDA:6,getAvyayaCategory
FNDA:3,validateAvyaya
FNDA:1,testSutra1_1_37
DA:23,7
DA:33,7
DA:34,4
DA:35,4
DA:36,4
DA:37,4
DA:38,4
DA:42,3
DA:43,1
DA:44,1
DA:45,1
DA:46,1
DA:47,1
DA:50,2
DA:51,2
DA:62,24
DA:63,8
DA:67,16
DA:69,16
DA:70,16
DA:81,15
DA:82,3
DA:86,12
DA:88,12
DA:91,12
DA:92,4
DA:96,8
DA:97,33
DA:107,6
DA:108,3
DA:110,3
DA:111,1
DA:113,2
DA:123,3
DA:125,3
DA:142,1
DA:143,1
DA:145,1
LF:38
LH:38
BRDA:22,0,0,0
BRDA:33,1,0,4
BRDA:33,1,1,3
BRDA:42,2,0,1
BRDA:42,2,1,2
BRDA:62,3,0,8
BRDA:62,3,1,16
BRDA:62,4,0,24
BRDA:62,4,1,16
BRDA:81,5,0,3
BRDA:81,5,1,12
BRDA:81,6,0,15
BRDA:81,6,1,12
BRDA:91,7,0,4
BRDA:91,7,1,8
BRDA:107,8,0,3
BRDA:107,8,1,3
BRDA:110,9,0,1
BRDA:110,9,1,2
BRDA:129,10,0,2
BRDA:129,10,1,1
BRF:21
BRH:20
end_of_record
TN:
SF:sutras/1.1.38/index.js
FN:20,applySutra1_1_38
FN:60,analyzeTaddhita
FN:65,(anonymous_2)
FN:68,(anonymous_3)
FN:100,analyzeDeclension
FN:140,isTypicallyIndeclinable
FN:152,validateTaddhitaAvyaya
FN:171,testSutra1_1_38
FNF:8
FNH:8
FNDA:13,applySutra1_1_38
FNDA:30,analyzeTaddhita
FNDA:5,(anonymous_2)
FNDA:5,(anonymous_3)
FNDA:14,analyzeDeclension
FNDA:7,isTypicallyIndeclinable
FNDA:3,validateTaddhitaAvyaya
FNDA:1,testSutra1_1_38
DA:21,13
DA:31,13
DA:33,13
DA:34,2
DA:35,2
DA:39,11
DA:41,11
DA:42,1
DA:43,1
DA:46,10
DA:47,10
DA:48,10
DA:49,10
DA:51,10
DA:61,30
DA:62,0
DA:65,30
DA:66,5
DA:68,5
DA:74,25
DA:76,25
DA:77,282
DA:78,21
DA:87,4
DA:102,14
DA:103,3
DA:112,11
DA:114,11
DA:115,10
DA:117,10
DA:118,10
DA:128,1
DA:141,7
DA:143,7
DA:153,3
DA:155,3
DA:172,1
DA:173,1
DA:175,1
LF:39
LH:38
BRDA:20,0,0,0
BRDA:33,1,0,2
BRDA:33,1,1,11
BRDA:41,2,0,1
BRDA:41,2,1,10
BRDA:61,3,0,0
BRDA:61,3,1,30
BRDA:61,4,0,30
BRDA:61,4,1,30
BRDA:65,5,0,5
BRDA:65,5,1,25
BRDA:65,6,0,30
BRDA:65,6,1,5
BRDA:77,7,0,21
BRDA:77,7,1,261
BRDA:102,8,0,3
BRDA:102,8,1,11
BRDA:106,9,0,3
BRDA:106,9,1,1
BRDA:114,10,0,10
BRDA:114,10,1,1
BRDA:117,11,0,10
BRDA:117,11,1,0
BRDA:159,12,0,2
BRDA:159,12,1,1
BRF:25
BRH:22
end_of_record
TN:
SF:sutras/1.1.39/index.js
FN:20,applySutra1_1_39
FN:71,analyzeKrit
FN:81,(anonymous_2)
FN:84,(anonymous_3)
FN:137,analyzeKritEnding
FN:186,hasQualifyingEndings
FN:198,validateKritAvyaya
FN:236,testSutra1_1_39
FNF:8
FNH:6
FNDA:26,applySutra1_1_39
FNDA:49,analyzeKrit
FNDA:23,(anonymous_2)
FNDA:0,(anonymous_3)
FNDA:46,analyzeKritEnding
FNDA:0,hasQualifyingEndings
FNDA:5,validateKritAvyaya
FNDA:2,testSutra1_1_39
DA:21,26
DA:32,26
DA:33,3
DA:34,3
DA:38,23
DA:40,23
DA:41,5
DA:42,5
DA:46,18
DA:49,18
DA:51,18
DA:52,1
DA:53,1
DA:56,17
DA:57,17
DA:58,17
DA:59,17
DA:60,17
DA:62,17
DA:73,49
DA:74,0
DA:81,49
DA:82,0
DA:84,0
DA:90,49
DA:91,21
DA:99,28
DA:101,28
DA:102,304
DA:103,20
DA:115,8
DA:116,0
DA:123,8
DA:139,46
DA:140,0
DA:146,46
DA:149,46
DA:150,1
DA:158,45
DA:160,45
DA:161,120
DA:162,41
DA:172,4
DA:174,4
DA:187,0
DA:189,0
DA:199,5
DA:200,5
DA:203,5
DA:204,5
DA:205,3
DA:206,3
DA:207,3
DA:211,5
DA:212,5
DA:213,3
DA:214,3
DA:217,5
DA:237,2
DA:238,2
DA:241,2
DA:250,2
LF:62
LH:55
BRDA:20,0,0,8
BRDA:32,1,0,3
BRDA:32,1,1,23
BRDA:32,2,0,26
BRDA:32,2,1,24
BRDA:40,3,0,5
BRDA:40,3,1,18
BRDA:51,4,0,1
BRDA:51,4,1,17
BRDA:71,5,0,22
BRDA:73,6,0,0
BRDA:73,6,1,49
BRDA:73,7,0,49
BRDA:73,7,1,49
BRDA:81,8,0,0
BRDA:81,8,1,49
BRDA:81,9,0,49
BRDA:81,9,1,49
BRDA:81,9,2,22
BRDA:81,9,3,22
BRDA:90,10,0,21
BRDA:90,10,1,28
BRDA:90,11,0,49
BRDA:90,11,1,49
BRDA:90,11,2,22
BRDA:90,11,3,22
BRDA:102,12,0,20
BRDA:102,12,1,284
BRDA:115,13,0,0
BRDA:115,13,1,8
BRDA:115,14,0,8
BRDA:115,14,1,8
BRDA:137,15,0,28
BRDA:139,16,0,0
BRDA:139,16,1,46
BRDA:139,17,0,46
BRDA:139,17,1,46
BRDA:149,18,0,1
BRDA:149,18,1,45
BRDA:149,19,0,46
BRDA:149,19,1,46
BRDA:149,19,2,1
BRDA:161,20,0,41
BRDA:161,20,1,79
BRDA:172,21,0,4
BRDA:172,21,1,0
BRDA:204,22,0,3
BRDA:204,22,1,2
BRDA:206,23,0,3
BRDA:206,23,1,0
BRDA:207,24,0,0
BRDA:207,24,1,3
BRDA:212,25,0,3
BRDA:212,25,1,2
BRDA:213,26,0,3
BRDA:213,26,1,0
BRDA:224,27,0,3
BRDA:224,27,1,2
BRF:58
BRH:50
end_of_record
TN:
SF:sutras/1.1.4/index.js
FN:176,setSutra114Mode
FN:182,setSutra114Config
FN:197,resetSutra114Config
FN:223,getSutra114Diagnostics
FN:228,getSutra114Metrics
FN:241,getSutra114ConfigSummary
FN:243,(anonymous_6)
FN:246,(anonymous_7)
FN:261,logisticConfidence
FN:269,computeLopaPenalty
FN:313,getEnhancedLopaScore
FN:353,getPhonologicalFeatures
FN:370,hasFeature
FN:378,shareFeature
FN:390,analyzeAffixClassification
FN:466,analyzePhonologicalStructure
FN:488,analyzeMorphologicalFunction
FN:517,analyzeGrammaticalContext
FN:533,determineDistributionalClass
FN:541,assessProductivity
FN:549,analyzeHistoricalPattern
FN:564,analyzeDhatuLopa
FN:659,isDhatuLopaEligible
FN:723,analyzeDhatuPhoneticStructure
FN:746,analyzePhoneticEnvironment
FN:770,evaluateLopaConduciveFeatures
FN:772,(anonymous_26)
FN:826,evaluateFeatureCompatibility
FN:843,(anonymous_28)
FN:853,analyzeRootStructure
FN:871,analyzeAffixStructure
FN:890,isDerivativeFormingAffix
FN:902,(anonymous_32)
FN:908,analyzeMorphemeBoundary
FN:984,isStop
FN:989,calculateClusterDifficulty
FN:1009,calculateNasalElisionProbability
FN:1021,calculateLiquidModificationProbability
FN:1028,getPlaceOfArticulation
FN:1033,checkMorphologicalBlocking
FN:1041,determineRootClass
FN:1057,analyzeGunaVrddhinisedha
FN:1128,applySutra114
FN:1194,(anonymous_43)
FN:1225,isArdhadhatuka
FN:1239,causesDhatuLopa
FN:1255,shouldBlockGunaVrddhi
FN:1270,analyzeDhatuAffixCombination
FN:1295,validateSutra114Conditions
FNF:49
FNH:45
FNDA:3,setSutra114Mode
FNDA:14,setSutra114Config
FNDA:0,resetSutra114Config
FNDA:5,getSutra114Diagnostics
FNDA:5,getSutra114Metrics
FNDA:2,getSutra114ConfigSummary
FNDA:14,(anonymous_6)
FNDA:10,(anonymous_7)
FNDA:446,logisticConfidence
FNDA:320,computeLopaPenalty
FNDA:126,getEnhancedLopaScore
FNDA:5935,getPhonologicalFeatures
FNDA:10,hasFeature
FNDA:7,shareFeature
FNDA:1741,analyzeAffixClassification
FNDA:1733,analyzePhonologicalStructure
FNDA:1736,analyzeMorphologicalFunction
FNDA:1736,analyzeGrammaticalContext
FNDA:6,determineDistributionalClass
FNDA:2,assessProductivity
FNDA:3,analyzeHistoricalPattern
FNDA:557,analyzeDhatuLopa
FNDA:320,isDhatuLopaEligible
FNDA:555,analyzeDhatuPhoneticStructure
FNDA:205,analyzePhoneticEnvironment
FNDA:207,evaluateLopaConduciveFeatures
FNDA:202,(anonymous_26)
FNDA:204,evaluateFeatureCompatibility
FNDA:596,(anonymous_28)
FNDA:551,analyzeRootStructure
FNDA:551,analyzeAffixStructure
FNDA:551,isDerivativeFormingAffix
FNDA:2345,(anonymous_32)
FNDA:551,analyzeMorphemeBoundary
FNDA:0,isStop
FNDA:942,calculateClusterDifficulty
FNDA:62,calculateNasalElisionProbability
FNDA:4,calculateLiquidModificationProbability
FNDA:0,getPlaceOfArticulation
FNDA:551,checkMorphologicalBlocking
FNDA:551,determineRootClass
FNDA:370,analyzeGunaVrddhinisedha
FNDA:41,applySutra114
FNDA:0,(anonymous_43)
FNDA:582,isArdhadhatuka
FNDA:6,causesDhatuLopa
FNDA:70,shouldBlockGunaVrddhi
FNDA:50,analyzeDhatuAffixCombination
FNDA:15,validateSutra114Conditions
DA:63,9
DA:167,9
DA:168,9
DA:177,3
DA:178,3
DA:179,3
DA:183,14
DA:185,14
DA:186,14
DA:187,14
DA:188,5
DA:190,14
DA:191,3
DA:194,14
DA:199,0
DA:200,0
DA:209,0
DA:210,0
DA:218,0
DA:219,0
DA:220,0
DA:224,5
DA:225,5
DA:229,5
DA:230,5
DA:231,1
DA:232,1
DA:233,1
DA:234,1
DA:235,1
DA:237,5
DA:242,2
DA:243,14
DA:244,2
DA:245,2
DA:246,10
DA:247,2
DA:262,446
DA:264,446
DA:265,446
DA:266,446
DA:270,320
DA:271,320
DA:272,320
DA:273,320
DA:274,320
DA:275,320
DA:276,1827
DA:277,1827
DA:278,48
DA:279,48
DA:281,48
DA:282,48
DA:286,0
DA:287,0
DA:288,0
DA:293,272
DA:314,126
DA:315,126
DA:317,126
DA:318,504
DA:319,61
DA:320,61
DA:321,61
DA:322,61
DA:327,126
DA:328,126
DA:330,126
DA:343,9
DA:354,5935
DA:355,5933
DA:356,5933
DA:360,5926
DA:362,0
DA:364,5926
DA:371,10
DA:372,10
DA:379,7
DA:380,7
DA:381,7
DA:391,1741
DA:392,1
DA:401,1740
DA:402,7
DA:403,7
DA:412,1733
DA:425,1733
DA:426,1733
DA:427,1733
DA:428,1733
DA:430,1733
DA:431,5
DA:432,5
DA:433,5
DA:434,5
DA:436,1728
DA:437,1728
DA:440,1728
DA:444,1728
DA:445,0
DA:446,0
DA:448,1728
DA:449,1728
DA:450,1728
DA:451,1728
DA:452,1678
DA:453,1678
DA:455,1728
DA:456,1728
DA:457,1312
DA:458,0
DA:459,1728
DA:460,1728
DA:467,1733
DA:476,1733
DA:481,1733
DA:490,1736
DA:492,1736
DA:493,1
DA:497,1735
DA:505,1735
DA:507,1735
DA:518,1736
DA:523,1736
DA:534,6
DA:535,6
DA:536,4
DA:537,3
DA:538,1
DA:542,2
DA:543,2
DA:544,1
DA:545,1
DA:546,0
DA:550,3
DA:551,3
DA:552,2
DA:553,1
DA:565,557
DA:566,6
DA:568,551
DA:584,551
DA:585,551
DA:586,551
DA:587,551
DA:588,551
DA:591,551
DA:592,234
DA:593,234
DA:594,234
DA:595,234
DA:596,234
DA:600,317
DA:601,317
DA:602,115
DA:603,115
DA:604,115
DA:605,115
DA:606,115
DA:607,115
DA:608,115
DA:610,202
DA:611,0
DA:612,0
DA:613,0
DA:614,0
DA:615,0
DA:616,0
DA:617,0
DA:618,0
DA:622,202
DA:623,202
DA:624,30
DA:625,30
DA:626,30
DA:627,30
DA:628,30
DA:631,172
DA:632,0
DA:633,0
DA:634,0
DA:635,0
DA:636,0
DA:640,172
DA:641,172
DA:642,172
DA:643,172
DA:644,172
DA:645,172
DA:646,172
DA:647,172
DA:648,172
DA:649,172
DA:650,172
DA:652,172
DA:653,172
DA:654,172
DA:655,172
DA:656,172
DA:660,320
DA:661,320
DA:662,320
DA:663,320
DA:664,320
DA:665,320
DA:666,320
DA:667,320
DA:668,320
DA:669,320
DA:670,320
DA:671,320
DA:672,320
DA:673,320
DA:674,320
DA:675,320
DA:676,320
DA:677,320
DA:678,320
DA:681,320
DA:682,320
DA:684,320
DA:686,320
DA:689,320
DA:690,126
DA:691,126
DA:692,10
DA:701,310
DA:703,0
DA:704,0
DA:706,0
DA:707,0
DA:708,0
DA:710,310
DA:711,0
DA:712,0
DA:714,310
DA:715,310
DA:716,310
DA:724,555
DA:725,555
DA:726,555
DA:727,555
DA:728,555
DA:730,555
DA:731,554
DA:732,430
DA:733,3
DA:734,555
DA:747,205
DA:748,205
DA:749,205
DA:750,205
DA:751,205
DA:752,205
DA:753,205
DA:754,205
DA:755,205
DA:771,207
DA:772,207
DA:773,207
DA:776,207
DA:777,47
DA:781,207
DA:782,21
DA:786,207
DA:787,47
DA:791,207
DA:792,59
DA:796,207
DA:797,4
DA:801,207
DA:802,24
DA:806,207
DA:808,207
DA:830,204
DA:831,22
DA:835,182
DA:842,182
DA:843,182
DA:844,596
DA:847,182
DA:854,551
DA:855,551
DA:857,551
DA:865,551
DA:872,551
DA:873,551
DA:875,551
DA:884,551
DA:893,551
DA:902,2345
DA:909,551
DA:910,551
DA:911,551
DA:913,551
DA:935,551
DA:936,413
DA:937,413
DA:938,413
DA:942,551
DA:943,551
DA:945,551
DA:947,62
DA:948,62
DA:953,551
DA:955,75
DA:956,75
DA:960,551
DA:961,22
DA:962,22
DA:967,551
DA:970,551
DA:971,2
DA:972,549
DA:973,111
DA:974,438
DA:975,136
DA:977,302
DA:980,551
DA:985,0
DA:986,0
DA:991,942
DA:992,942
DA:994,942
DA:997,941
DA:998,106
DA:1002,835
DA:1003,143
DA:1006,692
DA:1011,62
DA:1012,62
DA:1014,62
DA:1017,62
DA:1018,62
DA:1023,4
DA:1024,2
DA:1025,0
DA:1029,0
DA:1030,0
DA:1035,551
DA:1036,2
DA:1038,549
DA:1043,551
DA:1044,438
DA:1045,37
DA:1058,370
DA:1073,370
DA:1074,1
DA:1075,1
DA:1076,1
DA:1077,1
DA:1081,369
DA:1084,369
DA:1087,369
DA:1088,369
DA:1090,369
DA:1091,133
DA:1092,133
DA:1093,133
DA:1094,133
DA:1095,133
DA:1100,133
DA:1101,236
DA:1102,97
DA:1103,97
DA:1104,139
DA:1105,139
DA:1106,139
DA:1108,0
DA:1109,0
DA:1112,369
DA:1113,369
DA:1116,369
DA:1130,41
DA:1131,38
DA:1132,38
DA:1133,0
DA:1144,41
DA:1145,38
DA:1146,38
DA:1161,3
DA:1176,3
DA:1177,0
DA:1182,0
DA:1183,0
DA:1185,0
DA:1186,0
DA:1187,0
DA:1189,0
DA:1193,3
DA:1194,0
DA:1195,0
DA:1196,0
DA:1201,0
DA:1203,0
DA:1204,0
DA:1205,0
DA:1209,0
DA:1210,0
DA:1214,3
DA:1215,3
DA:1216,3
DA:1226,582
DA:1228,582
DA:1229,490
DA:1230,490
DA:1240,6
DA:1241,0
DA:1244,6
DA:1245,6
DA:1256,70
DA:1257,3
DA:1260,67
DA:1261,67
DA:1271,50
DA:1272,50
DA:1274,50
DA:1296,15
DA:1298,15
LF:419
LH:359
BRDA:177,0,0,0
BRDA:177,0,1,3
BRDA:183,1,0,14
BRDA:183,1,1,0
BRDA:183,2,0,14
BRDA:183,2,1,14
BRDA:187,3,0,5
BRDA:187,3,1,9
BRDA:190,4,0,3
BRDA:190,4,1,11
BRDA:223,5,0,4
BRDA:224,6,0,1
BRDA:224,6,1,4
BRDA:228,7,0,4
BRDA:230,8,0,1
BRDA:230,8,1,4
BRDA:270,9,0,0
BRDA:270,9,1,320
BRDA:277,10,0,48
BRDA:277,10,1,1779
BRDA:287,11,0,0
BRDA:287,11,1,0
BRDA:313,12,0,0
BRDA:318,13,0,61
BRDA:318,13,1,443
BRDA:321,14,0,61
BRDA:321,14,1,0
BRDA:343,15,0,0
BRDA:343,15,1,9
BRDA:354,16,0,2
BRDA:354,16,1,5933
BRDA:354,17,0,5935
BRDA:354,17,1,5933
BRDA:355,18,0,5933
BRDA:355,18,1,485
BRDA:355,18,2,7
BRDA:356,19,0,7
BRDA:356,19,1,5926
BRDA:360,20,0,0
BRDA:360,20,1,5926
BRDA:360,21,0,5926
BRDA:360,21,1,5926
BRDA:360,21,2,0
BRDA:372,22,0,10
BRDA:372,22,1,9
BRDA:381,23,0,7
BRDA:381,23,1,7
BRDA:381,23,2,7
BRDA:391,24,0,1
BRDA:391,24,1,1740
BRDA:391,25,0,1741
BRDA:391,25,1,1740
BRDA:401,26,0,7
BRDA:401,26,1,1733
BRDA:407,27,0,7
BRDA:407,27,1,0
BRDA:428,28,0,373
BRDA:428,28,1,1360
BRDA:430,29,0,5
BRDA:430,29,1,1728
BRDA:437,30,0,944
BRDA:437,30,1,784
BRDA:440,31,0,1728
BRDA:440,31,1,50
BRDA:440,31,2,50
BRDA:444,32,0,0
BRDA:444,32,1,1728
BRDA:449,33,0,0
BRDA:449,33,1,1728
BRDA:450,34,0,0
BRDA:450,34,1,1728
BRDA:450,35,0,1728
BRDA:450,35,1,1728
BRDA:451,36,0,1678
BRDA:451,36,1,50
BRDA:453,37,0,0
BRDA:453,37,1,1678
BRDA:456,38,0,416
BRDA:456,38,1,1312
BRDA:457,39,0,1312
BRDA:457,39,1,0
BRDA:457,40,0,245
BRDA:457,40,1,1067
BRDA:476,41,0,1096
BRDA:476,41,1,637
BRDA:476,42,0,1733
BRDA:476,42,1,1264
BRDA:492,43,0,1
BRDA:492,43,1,1735
BRDA:505,44,0,1735
BRDA:505,44,1,0
BRDA:523,45,0,1736
BRDA:523,45,1,1361
BRDA:534,46,0,0
BRDA:534,46,1,6
BRDA:535,47,0,2
BRDA:535,47,1,4
BRDA:536,48,0,1
BRDA:536,48,1,3
BRDA:537,49,0,2
BRDA:537,49,1,1
BRDA:542,50,0,0
BRDA:542,50,1,2
BRDA:543,51,0,1
BRDA:543,51,1,1
BRDA:544,52,0,0
BRDA:544,52,1,1
BRDA:545,53,0,1
BRDA:545,53,1,0
BRDA:550,54,0,0
BRDA:550,54,1,3
BRDA:551,55,0,1
BRDA:551,55,1,2
BRDA:552,56,0,1
BRDA:552,56,1,1
BRDA:565,57,0,6
BRDA:565,57,1,551
BRDA:565,58,0,557
BRDA:565,58,1,553
BRDA:565,58,2,551
BRDA:565,58,3,551
BRDA:591,59,0,234
BRDA:591,59,1,317
BRDA:601,60,0,115
BRDA:601,60,1,202
BRDA:605,61,0,115
BRDA:605,61,1,0
BRDA:607,62,0,115
BRDA:607,62,1,0
BRDA:607,63,0,115
BRDA:607,63,1,0
BRDA:610,64,0,0
BRDA:610,64,1,202
BRDA:615,65,0,0
BRDA:615,65,1,0
BRDA:617,66,0,0
BRDA:617,66,1,0
BRDA:617,67,0,0
BRDA:617,67,1,0
BRDA:623,68,0,30
BRDA:623,68,1,172
BRDA:631,69,0,0
BRDA:631,69,1,172
BRDA:642,70,0,172
BRDA:642,70,1,0
BRDA:646,71,0,172
BRDA:646,71,1,0
BRDA:648,72,0,172
BRDA:648,72,1,0
BRDA:648,73,0,172
BRDA:648,73,1,0
BRDA:649,74,0,172
BRDA:649,74,1,0
BRDA:653,75,0,172
BRDA:653,75,1,0
BRDA:654,76,0,0
BRDA:654,76,1,172
BRDA:664,77,0,320
BRDA:664,77,1,0
BRDA:665,78,0,255
BRDA:665,78,1,65
BRDA:668,79,0,221
BRDA:668,79,1,99
BRDA:668,80,0,320
BRDA:668,80,1,320
BRDA:668,80,2,206
BRDA:670,81,0,214
BRDA:670,81,1,106
BRDA:670,82,0,320
BRDA:670,82,1,136
BRDA:672,83,0,320
BRDA:672,83,1,0
BRDA:672,84,0,320
BRDA:672,84,1,65
BRDA:675,85,0,320
BRDA:675,85,1,0
BRDA:675,86,0,320
BRDA:675,86,1,320
BRDA:677,87,0,70
BRDA:677,87,1,250
BRDA:678,88,0,228
BRDA:678,88,1,92
BRDA:678,89,0,320
BRDA:678,89,1,255
BRDA:678,89,2,255
BRDA:682,90,0,48
BRDA:682,90,1,272
BRDA:689,91,0,126
BRDA:689,91,1,194
BRDA:691,92,0,10
BRDA:691,92,1,116
BRDA:701,93,0,0
BRDA:701,93,1,310
BRDA:701,94,0,310
BRDA:701,94,1,116
BRDA:701,94,2,18
BRDA:701,94,3,0
BRDA:703,95,0,0
BRDA:703,95,1,0
BRDA:708,96,0,0
BRDA:708,96,1,0
BRDA:710,97,0,0
BRDA:710,97,1,310
BRDA:710,98,0,310
BRDA:710,98,1,0
BRDA:712,99,0,0
BRDA:712,99,1,0
BRDA:728,100,0,555
BRDA:728,100,1,3
BRDA:730,101,0,1
BRDA:730,101,1,554
BRDA:731,102,0,124
BRDA:731,102,1,430
BRDA:732,103,0,427
BRDA:732,103,1,3
BRDA:732,104,0,430
BRDA:732,104,1,427
BRDA:733,105,0,3
BRDA:733,105,1,0
BRDA:752,106,0,205
BRDA:752,106,1,204
BRDA:752,106,2,204
BRDA:752,106,3,204
BRDA:752,106,4,204
BRDA:753,107,0,1
BRDA:753,107,1,204
BRDA:753,108,0,204
BRDA:753,108,1,0
BRDA:754,109,0,205
BRDA:754,109,1,0
BRDA:754,110,0,205
BRDA:754,110,1,205
BRDA:757,111,0,204
BRDA:757,111,1,1
BRDA:758,112,0,205
BRDA:758,112,1,205
BRDA:760,113,0,205
BRDA:760,113,1,205
BRDA:761,114,0,204
BRDA:761,114,1,1
BRDA:762,115,0,204
BRDA:762,115,1,1
BRDA:776,116,0,47
BRDA:776,116,1,160
BRDA:776,117,0,207
BRDA:776,117,1,106
BRDA:781,118,0,21
BRDA:781,118,1,186
BRDA:781,119,0,207
BRDA:781,119,1,88
BRDA:786,120,0,47
BRDA:786,120,1,160
BRDA:786,121,0,207
BRDA:786,121,1,106
BRDA:791,122,0,59
BRDA:791,122,1,148
BRDA:791,123,0,207
BRDA:791,123,1,88
BRDA:796,124,0,4
BRDA:796,124,1,203
BRDA:796,125,0,207
BRDA:796,125,1,88
BRDA:801,126,0,24
BRDA:801,126,1,183
BRDA:806,127,0,0
BRDA:806,127,1,207
BRDA:811,128,0,207
BRDA:811,128,1,106
BRDA:812,129,0,207
BRDA:812,129,1,88
BRDA:813,130,0,207
BRDA:813,130,1,106
BRDA:814,131,0,207
BRDA:814,131,1,88
BRDA:815,132,0,207
BRDA:815,132,1,88
BRDA:819,133,0,174
BRDA:819,133,1,33
BRDA:830,134,0,22
BRDA:830,134,1,182
BRDA:844,135,0,596
BRDA:844,135,1,300
BRDA:861,136,0,550
BRDA:861,136,1,1
BRDA:878,137,0,551
BRDA:878,137,1,0
BRDA:935,138,0,413
BRDA:935,138,1,138
BRDA:935,139,0,551
BRDA:935,139,1,427
BRDA:945,140,0,62
BRDA:945,140,1,489
BRDA:945,141,0,551
BRDA:945,141,1,550
BRDA:945,141,2,550
BRDA:945,141,3,134
BRDA:953,142,0,75
BRDA:953,142,1,476
BRDA:953,143,0,551
BRDA:953,143,1,550
BRDA:953,143,2,215
BRDA:960,144,0,22
BRDA:960,144,1,529
BRDA:960,145,0,551
BRDA:960,145,1,550
BRDA:963,146,0,22
BRDA:963,146,1,4
BRDA:970,147,0,2
BRDA:970,147,1,549
BRDA:972,148,0,111
BRDA:972,148,1,438
BRDA:972,149,0,549
BRDA:972,149,1,413
BRDA:974,150,0,136
BRDA:974,150,1,302
BRDA:974,151,0,438
BRDA:974,151,1,316
BRDA:986,152,0,0
BRDA:986,152,1,0
BRDA:994,153,0,1
BRDA:994,153,1,941
BRDA:994,154,0,942
BRDA:994,154,1,941
BRDA:997,155,0,106
BRDA:997,155,1,835
BRDA:1002,156,0,143
BRDA:1002,156,1,692
BRDA:1002,157,0,835
BRDA:1002,157,1,326
BRDA:1014,158,0,0
BRDA:1014,158,1,62
BRDA:1014,159,0,62
BRDA:1014,159,1,62
BRDA:1018,160,0,6
BRDA:1018,160,1,56
BRDA:1023,161,0,2
BRDA:1023,161,1,2
BRDA:1024,162,0,2
BRDA:1024,162,1,0
BRDA:1030,163,0,0
BRDA:1030,163,1,0
BRDA:1035,164,0,2
BRDA:1035,164,1,549
BRDA:1035,165,0,551
BRDA:1035,165,1,113
BRDA:1043,166,0,113
BRDA:1043,166,1,438
BRDA:1044,167,0,401
BRDA:1044,167,1,37
BRDA:1057,168,0,15
BRDA:1073,169,0,1
BRDA:1073,169,1,369
BRDA:1073,170,0,370
BRDA:1073,170,1,369
BRDA:1087,171,0,369
BRDA:1087,171,1,145
BRDA:1090,172,0,133
BRDA:1090,172,1,236
BRDA:1090,173,0,369
BRDA:1090,173,1,272
BRDA:1101,174,0,97
BRDA:1101,174,1,139
BRDA:1103,175,0,97
BRDA:1103,175,1,0
BRDA:1104,176,0,139
BRDA:1104,176,1,0
BRDA:1112,177,0,369
BRDA:1112,177,1,0
BRDA:1128,178,0,0
BRDA:1128,179,0,0
BRDA:1130,180,0,38
BRDA:1130,180,1,3
BRDA:1130,181,0,41
BRDA:1130,181,1,38
BRDA:1132,182,0,0
BRDA:1132,182,1,38
BRDA:1144,183,0,38
BRDA:1144,183,1,3
BRDA:1144,184,0,41
BRDA:1144,184,1,41
BRDA:1151,185,0,38
BRDA:1151,185,1,0
BRDA:1152,186,0,38
BRDA:1152,186,1,0
BRDA:1176,187,0,0
BRDA:1176,187,1,3
BRDA:1176,188,0,3
BRDA:1176,188,1,0
BRDA:1176,188,2,0
BRDA:1180,189,0,0
BRDA:1180,189,1,0
BRDA:1185,190,0,0
BRDA:1185,190,1,0
BRDA:1186,191,0,0
BRDA:1186,191,1,0
BRDA:1193,192,0,0
BRDA:1193,192,1,3
BRDA:1195,193,0,0
BRDA:1195,193,1,0
BRDA:1195,194,0,0
BRDA:1195,194,1,0
BRDA:1199,195,0,0
BRDA:1199,195,1,0
BRDA:1203,196,0,0
BRDA:1203,196,1,0
BRDA:1204,197,0,0
BRDA:1204,197,1,0
BRDA:1226,198,0,0
BRDA:1226,198,1,582
BRDA:1226,199,0,582
BRDA:1226,199,1,582
BRDA:1228,200,0,92
BRDA:1228,200,1,490
BRDA:1230,201,0,490
BRDA:1230,201,1,225
BRDA:1240,202,0,0
BRDA:1240,202,1,6
BRDA:1240,203,0,6
BRDA:1240,203,1,6
BRDA:1240,203,2,6
BRDA:1240,203,3,6
BRDA:1255,204,0,0
BRDA:1256,205,0,3
BRDA:1256,205,1,67
BRDA:1256,206,0,70
BRDA:1256,206,1,67
BRDA:1278,207,0,50
BRDA:1278,207,1,28
BRDA:1281,208,0,50
BRDA:1281,208,1,28
BRDA:1299,209,0,15
BRDA:1299,209,1,15
BRDA:1300,210,0,15
BRDA:1300,210,1,15
BRDA:1302,211,0,15
BRDA:1302,211,1,8
BRDA:1306,212,0,15
BRDA:1306,212,1,8
BRF:438
BRH:343
end_of_record
TN:
SF:sutras/1.1.4/test-cases.js
FNF:0
FNH:0
DA:1,1
DA:357,1
LF:2
LH:2
BRF:0
BRH:0
end_of_record
TN:
SF:sutras/1.1.40/index.js
FN:21,applySutra1_1_40
FN:59,analyzeQualifyingAffixes
FN:72,(anonymous_2)
FN:117,isKtvaForm
FN:149,validateSpecificAffix1_1_40
FN:168,getUsageNote
FN:183,getExamples
FN:208,testSutra1_1_40
FNF:8
FNH:8
FNDA:24,applySutra1_1_40
FNDA:28,analyzeQualifyingAffixes
FNDA:12,(anonymous_2)
FNDA:12,isKtvaForm
FNDA:4,validateSpecificAffix1_1_40
FNDA:4,getUsageNote
FNDA:1,getExamples
FNDA:1,testSutra1_1_40
DA:22,24
DA:32,24
DA:33,2
DA:34,2
DA:38,22
DA:40,22
DA:41,2
DA:42,2
DA:45,20
DA:46,20
DA:47,20
DA:48,20
DA:50,20
DA:61,28
DA:62,0
DA:70,28
DA:71,12
DA:72,12
DA:73,12
DA:76,12
DA:77,12
DA:86,16
DA:88,16
DA:90,16
DA:91,25
DA:92,105
DA:93,13
DA:104,3
DA:119,12
DA:120,0
DA:124,12
DA:126,12
DA:129,12
DA:130,49
DA:131,8
DA:136,4
DA:137,2
DA:140,2
DA:150,4
DA:152,4
DA:169,4
DA:175,4
DA:184,1
DA:199,1
DA:209,1
DA:210,1
DA:212,1
LF:47
LH:45
BRDA:21,0,0,14
BRDA:32,1,0,2
BRDA:32,1,1,22
BRDA:32,2,0,24
BRDA:32,2,1,22
BRDA:40,3,0,2
BRDA:40,3,1,20
BRDA:59,4,0,4
BRDA:61,5,0,0
BRDA:61,5,1,28
BRDA:61,6,0,28
BRDA:61,6,1,28
BRDA:70,7,0,12
BRDA:70,7,1,16
BRDA:70,8,0,28
BRDA:70,8,1,28
BRDA:76,9,0,12
BRDA:76,9,1,0
BRDA:92,10,0,13
BRDA:92,10,1,92
BRDA:117,11,0,10
BRDA:119,12,0,0
BRDA:119,12,1,12
BRDA:119,13,0,12
BRDA:119,13,1,12
BRDA:130,14,0,8
BRDA:130,14,1,41
BRDA:136,15,0,2
BRDA:136,15,1,2
BRDA:136,16,0,4
BRDA:136,16,1,4
BRDA:136,16,2,3
BRDA:157,17,0,3
BRDA:157,17,1,1
BRDA:175,18,0,4
BRDA:175,18,1,1
BRDA:199,19,0,1
BRDA:199,19,1,0
BRF:38
BRH:34
end_of_record
TN:
SF:sutras/1.1.41/index.js
FN:24,applySutra1_1_41
FN:58,analyzeAvyayībhāva
FN:114,analyzeAvyayībhāvaPatterns
FN:141,(anonymous_3)
FN:173,isAvyayaElement
FN:207,extractFirstMember
FN:233,validateAvyayībhāva1_1_41
FN:255,getStructureNote
FN:274,getCompoundUsageNote
FN:294,getCompoundExamples
FN:322,testSutra1_1_41
FNF:11
FNH:11
FNDA:27,applySutra1_1_41
FNDA:35,analyzeAvyayībhāva
FNDA:32,analyzeAvyayībhāvaPatterns
FNDA:208,(anonymous_3)
FNDA:15,isAvyayaElement
FNDA:36,extractFirstMember
FNDA:4,validateAvyayībhāva1_1_41
FNDA:4,getStructureNote
FNDA:4,getCompoundUsageNote
FNDA:1,getCompoundExamples
FNDA:1,testSutra1_1_41
DA:25,27
DA:36,27
DA:38,27
DA:39,5
DA:40,5
DA:43,22
DA:44,22
DA:45,22
DA:46,22
DA:47,22
DA:49,22
DA:60,35
DA:61,2
DA:68,33
DA:69,13
DA:78,20
DA:79,2
DA:80,2
DA:81,2
DA:92,18
DA:93,18
DA:94,13
DA:103,5
DA:116,32
DA:117,0
DA:123,32
DA:126,32
DA:128,32
DA:129,21
DA:138,11
DA:141,208
DA:143,11
DA:144,136
DA:145,5
DA:148,5
DA:149,5
DA:161,6
DA:175,15
DA:176,0
DA:180,15
DA:182,15
DA:185,15
DA:186,11
DA:190,4
DA:191,1
DA:195,3
DA:196,1
DA:199,2
DA:208,36
DA:211,36
DA:213,36
DA:214,151
DA:215,30
DA:220,6
DA:221,5
DA:224,1
DA:234,4
DA:235,4
DA:237,4
DA:256,4
DA:257,1
DA:260,3
DA:266,3
DA:275,4
DA:286,4
DA:295,1
DA:313,1
DA:323,1
DA:324,1
DA:326,1
LF:70
LH:68
BRDA:24,0,0,16
BRDA:38,1,0,5
BRDA:38,1,1,22
BRDA:58,2,0,3
BRDA:60,3,0,2
BRDA:60,3,1,33
BRDA:60,4,0,35
BRDA:60,4,1,33
BRDA:68,5,0,13
BRDA:68,5,1,20
BRDA:68,6,0,33
BRDA:68,6,1,33
BRDA:68,6,2,21
BRDA:71,7,0,13
BRDA:71,7,1,9
BRDA:78,8,0,2
BRDA:78,8,1,18
BRDA:78,9,0,20
BRDA:78,9,1,20
BRDA:78,9,2,2
BRDA:78,9,3,2
BRDA:80,10,0,2
BRDA:80,10,1,0
BRDA:93,11,0,13
BRDA:93,11,1,5
BRDA:116,12,0,0
BRDA:116,12,1,32
BRDA:116,13,0,32
BRDA:116,13,1,32
BRDA:128,14,0,21
BRDA:128,14,1,11
BRDA:144,15,0,5
BRDA:144,15,1,131
BRDA:148,16,0,5
BRDA:148,16,1,0
BRDA:173,17,0,12
BRDA:175,18,0,0
BRDA:175,18,1,15
BRDA:175,19,0,15
BRDA:175,19,1,15
BRDA:185,20,0,11
BRDA:185,20,1,4
BRDA:190,21,0,1
BRDA:190,21,1,3
BRDA:190,22,0,4
BRDA:190,22,1,4
BRDA:190,22,2,1
BRDA:195,23,0,1
BRDA:195,23,1,2
BRDA:195,24,0,3
BRDA:195,24,1,2
BRDA:214,25,0,30
BRDA:214,25,1,121
BRDA:220,26,0,5
BRDA:220,26,1,1
BRDA:244,27,0,3
BRDA:244,27,1,1
BRDA:256,28,0,1
BRDA:256,28,1,3
BRDA:266,29,0,3
BRDA:266,29,1,0
BRDA:286,30,0,4
BRDA:286,30,1,1
BRDA:313,31,0,1
BRDA:313,31,1,0
BRF:65
BRH:59
end_of_record
TN:
SF:sutras/1.1.42/index.js
FN:22,applySutra1_1_42
FN:61,getSarvanāmasthānaAffixes
FN:70,getAffixType
FN:80,triggersSarvanāmasthānaRules
FN:91,validateSarvanāmasthāna
FN:120,testSutra1_1_42
FNF:6
FNH:6
FNDA:12,applySutra1_1_42
FNDA:10,getSarvanāmasthānaAffixes
FNDA:13,getAffixType
FNDA:4,triggersSarvanāmasthānaRules
FNDA:3,validateSarvanāmasthāna
FNDA:1,testSutra1_1_42
DA:23,12
DA:33,12
DA:34,3
DA:35,3
DA:36,3
DA:37,3
DA:38,3
DA:42,9
DA:44,9
DA:45,7
DA:46,7
DA:47,7
DA:48,7
DA:49,7
DA:52,2
DA:53,2
DA:62,10
DA:71,13
DA:81,4
DA:82,4
DA:92,3
DA:94,3
DA:95,2
DA:101,1
DA:103,1
DA:121,1
DA:122,1
DA:124,1
LF:28
LH:28
BRDA:22,0,0,0
BRDA:33,1,0,3
BRDA:33,1,1,9
BRDA:33,2,0,12
BRDA:33,2,1,9
BRDA:44,3,0,7
BRDA:44,3,1,2
BRDA:71,4,0,13
BRDA:71,4,1,1
BRDA:94,5,0,2
BRDA:94,5,1,1
BRDA:108,6,0,1
BRDA:108,6,1,0
BRF:13
BRH:11
end_of_record
TN:
SF:sutras/1.1.43/index.js
FN:18,applySutra1_1_43
FN:71,analyzeSupEnding
FN:151,analyzeNeuterGender
FN:233,extractStem
FN:251,isLikelyNeuterAStem
FN:255,(anonymous_5)
FN:264,analyzeGrammaticalFunction
FN:330,validateNeuterSup
FN:393,testSutra1_1_43
FNF:9
FNH:7
FNDA:53,applySutra1_1_43
FNDA:124,analyzeSupEnding
FNDA:72,analyzeNeuterGender
FNDA:67,extractStem
FNDA:0,isLikelyNeuterAStem
FNDA:0,(anonymous_5)
FNDA:50,analyzeGrammaticalFunction
FNDA:10,validateNeuterSup
FNDA:4,testSutra1_1_43
DA:10,1
DA:20,53
DA:21,3
DA:30,50
DA:31,50
DA:32,2
DA:41,48
DA:42,48
DA:43,4
DA:51,44
DA:73,124
DA:74,0
DA:81,124
DA:82,3
DA:90,121
DA:93,121
DA:96,121
DA:99,121
DA:100,734
DA:101,111
DA:114,10
DA:115,100
DA:116,1
DA:118,1
DA:120,0
DA:121,0
DA:123,0
DA:127,1
DA:138,9
DA:153,72
DA:154,0
DA:161,72
DA:162,5
DA:170,67
DA:173,67
DA:176,67
DA:177,67
DA:180,67
DA:181,65
DA:182,65
DA:193,2
DA:194,14
DA:196,1
DA:197,0
DA:210,2
DA:211,0
DA:221,2
DA:235,67
DA:237,67
DA:238,332
DA:239,47
DA:243,20
DA:253,0
DA:255,0
DA:265,50
DA:267,50
DA:268,1
DA:275,49
DA:285,49
DA:286,49
DA:289,49
DA:290,48
DA:291,25
DA:292,25
DA:293,23
DA:294,0
DA:295,0
DA:296,23
DA:297,9
DA:298,9
DA:299,14
DA:300,5
DA:301,5
DA:302,9
DA:303,2
DA:304,2
DA:305,7
DA:306,2
DA:307,2
DA:308,5
DA:309,5
DA:310,5
DA:314,49
DA:332,10
DA:333,1
DA:341,9
DA:343,9
DA:344,2
DA:354,7
DA:356,7
DA:357,3
DA:360,7
DA:361,7
DA:364,7
DA:365,7
DA:369,7
DA:371,7
DA:394,4
DA:395,4
DA:397,4
LF:100
LH:89
BRDA:18,0,0,21
BRDA:20,1,0,3
BRDA:20,1,1,50
BRDA:20,2,0,53
BRDA:20,2,1,51
BRDA:31,3,0,2
BRDA:31,3,1,48
BRDA:42,4,0,4
BRDA:42,4,1,44
BRDA:60,5,0,44
BRDA:60,5,1,23
BRDA:71,6,0,25
BRDA:73,7,0,0
BRDA:73,7,1,124
BRDA:73,8,0,124
BRDA:73,8,1,124
BRDA:81,9,0,3
BRDA:81,9,1,121
BRDA:81,10,0,124
BRDA:81,10,1,124
BRDA:100,11,0,111
BRDA:100,11,1,623
BRDA:115,12,0,1
BRDA:115,12,1,99
BRDA:118,13,0,0
BRDA:118,13,1,1
BRDA:118,14,0,1
BRDA:118,14,1,0
BRDA:120,15,0,0
BRDA:120,15,1,0
BRDA:151,16,0,19
BRDA:153,17,0,0
BRDA:153,17,1,72
BRDA:153,18,0,72
BRDA:153,18,1,72
BRDA:161,19,0,5
BRDA:161,19,1,67
BRDA:161,20,0,72
BRDA:161,20,1,72
BRDA:180,21,0,65
BRDA:180,21,1,2
BRDA:194,22,0,1
BRDA:194,22,1,13
BRDA:196,23,0,0
BRDA:196,23,1,1
BRDA:196,24,0,1
BRDA:196,24,1,0
BRDA:210,25,0,0
BRDA:210,25,1,2
BRDA:210,26,0,2
BRDA:210,26,1,2
BRDA:210,26,2,2
BRDA:238,27,0,47
BRDA:238,27,1,285
BRDA:264,28,0,6
BRDA:267,29,0,1
BRDA:267,29,1,49
BRDA:289,30,0,48
BRDA:289,30,1,1
BRDA:290,31,0,25
BRDA:290,31,1,23
BRDA:293,32,0,0
BRDA:293,32,1,23
BRDA:296,33,0,9
BRDA:296,33,1,14
BRDA:299,34,0,5
BRDA:299,34,1,9
BRDA:302,35,0,2
BRDA:302,35,1,7
BRDA:305,36,0,2
BRDA:305,36,1,5
BRDA:308,37,0,5
BRDA:308,37,1,0
BRDA:330,38,0,4
BRDA:332,39,0,1
BRDA:332,39,1,9
BRDA:332,40,0,10
BRDA:332,40,1,9
BRDA:343,41,0,2
BRDA:343,41,1,7
BRDA:356,42,0,3
BRDA:356,42,1,4
BRDA:356,43,0,7
BRDA:356,43,1,7
BRDA:360,44,0,7
BRDA:360,44,1,0
BRDA:360,45,0,7
BRDA:360,45,1,7
BRDA:364,46,0,7
BRDA:364,46,1,0
BRDA:375,47,0,7
BRDA:375,47,1,0
BRDA:383,48,0,7
BRDA:383,48,1,0
BRDA:393,49,0,3
BRF:95
BRH:80
end_of_record
TN:
SF:sutras/1.1.44/index.js
FN:24,applySutra1_1_44
FN:73,analyzeNañPrefix
FN:133,analyzeÑuElement
FN:193,analyzeUpasarga
FN:210,(anonymous_4)
FN:241,analyzeGrammaticalFunction
FN:279,validateNañÑuUpasarga
FN:333,testSutra1_1_44
FNF:8
FNH:8
FNDA:51,applySutra1_1_44
FNDA:114,analyzeNañPrefix
FNDA:113,analyzeÑuElement
FNDA:115,analyzeUpasarga
FNDA:1976,(anonymous_4)
FNDA:45,analyzeGrammaticalFunction
FNDA:12,validateNañÑuUpasarga
FNDA:5,testSutra1_1_44
DA:16,1
DA:26,51
DA:27,3
DA:34,48
DA:35,48
DA:36,48
DA:39,48
DA:40,48
DA:41,48
DA:43,48
DA:44,8
DA:53,40
DA:75,114
DA:78,114
DA:79,3
DA:89,111
DA:92,111
DA:93,726
DA:95,56
DA:96,56
DA:98,55
DA:100,26
DA:101,26
DA:103,26
DA:104,1
DA:108,54
DA:121,57
DA:136,113
DA:139,113
DA:140,1
DA:149,112
DA:152,112
DA:153,764
DA:154,40
DA:155,40
DA:158,40
DA:159,19
DA:163,40
DA:164,1
DA:167,40
DA:168,40
DA:181,72
DA:195,115
DA:198,115
DA:199,1
DA:207,114
DA:210,1976
DA:212,114
DA:213,1576
DA:214,47
DA:216,47
DA:217,47
DA:229,67
DA:242,45
DA:243,45
DA:244,45
DA:246,45
DA:247,45
DA:249,45
DA:250,20
DA:251,20
DA:252,25
DA:253,13
DA:254,10
DA:255,10
DA:256,3
DA:257,3
DA:258,3
DA:260,12
DA:261,11
DA:262,11
DA:265,45
DA:281,12
DA:282,1
DA:289,11
DA:291,11
DA:292,2
DA:301,9
DA:303,9
DA:304,9
DA:305,9
DA:308,9
DA:310,9
DA:312,9
DA:334,5
DA:335,5
DA:337,5
LF:87
LH:87
BRDA:24,0,0,25
BRDA:26,1,0,3
BRDA:26,1,1,48
BRDA:26,2,0,51
BRDA:26,2,1,49
BRDA:43,3,0,8
BRDA:43,3,1,40
BRDA:43,4,0,48
BRDA:43,4,1,29
BRDA:43,4,2,18
BRDA:62,5,0,40
BRDA:62,5,1,30
BRDA:73,6,0,20
BRDA:78,7,0,3
BRDA:78,7,1,111
BRDA:81,8,0,3
BRDA:81,8,1,0
BRDA:93,9,0,56
BRDA:93,9,1,670
BRDA:96,10,0,55
BRDA:96,10,1,1
BRDA:98,11,0,26
BRDA:98,11,1,29
BRDA:101,12,0,26
BRDA:101,12,1,2
BRDA:103,13,0,1
BRDA:103,13,1,25
BRDA:133,14,0,19
BRDA:139,15,0,1
BRDA:139,15,1,112
BRDA:142,16,0,1
BRDA:142,16,1,0
BRDA:143,17,0,1
BRDA:143,17,1,0
BRDA:153,18,0,40
BRDA:153,18,1,724
BRDA:158,19,0,19
BRDA:158,19,1,21
BRDA:158,20,0,40
BRDA:158,20,1,20
BRDA:163,21,0,1
BRDA:163,21,1,39
BRDA:163,22,0,40
BRDA:163,22,1,1
BRDA:167,23,0,40
BRDA:167,23,1,0
BRDA:193,24,0,21
BRDA:198,25,0,1
BRDA:198,25,1,114
BRDA:201,26,0,1
BRDA:201,26,1,0
BRDA:213,27,0,47
BRDA:213,27,1,1529
BRDA:216,28,0,47
BRDA:216,28,1,0
BRDA:241,29,0,5
BRDA:249,30,0,20
BRDA:249,30,1,25
BRDA:252,31,0,13
BRDA:252,31,1,12
BRDA:253,32,0,10
BRDA:253,32,1,3
BRDA:256,33,0,3
BRDA:256,33,1,0
BRDA:260,34,0,11
BRDA:260,34,1,1
BRDA:279,35,0,6
BRDA:281,36,0,1
BRDA:281,36,1,11
BRDA:281,37,0,12
BRDA:281,37,1,11
BRDA:291,38,0,2
BRDA:291,38,1,9
BRDA:303,39,0,5
BRDA:303,39,1,4
BRDA:304,40,0,2
BRDA:304,40,1,7
BRDA:305,41,0,3
BRDA:305,41,1,6
BRDA:310,42,0,1
BRDA:310,42,1,8
BRDA:333,43,0,5
BRF:82
BRH:75
end_of_record
TN:
SF:sutras/1.1.45/index.js
FN:20,applySutra1_1_45
FN:74,analyzeRootStructure
FN:115,analyzeUpadha
FN:175,extractSounds
FN:208,analyzeIkSound
FN:244,getGunaForm
FN:253,getVriddhiForm
FN:263,isLikelyDhatu
FN:297,analyzeVowelGradation
FN:323,getGradationExamples
FN:355,validateIkUpadha
FN:403,testSutra1_1_45
FNF:12
FNH:12
FNDA:40,applySutra1_1_45
FNDA:119,analyzeRootStructure
FNDA:88,analyzeUpadha
FNDA:76,extractSounds
FNDA:173,analyzeIkSound
FNDA:160,getGunaForm
FNDA:160,getVriddhiForm
FNDA:2,isLikelyDhatu
FNDA:38,analyzeVowelGradation
FNDA:37,getGradationExamples
FNDA:10,validateIkUpadha
FNDA:4,testSutra1_1_45
DA:12,1
DA:22,40
DA:23,3
DA:30,37
DA:31,37
DA:32,37
DA:35,37
DA:37,37
DA:38,2
DA:45,35
DA:46,4
DA:55,31
DA:76,119
DA:77,14
DA:84,105
DA:87,105
DA:89,105
DA:90,1303
DA:91,7
DA:93,7
DA:94,0
DA:96,7
DA:98,7
DA:102,105
DA:117,88
DA:118,12
DA:125,76
DA:126,76
DA:129,76
DA:131,76
DA:133,2
DA:143,74
DA:144,74
DA:148,74
DA:149,74
DA:150,65
DA:161,9
DA:177,76
DA:178,76
DA:180,76
DA:181,182
DA:184,182
DA:185,106
DA:186,106
DA:187,0
DA:188,0
DA:190,106
DA:193,76
DA:196,182
DA:199,76
DA:209,173
DA:210,1
DA:217,172
DA:219,172
DA:221,172
DA:222,151
DA:232,21
DA:245,160
DA:254,160
DA:265,2
DA:267,2
DA:270,2
DA:271,0
DA:275,2
DA:276,0
DA:280,2
DA:282,1
DA:284,0
DA:288,2
DA:298,38
DA:299,38
DA:301,38
DA:302,1
DA:308,37
DA:324,37
DA:342,37
DA:357,10
DA:358,1
DA:365,9
DA:367,9
DA:368,2
DA:377,7
DA:379,7
DA:380,7
DA:382,7
DA:404,4
DA:405,4
DA:407,4
LF:88
LH:82
BRDA:20,0,0,4
BRDA:22,1,0,3
BRDA:22,1,1,37
BRDA:22,2,0,40
BRDA:22,2,1,38
BRDA:35,3,0,37
BRDA:35,3,1,2
BRDA:37,4,0,2
BRDA:37,4,1,35
BRDA:45,5,0,4
BRDA:45,5,1,31
BRDA:63,6,0,31
BRDA:63,6,1,9
BRDA:74,7,0,5
BRDA:76,8,0,14
BRDA:76,8,1,105
BRDA:90,9,0,7
BRDA:90,9,1,1296
BRDA:90,10,0,1303
BRDA:90,10,1,9
BRDA:93,11,0,0
BRDA:93,11,1,7
BRDA:93,12,0,7
BRDA:93,12,1,1
BRDA:115,13,0,5
BRDA:117,14,0,12
BRDA:117,14,1,76
BRDA:131,15,0,2
BRDA:131,15,1,74
BRDA:144,16,0,74
BRDA:144,16,1,0
BRDA:149,17,0,65
BRDA:149,17,1,9
BRDA:184,18,0,106
BRDA:184,18,1,76
BRDA:186,19,0,0
BRDA:186,19,1,106
BRDA:208,20,0,98
BRDA:209,21,0,1
BRDA:209,21,1,172
BRDA:221,22,0,151
BRDA:221,22,1,21
BRDA:245,23,0,160
BRDA:245,23,1,1
BRDA:254,24,0,160
BRDA:254,24,1,1
BRDA:263,25,0,0
BRDA:270,26,0,0
BRDA:270,26,1,2
BRDA:275,27,0,0
BRDA:275,27,1,2
BRDA:280,28,0,1
BRDA:280,28,1,1
BRDA:280,29,0,2
BRDA:280,29,1,2
BRDA:282,30,0,0
BRDA:282,30,1,1
BRDA:282,31,0,1
BRDA:282,31,1,1
BRDA:282,31,2,1
BRDA:282,31,3,1
BRDA:282,31,4,1
BRDA:282,31,5,1
BRDA:297,32,0,0
BRDA:301,33,0,1
BRDA:301,33,1,37
BRDA:342,34,0,37
BRDA:342,34,1,0
BRDA:355,35,0,1
BRDA:357,36,0,1
BRDA:357,36,1,9
BRDA:357,37,0,10
BRDA:357,37,1,9
BRDA:367,38,0,2
BRDA:367,38,1,7
BRDA:379,39,0,7
BRDA:379,39,1,0
BRDA:380,40,0,7
BRDA:380,40,1,0
BRDA:403,41,0,0
BRF:80
BRH:68
end_of_record
TN:
SF:sutras/1.1.46/index.js
FN:24,applySutra1_1_46
FN:71,analyzeInitialSound
FN:89,analyzeFinalSound
FN:106,analyzePhoneticProperties
FN:133,identifyTakitaElements
FN:172,getRelevantProcesses
FN:210,identifyMorphologicalBoundaries
FN:228,validateTakita
FN:263,testSutra1_1_46
FNF:9
FNH:9
FNDA:62,applySutra1_1_46
FNDA:57,analyzeInitialSound
FNDA:57,analyzeFinalSound
FNDA:123,analyzePhoneticProperties
FNDA:11,identifyTakitaElements
FNDA:24,getRelevantProcesses
FNDA:10,identifyMorphologicalBoundaries
FNDA:9,validateTakita
FNDA:4,testSutra1_1_46
DA:16,1
DA:26,62
DA:27,2
DA:34,60
DA:36,60
DA:37,6
DA:44,54
DA:45,54
DA:47,54
DA:72,57
DA:74,57
DA:90,57
DA:92,57
DA:108,123
DA:111,123
DA:113,123
DA:114,53
DA:115,70
DA:116,69
DA:118,1
DA:134,11
DA:136,11
DA:137,1
DA:140,10
DA:158,10
DA:173,24
DA:175,24
DA:176,12
DA:177,12
DA:178,12
DA:180,12
DA:181,2
DA:182,2
DA:184,10
DA:185,10
DA:187,12
DA:188,12
DA:189,12
DA:190,12
DA:191,12
DA:193,12
DA:194,10
DA:196,2
DA:197,2
DA:201,24
DA:211,10
DA:229,9
DA:231,9
DA:232,2
DA:238,7
DA:264,4
DA:265,4
DA:266,4
DA:268,4
LF:54
LH:54
BRDA:24,0,0,38
BRDA:26,1,0,2
BRDA:26,1,1,60
BRDA:36,2,0,6
BRDA:36,2,1,54
BRDA:71,3,0,3
BRDA:89,4,0,3
BRDA:113,5,0,53
BRDA:113,5,1,70
BRDA:115,6,0,69
BRDA:115,6,1,1
BRDA:133,7,0,0
BRDA:133,8,0,7
BRDA:136,9,0,1
BRDA:136,9,1,10
BRDA:175,10,0,12
BRDA:175,10,1,12
BRDA:180,11,0,2
BRDA:180,11,1,10
BRDA:187,12,0,12
BRDA:187,12,1,0
BRDA:193,13,0,10
BRDA:193,13,1,2
BRDA:210,14,0,0
BRDA:228,15,0,5
BRDA:231,16,0,2
BRDA:231,16,1,7
BRDA:263,17,0,4
BRF:28
BRH:25
end_of_record
TN:
SF:sutras/1.1.47/index.js
FN:24,applySutra1_1_47
FN:80,analyzeMidSubstitution
FN:108,determineMidType
FN:122,applyMidSubstitution
FN:155,identifyMidSubstitutions
FN:182,(anonymous_5)
FN:193,getDeclensionSubstitutes
FN:202,getConjugationSubstitutes
FN:211,getDerivationSubstitutes
FN:220,getSandhiSubstitutes
FN:229,getGeneralSubstitutes
FN:240,validateMidSubstitution
FN:257,(anonymous_12)
FN:280,checkPhoneticCompatibility
FN:304,checkMorphologicalValidity
FN:330,checkContextualAppropriateness
FN:355,testSutra1_1_47
FNF:17
FNH:3
FNDA:25,applySutra1_1_47
FNDA:22,analyzeMidSubstitution
FNDA:22,determineMidType
FNDA:0,applyMidSubstitution
FNDA:0,identifyMidSubstitutions
FNDA:0,(anonymous_5)
FNDA:0,getDeclensionSubstitutes
FNDA:0,getConjugationSubstitutes
FNDA:0,getDerivationSubstitutes
FNDA:0,getSandhiSubstitutes
FNDA:0,getGeneralSubstitutes
FNDA:0,validateMidSubstitution
FNDA:0,(anonymous_12)
FNDA:0,checkPhoneticCompatibility
FNDA:0,checkMorphologicalValidity
FNDA:0,checkContextualAppropriateness
FNDA:0,testSutra1_1_47
DA:15,1
DA:26,25
DA:27,1
DA:33,24
DA:34,1
DA:41,23
DA:42,23
DA:44,23
DA:45,1
DA:51,22
DA:52,0
DA:59,22
DA:61,22
DA:81,22
DA:82,22
DA:85,22
DA:87,22
DA:110,22
DA:112,22
DA:123,0
DA:125,0
DA:126,0
DA:129,0
DA:141,0
DA:156,0
DA:157,0
DA:160,0
DA:162,0
DA:163,0
DA:165,0
DA:166,0
DA:168,0
DA:169,0
DA:171,0
DA:172,0
DA:174,0
DA:177,0
DA:183,0
DA:194,0
DA:203,0
DA:212,0
DA:221,0
DA:230,0
DA:241,0
DA:243,0
DA:244,0
DA:251,0
DA:257,0
DA:259,0
DA:282,0
DA:285,0
DA:286,0
DA:288,0
DA:289,0
DA:291,0
DA:305,0
DA:308,0
DA:316,0
DA:318,0
DA:331,0
DA:334,0
DA:340,0
DA:342,0
DA:356,0
DA:357,0
DA:358,0
DA:359,0
DA:361,0
LF:68
LH:18
BRDA:24,0,0,23
BRDA:26,1,0,1
BRDA:26,1,1,24
BRDA:33,2,0,1
BRDA:33,2,1,23
BRDA:44,3,0,1
BRDA:44,3,1,22
BRDA:51,4,0,0
BRDA:51,4,1,22
BRDA:80,5,0,0
BRDA:108,6,0,0
BRDA:112,7,0,22
BRDA:112,7,1,22
BRDA:122,8,0,0
BRDA:125,9,0,0
BRDA:125,9,1,0
BRDA:138,10,0,0
BRDA:138,10,1,0
BRDA:155,11,0,0
BRDA:155,12,0,0
BRDA:160,13,0,0
BRDA:160,13,1,0
BRDA:160,13,2,0
BRDA:160,13,3,0
BRDA:160,13,4,0
BRDA:194,14,0,0
BRDA:194,14,1,0
BRDA:203,15,0,0
BRDA:203,15,1,0
BRDA:221,16,0,0
BRDA:221,16,1,0
BRDA:240,17,0,0
BRDA:243,18,0,0
BRDA:243,18,1,0
BRDA:263,19,0,0
BRDA:263,19,1,0
BRDA:264,20,0,0
BRDA:264,20,1,0
BRDA:293,21,0,0
BRDA:293,21,1,0
BRDA:293,22,0,0
BRDA:293,22,1,0
BRDA:305,23,0,0
BRDA:305,23,1,0
BRDA:320,24,0,0
BRDA:320,24,1,0
BRDA:331,25,0,0
BRDA:331,25,1,0
BRDA:335,26,0,0
BRDA:335,26,1,0
BRDA:344,27,0,0
BRDA:344,27,1,0
BRDA:355,28,0,0
BRF:53
BRH:10
end_of_record
TN:
SF:sutras/1.1.48/index.js
FN:23,applySutra1_1_48
FN:72,analyzeEcVowel
FN:93,getIkSubstitute
FN:123,analyzeVowelQualityChange
FN:159,applyIkSubstitution
FN:194,validateIkSubstitution
FNF:6
FNH:6
FNDA:37,applySutra1_1_48
FNDA:35,analyzeEcVowel
FNDA:33,getIkSubstitute
FNDA:33,analyzeVowelQualityChange
FNDA:6,applyIkSubstitution
FNDA:4,validateIkSubstitution
DA:15,1
DA:25,37
DA:26,1
DA:33,36
DA:35,36
DA:36,1
DA:43,35
DA:45,35
DA:46,2
DA:53,33
DA:55,33
DA:74,35
DA:76,35
DA:78,35
DA:95,33
DA:97,33
DA:99,33
DA:100,0
DA:106,33
DA:124,33
DA:131,33
DA:133,33
DA:134,33
DA:136,33
DA:137,33
DA:138,22
DA:139,22
DA:140,11
DA:141,11
DA:142,11
DA:144,0
DA:145,0
DA:149,33
DA:160,6
DA:162,6
DA:163,0
DA:170,6
DA:171,6
DA:173,6
DA:195,4
DA:197,4
DA:198,0
DA:204,4
DA:205,4
DA:207,4
LF:45
LH:40
BRDA:23,0,0,25
BRDA:25,1,0,1
BRDA:25,1,1,36
BRDA:35,2,0,1
BRDA:35,2,1,35
BRDA:45,3,0,2
BRDA:45,3,1,33
BRDA:80,4,0,33
BRDA:80,4,1,2
BRDA:81,5,0,33
BRDA:81,5,1,2
BRDA:82,6,0,33
BRDA:82,6,1,2
BRDA:83,7,0,33
BRDA:83,7,1,2
BRDA:83,8,0,12
BRDA:83,8,1,21
BRDA:93,9,0,0
BRDA:99,10,0,0
BRDA:99,10,1,33
BRDA:136,11,0,33
BRDA:136,11,1,0
BRDA:136,12,0,33
BRDA:136,12,1,33
BRDA:137,13,0,22
BRDA:137,13,1,11
BRDA:137,14,0,33
BRDA:137,14,1,22
BRDA:140,15,0,11
BRDA:140,15,1,0
BRDA:140,16,0,11
BRDA:140,16,1,11
BRDA:159,17,0,3
BRDA:162,18,0,0
BRDA:162,18,1,6
BRDA:194,19,0,4
BRDA:197,20,0,0
BRDA:197,20,1,4
BRDA:212,21,0,2
BRDA:212,21,1,2
BRDA:215,22,0,2
BRDA:215,22,1,2
BRF:42
BRH:36
end_of_record
TN:
SF:sutras/1.1.49/index.js
FN:24,applySutra1_1_49
FN:67,analyzeGenitiveExpression
FN:104,interpretAsSubstitution
FN:134,determineSubstitutionType
FN:167,interpretSutraWithParibhasha
FN:192,(anonymous_5)
FN:204,validateGenitiveUsage
FN:237,analyzeSubstitutionScope
FN:238,(anonymous_8)
FN:239,(anonymous_9)
FN:244,(anonymous_10)
FNF:11
FNH:11
FNDA:45,applySutra1_1_49
FNDA:43,analyzeGenitiveExpression
FNDA:43,interpretAsSubstitution
FNDA:38,determineSubstitutionType
FNDA:3,interpretSutraWithParibhasha
FNDA:8,(anonymous_5)
FNDA:3,validateGenitiveUsage
FNDA:3,analyzeSubstitutionScope
FNDA:8,(anonymous_8)
FNDA:8,(anonymous_9)
FNDA:7,(anonymous_10)
DA:16,1
DA:26,45
DA:27,1
DA:34,44
DA:36,44
DA:37,1
DA:44,43
DA:47,43
DA:49,43
DA:69,43
DA:72,43
DA:73,43
DA:75,43
DA:76,359
DA:77,38
DA:78,38
DA:79,38
DA:83,43
DA:105,43
DA:106,5
DA:113,38
DA:114,38
DA:116,38
DA:136,38
DA:139,38
DA:142,38
DA:143,2
DA:144,36
DA:145,1
DA:146,35
DA:147,9
DA:148,26
DA:149,0
DA:150,26
DA:151,0
DA:154,38
DA:169,3
DA:170,3
DA:172,3
DA:173,8
DA:174,8
[...]
FNDA:8,(anonymous_6)
FNDA:2296,hasConsonantCluster
FNDA:339,isMonosyllabic
FNDA:765,hasCanonicalCVCStructure
DA:18,3197
DA:22,3190
DA:23,3190
DA:24,3190
DA:33,0
DA:36,0
DA:39,0
DA:40,0
DA:41,0
DA:50,0
DA:53,0
DA:54,0
DA:55,0
DA:56,0
DA:57,0
DA:64,0
DA:73,0
DA:76,0
DA:85,5
DA:88,5
DA:89,5
DA:90,5
DA:91,5
DA:93,5
DA:94,13
DA:97,13
DA:99,3
DA:100,3
DA:103,3
DA:104,2
DA:105,2
DA:108,3
DA:109,3
DA:110,10
DA:112,5
DA:113,5
DA:116,5
DA:117,2
DA:118,2
DA:121,5
DA:122,5
DA:123,5
DA:124,5
DA:125,5
DA:127,0
DA:132,5
DA:133,0
DA:134,0
DA:136,0
DA:140,8
DA:149,2296
DA:156,2296
DA:160,2296
DA:161,2788
DA:162,2788
DA:165,2788
DA:167,622
DA:171,1674
DA:180,339
DA:181,338
DA:190,765
DA:197,764
DA:200,764
DA:201,761
DA:202,660
DA:203,630
DA:204,570
DA:205,569
DA:206,567
DA:209,566
LF:70
LH:52
BRDA:18,0,0,7
BRDA:18,0,1,3190
BRDA:18,1,0,3197
BRDA:18,1,1,3190
BRDA:24,2,0,2968
BRDA:24,2,1,222
BRDA:33,3,0,0
BRDA:33,3,1,0
BRDA:33,4,0,0
BRDA:33,4,1,0
BRDA:41,5,0,0
BRDA:41,5,1,0
BRDA:50,6,0,0
BRDA:50,6,1,0
BRDA:50,7,0,0
BRDA:50,7,1,0
BRDA:53,8,0,0
BRDA:53,8,1,0
BRDA:56,9,0,0
BRDA:56,9,1,0
BRDA:56,10,0,0
BRDA:56,10,1,0
BRDA:73,11,0,0
BRDA:73,11,1,0
BRDA:73,12,0,0
BRDA:73,12,1,0
BRDA:85,13,0,0
BRDA:85,13,1,5
BRDA:85,14,0,5
BRDA:85,14,1,5
BRDA:97,15,0,3
BRDA:97,15,1,10
BRDA:97,16,0,13
BRDA:97,16,1,7
BRDA:97,16,2,5
BRDA:97,16,3,4
BRDA:103,17,0,5
BRDA:103,17,1,4
BRDA:110,18,0,5
BRDA:110,18,1,5
BRDA:116,19,0,7
BRDA:116,19,1,3
BRDA:123,20,0,5
BRDA:123,20,1,0
BRDA:132,21,0,0
BRDA:132,21,1,5
BRDA:133,22,0,0
BRDA:133,22,1,0
BRDA:149,23,0,0
BRDA:149,23,1,2296
BRDA:149,24,0,2296
BRDA:149,24,1,2296
BRDA:165,25,0,622
BRDA:165,25,1,2166
BRDA:165,26,0,2788
BRDA:165,26,1,682
BRDA:165,26,2,2159
BRDA:165,26,3,1539
BRDA:180,27,0,1
BRDA:180,27,1,338
BRDA:190,28,0,1
BRDA:190,28,1,764
BRDA:200,29,0,3
BRDA:200,29,1,761
BRDA:201,30,0,101
BRDA:201,30,1,660
BRDA:202,31,0,30
BRDA:202,31,1,630
BRDA:203,32,0,60
BRDA:203,32,1,570
BRDA:204,33,0,1
BRDA:204,33,1,569
BRDA:205,34,0,2
BRDA:205,34,1,567
BRDA:206,35,0,1
BRDA:206,35,1,566
BRF:76
BRH:50
end_of_record
TN:
SF:sutras/sanskrit-utils/temporal-analysis.js
FN:110,inheritsTemporalContext
FN:137,checkOperationSequence
FN:166,hasExplicitTemporalMarkers
FN:206,checkContextualRelationship
FN:234,analyzeTemporalInheritance
FN:362,getTemporalScope
FN:395,getTemporalInheritanceExamples
FNF:7
FNH:7
FNDA:21,inheritsTemporalContext
FNDA:30,checkOperationSequence
FNDA:52,hasExplicitTemporalMarkers
FNDA:35,checkContextualRelationship
FNDA:10,analyzeTemporalInheritance
FNDA:12,getTemporalScope
FNDA:4,getTemporalInheritanceExamples
DA:20,42
DA:32,42
DA:45,42
DA:63,42
DA:92,42
DA:111,21
DA:113,5
DA:117,16
DA:120,16
DA:123,16
DA:126,16
DA:139,30
DA:140,69
DA:142,20
DA:143,20
DA:145,20
DA:146,19
DA:152,11
DA:153,2
DA:156,9
DA:167,52
DA:168,3
DA:171,49
DA:172,49
DA:175,49
DA:176,154
DA:177,572
DA:178,16
DA:184,33
DA:185,1
DA:187,1
DA:188,1
DA:189,1
DA:195,32
DA:208,35
DA:209,16
DA:213,19
DA:214,3
DA:218,16
DA:219,3
DA:222,13
DA:235,10
DA:260,10
DA:262,2
DA:263,2
DA:264,2
DA:268,8
DA:269,8
DA:271,8
DA:272,6
DA:273,6
DA:274,6
DA:277,6
DA:278,12
DA:279,6
DA:280,6
DA:286,8
DA:287,8
DA:289,8
DA:290,2
DA:291,2
DA:292,2
DA:295,2
DA:296,2
DA:298,2
DA:299,8
DA:300,32
DA:301,2
DA:302,2
DA:309,8
DA:310,8
DA:312,8
DA:313,4
DA:316,4
DA:317,4
DA:318,4
DA:319,0
DA:320,0
DA:321,0
DA:322,0
DA:323,0
DA:324,0
DA:329,8
DA:330,8
DA:332,8
DA:334,6
DA:335,2
DA:336,2
DA:337,4
DA:338,4
DA:339,4
DA:341,0
DA:342,0
DA:345,6
DA:347,2
DA:348,2
DA:349,2
DA:353,8
DA:363,12
DA:364,2
DA:367,10
DA:368,2
DA:371,8
DA:372,2
DA:375,6
DA:376,2
DA:379,4
DA:380,1
DA:384,3
DA:385,1
DA:388,2
DA:396,4
LF:112
LH:104
BRDA:110,0,0,0
BRDA:111,1,0,5
BRDA:111,1,1,16
BRDA:111,2,0,21
BRDA:111,2,1,18
BRDA:111,2,2,16
BRDA:111,2,3,16
BRDA:126,3,0,16
BRDA:126,3,1,5
BRDA:126,3,2,1
BRDA:137,4,0,0
BRDA:140,5,0,20
BRDA:140,5,1,49
BRDA:140,6,0,69
BRDA:140,6,1,21
BRDA:145,7,0,19
BRDA:145,7,1,1
BRDA:152,8,0,2
BRDA:152,8,1,9
BRDA:152,9,0,11
BRDA:152,9,1,10
BRDA:152,9,2,10
BRDA:166,10,0,0
BRDA:167,11,0,3
BRDA:167,11,1,49
BRDA:167,12,0,52
BRDA:167,12,1,49
BRDA:172,13,0,12
BRDA:172,13,1,37
BRDA:177,14,0,16
BRDA:177,14,1,556
BRDA:184,15,0,1
BRDA:184,15,1,32
BRDA:188,16,0,1
BRDA:188,16,1,0
BRDA:195,17,0,32
BRDA:195,17,1,30
BRDA:195,17,2,29
BRDA:206,18,0,0
BRDA:208,19,0,16
BRDA:208,19,1,19
BRDA:208,20,0,35
BRDA:208,20,1,34
BRDA:208,20,2,20
BRDA:213,21,0,3
BRDA:213,21,1,16
BRDA:213,22,0,19
BRDA:213,22,1,18
BRDA:213,22,2,17
BRDA:218,23,0,3
BRDA:218,23,1,13
BRDA:218,24,0,16
BRDA:218,24,1,15
BRDA:218,24,2,14
BRDA:234,25,0,0
BRDA:260,26,0,2
BRDA:260,26,1,8
BRDA:260,27,0,10
BRDA:260,27,1,8
BRDA:260,27,2,8
BRDA:260,27,3,8
BRDA:271,28,0,6
BRDA:271,28,1,2
BRDA:278,29,0,6
BRDA:278,29,1,6
BRDA:278,30,0,12
BRDA:278,30,1,6
BRDA:289,31,0,2
BRDA:289,31,1,6
BRDA:296,32,0,2
BRDA:296,32,1,0
BRDA:300,33,0,2
BRDA:300,33,1,30
BRDA:312,34,0,4
BRDA:312,34,1,4
BRDA:316,35,0,4
BRDA:316,35,1,0
BRDA:316,36,0,4
BRDA:316,36,1,4
BRDA:319,37,0,0
BRDA:319,37,1,0
BRDA:319,38,0,0
BRDA:319,38,1,0
BRDA:322,39,0,0
BRDA:322,39,1,0
BRDA:322,40,0,0
BRDA:322,40,1,0
BRDA:332,41,0,6
BRDA:332,41,1,2
BRDA:334,42,0,2
BRDA:334,42,1,4
BRDA:337,43,0,4
BRDA:337,43,1,0
BRDA:348,44,0,2
BRDA:348,44,1,0
BRDA:362,45,0,0
BRDA:363,46,0,2
BRDA:363,46,1,10
BRDA:363,47,0,12
BRDA:363,47,1,10
BRDA:367,48,0,2
BRDA:367,48,1,8
BRDA:371,49,0,2
BRDA:371,49,1,6
BRDA:371,50,0,8
BRDA:371,50,1,7
BRDA:375,51,0,2
BRDA:375,51,1,4
BRDA:375,52,0,6
BRDA:375,52,1,5
BRDA:379,53,0,1
BRDA:379,53,1,3
BRDA:384,54,0,1
BRDA:384,54,1,2
BRDA:384,55,0,3
BRDA:384,55,1,2
BRDA:384,55,2,2
BRF:117
BRH:98
end_of_record
TN:
SF:sutras/sanskrit-utils/transliteration.js
FN:2,(anonymous_0)
FN:37,(anonymous_1)
FN:53,(anonymous_2)
FN:62,(anonymous_3)
FN:89,normalizeScript
FNF:5
FNH:5
FNDA:46,(anonymous_0)
FNDA:150,(anonymous_1)
FNDA:150,(anonymous_2)
FNDA:282,(anonymous_3)
FNDA:282,normalizeScript
DA:3,46
DA:21,46
DA:34,46
DA:38,150
DA:39,150
DA:40,147
DA:43,3
DA:44,3
DA:45,3
DA:46,3
DA:47,3
DA:50,0
DA:54,150
DA:63,282
DA:64,0
DA:68,282
DA:69,48
DA:73,234
DA:74,234
DA:75,664
DA:76,664
DA:77,664
DA:80,234
DA:90,282
DA:93,46
LF:25
LH:23
BRDA:39,0,0,147
BRDA:39,0,1,3
BRDA:44,1,0,3
BRDA:44,1,1,0
BRDA:46,2,0,3
BRDA:46,2,1,0
BRDA:46,3,0,3
BRDA:46,3,1,3
BRDA:46,3,2,3
BRDA:63,4,0,0
BRDA:63,4,1,282
BRDA:63,5,0,282
BRDA:63,5,1,282
BRDA:68,6,0,48
BRDA:68,6,1,234
BRDA:77,7,0,664
BRDA:77,7,1,0
BRF:17
BRH:13
end_of_record
TN:
SF:sutras/sanskrit-utils/validation.js
FN:24,validateSanskritWord
FN:99,validatePhonemeSequence
FN:123,(anonymous_2)
FN:160,validateVowel
FN:205,sanitizeInput
FN:250,sanitizeWordArray
FN:264,(anonymous_6)
FN:300,createError
FN:316,withErrorHandling
FN:317,(anonymous_9)
FN:323,(anonymous_10)
FN:349,validateMultiple
FN:362,(anonymous_12)
FN:397,isEmpty
FN:412,safeGet
FNF:15
FNH:2
FNDA:2246,validateSanskritWord
FNDA:0,validatePhonemeSequence
FNDA:0,(anonymous_2)
FNDA:24,validateVowel
FNDA:0,sanitizeInput
FNDA:0,sanitizeWordArray
FNDA:0,(anonymous_6)
FNDA:0,createError
FNDA:0,withErrorHandling
FNDA:0,(anonymous_9)
FNDA:0,(anonymous_10)
FNDA:0,validateMultiple
FNDA:0,(anonymous_12)
FNDA:0,isEmpty
FNDA:0,safeGet
DA:26,2246
DA:27,7
DA:36,2239
DA:37,15
DA:45,2224
DA:48,2224
DA:50,2224
DA:51,20
DA:61,2204
DA:62,2204
DA:64,2204
DA:65,0
DA:74,2204
DA:83,0
DA:100,0
DA:101,0
DA:109,0
DA:110,0
DA:118,0
DA:119,0
DA:120,0
DA:121,0
DA:123,0
DA:124,0
DA:125,0
DA:126,0
DA:127,0
DA:128,0
DA:129,0
DA:130,0
DA:131,0
DA:133,0
DA:137,0
DA:161,24
DA:162,3
DA:170,21
DA:171,1
DA:179,20
DA:181,20
DA:182,1
DA:191,19
DA:209,0
DA:210,0
DA:211,0
DA:212,0
DA:213,0
DA:214,0
DA:221,0
DA:225,0
DA:228,0
DA:231,0
DA:233,0
DA:251,0
DA:252,0
DA:260,0
DA:261,0
DA:262,0
DA:264,0
DA:265,0
DA:267,0
DA:268,0
DA:269,0
DA:270,0
DA:273,0
DA:277,0
DA:301,0
DA:317,0
DA:318,0
DA:319,0
DA:322,0
DA:323,0
DA:324,0
DA:332,0
DA:334,0
DA:350,0
DA:351,0
DA:354,0
DA:355,0
DA:358,0
DA:359,0
DA:360,0
DA:362,0
DA:363,0
DA:364,0
DA:365,0
DA:367,0
DA:368,0
DA:370,0
DA:373,0
DA:374,0
DA:375,0
DA:379,0
DA:398,0
DA:399,0
DA:400,0
DA:401,0
DA:402,0
DA:413,0
DA:415,0
DA:416,0
DA:418,0
DA:419,0
DA:420,0
DA:422,0
DA:425,0
LF:105
LH:20
BRDA:26,0,0,7
BRDA:26,0,1,2239
BRDA:36,1,0,15
BRDA:36,1,1,2224
BRDA:50,2,0,20
BRDA:50,2,1,2204
BRDA:64,3,0,0
BRDA:64,3,1,2204
BRDA:64,4,0,2204
BRDA:64,4,1,2204
BRDA:100,5,0,0
BRDA:100,5,1,0
BRDA:109,6,0,0
BRDA:109,6,1,0
BRDA:124,7,0,0
BRDA:124,7,1,0
BRDA:126,8,0,0
BRDA:126,8,1,0
BRDA:128,9,0,0
BRDA:128,9,1,0
BRDA:130,10,0,0
BRDA:130,10,1,0
BRDA:151,11,0,0
BRDA:151,11,1,0
BRDA:161,12,0,3
BRDA:161,12,1,21
BRDA:170,13,0,1
BRDA:170,13,1,20
BRDA:181,14,0,1
BRDA:181,14,1,19
BRDA:209,15,0,0
BRDA:209,15,1,0
BRDA:211,16,0,0
BRDA:211,16,1,0
BRDA:213,17,0,0
BRDA:213,17,1,0
BRDA:213,18,0,0
BRDA:213,18,1,0
BRDA:251,19,0,0
BRDA:251,19,1,0
BRDA:267,20,0,0
BRDA:267,20,1,0
BRDA:267,21,0,0
BRDA:267,21,1,0
BRDA:269,22,0,0
BRDA:269,22,1,0
BRDA:269,23,0,0
BRDA:269,23,1,0
BRDA:281,24,0,0
BRDA:281,24,1,0
BRDA:282,25,0,0
BRDA:282,25,1,0
BRDA:300,26,0,0
BRDA:322,27,0,0
BRDA:322,27,1,0
BRDA:322,28,0,0
BRDA:322,28,1,0
BRDA:350,29,0,0
BRDA:350,29,1,0
BRDA:354,30,0,0
BRDA:354,30,1,0
BRDA:367,31,0,0
BRDA:367,31,1,0
BRDA:367,32,0,0
BRDA:367,32,1,0
BRDA:386,33,0,0
BRDA:386,33,1,0
BRDA:398,34,0,0
BRDA:398,34,1,0
BRDA:398,35,0,0
BRDA:398,35,1,0
BRDA:399,36,0,0
BRDA:399,36,1,0
BRDA:400,37,0,0
BRDA:400,37,1,0
BRDA:401,38,0,0
BRDA:401,38,1,0
BRDA:412,39,0,0
BRDA:413,40,0,0
BRDA:413,40,1,0
BRDA:413,41,0,0
BRDA:413,41,1,0
BRDA:419,42,0,0
BRDA:419,42,1,0
BRDA:419,43,0,0
BRDA:419,43,1,0
BRDA:419,43,2,0
BRF:87
BRH:15
end_of_record
TN:
SF:sutras/sanskrit-utils/verb-analysis.js
FN:99,isLitAffix
FN:118,isSarvadhatuka
FN:137,isPitAffix
FN:156,analyzeAffix
FN:203,getAffixesByType
FN:234,validateAffix
FN:272,(anonymous_6)
FN:278,(anonymous_7)
FN:298,findVerbalAffixes
FN:334,(anonymous_9)
FN:335,(anonymous_10)
FNF:11
FNH:10
FNDA:222,isLitAffix
FNDA:248,isSarvadhatuka
FNDA:118,isPitAffix
FNDA:11,analyzeAffix
FNDA:4,getAffixesByType
FNDA:5,validateAffix
FNDA:172,(anonymous_6)
FNDA:0,(anonymous_7)
FNDA:9,findVerbalAffixes
FNDA:4014,(anonymous_9)
FNDA:2013,(anonymous_10)
DA:25,42
DA:52,42
DA:85,42
DA:100,222
DA:101,8
DA:104,214
DA:105,214
DA:106,1
DA:109,213
DA:119,248
DA:120,5
DA:123,243
DA:124,243
DA:125,0
DA:128,243
DA:138,118
DA:139,4
DA:142,114
DA:143,114
DA:144,0
DA:147,114
DA:157,11
DA:158,1
DA:165,10
DA:166,10
DA:168,10
DA:180,10
DA:181,2
DA:182,2
DA:183,8
DA:184,4
DA:185,4
DA:186,4
DA:187,1
DA:188,1
DA:190,3
DA:191,3
DA:194,10
DA:204,4
DA:210,4
DA:211,4
DA:212,1
DA:215,3
DA:217,1
DA:219,1
DA:222,1
DA:235,5
DA:236,1
DA:244,4
DA:245,4
DA:246,4
DA:247,4
DA:248,4
DA:251,4
DA:252,0
DA:253,0
DA:257,4
DA:258,4
DA:262,4
DA:263,2
DA:266,2
DA:272,2
DA:273,172
DA:277,2
DA:278,0
DA:282,4
DA:299,9
DA:300,3
DA:303,6
DA:304,6
DA:305,6
DA:307,6
DA:313,6
DA:314,18
DA:318,18
DA:319,516
DA:320,516
DA:321,2013
DA:327,2013
DA:333,6
DA:334,4014
DA:336,2013
LF:82
LH:77
BRDA:100,0,0,8
BRDA:100,0,1,214
BRDA:100,1,0,222
BRDA:100,1,1,216
BRDA:105,2,0,1
BRDA:105,2,1,213
BRDA:109,3,0,213
BRDA:109,3,1,93
BRDA:119,4,0,5
BRDA:119,4,1,243
BRDA:119,5,0,248
BRDA:119,5,1,245
BRDA:124,6,0,0
BRDA:124,6,1,243
BRDA:128,7,0,243
BRDA:128,7,1,132
BRDA:138,8,0,4
BRDA:138,8,1,114
BRDA:138,9,0,118
BRDA:138,9,1,115
BRDA:143,10,0,0
BRDA:143,10,1,114
BRDA:147,11,0,114
BRDA:147,11,1,100
BRDA:157,12,0,1
BRDA:157,12,1,10
BRDA:157,13,0,11
BRDA:157,13,1,10
BRDA:180,14,0,2
BRDA:180,14,1,8
BRDA:183,15,0,4
BRDA:183,15,1,4
BRDA:186,16,0,1
BRDA:186,16,1,3
BRDA:203,17,0,1
BRDA:211,18,0,1
BRDA:211,18,1,3
BRDA:212,19,0,0
BRDA:212,19,1,1
BRDA:215,20,0,1
BRDA:215,20,1,1
BRDA:215,20,2,1
BRDA:215,20,3,1
BRDA:235,21,0,1
BRDA:235,21,1,4
BRDA:235,22,0,5
BRDA:235,22,1,4
BRDA:251,23,0,0
BRDA:251,23,1,4
BRDA:258,24,0,4
BRDA:258,24,1,3
BRDA:258,24,2,2
BRDA:262,25,0,2
BRDA:262,25,1,2
BRDA:267,26,0,0
BRDA:267,26,1,2
BRDA:268,27,0,0
BRDA:268,27,1,2
BRDA:269,28,0,0
BRDA:269,28,1,2
BRDA:273,29,0,172
BRDA:273,29,1,117
BRDA:273,29,2,117
BRDA:277,30,0,0
BRDA:277,30,1,2
BRDA:299,31,0,3
BRDA:299,31,1,6
BRDA:299,32,0,9
BRDA:299,32,1,6
BRDA:314,33,0,15
BRDA:314,33,1,3
BRDA:336,34,0,2013
BRDA:336,34,1,2008
BRDA:336,34,2,1005
BRF:74
BRH:66
end_of_record
TN:
SF:sutras/sanskrit-utils/vowel-analysis.js
FN:25,analyzeVowel
FN:65,applyGunaTransformation
FN:81,applyVrddhiTransformation
FN:97,getGunaForm
FN:111,getVrddhiForm
FN:125,isValidGunaTransformation
FN:136,isValidVrddhiTransformation
FN:148,getFirstVowel
FN:197,getAllVowels
FN:206,(anonymous_9)
FN:218,(anonymous_10)
FN:221,(anonymous_11)
FN:235,(anonymous_12)
FN:250,analyzeVowelGradations
FN:253,(anonymous_14)
FN:270,(anonymous_15)
FN:271,(anonymous_16)
FN:280,getGunaVrddhiScope
FN:286,(anonymous_18)
FNF:19
FNH:16
FNDA:83,analyzeVowel
FNDA:140,applyGunaTransformation
FNDA:118,applyVrddhiTransformation
FNDA:64,getGunaForm
FNDA:64,getVrddhiForm
FNDA:0,isValidGunaTransformation
FNDA:0,isValidVrddhiTransformation
FNDA:0,getFirstVowel
FNDA:26,getAllVowels
FNDA:135,(anonymous_9)
FNDA:4,(anonymous_10)
FNDA:5,(anonymous_11)
FNDA:41,(anonymous_12)
FNDA:26,analyzeVowelGradations
FNDA:64,(anonymous_14)
FNDA:64,(anonymous_15)
FNDA:34,(anonymous_16)
FNDA:26,getGunaVrddhiScope
FNDA:64,(anonymous_18)
DA:26,83
DA:27,0
DA:37,83
DA:38,83
DA:39,83
DA:41,83
DA:45,83
DA:66,140
DA:68,140
DA:69,140
DA:73,140
DA:82,118
DA:84,118
DA:85,118
DA:89,118
DA:99,64
DA:100,64
DA:103,28
DA:113,64
DA:114,64
DA:116,6
DA:126,0
DA:127,0
DA:137,0
DA:138,0
DA:149,0
DA:150,0
DA:153,0
DA:154,0
DA:156,0
DA:157,0
DA:158,0
DA:159,0
DA:171,0
DA:172,0
DA:173,0
DA:175,0
DA:176,0
DA:189,0
DA:198,26
DA:199,0
DA:202,26
DA:203,26
DA:204,26
DA:206,26
DA:207,135
DA:208,62
DA:217,26
DA:218,1
DA:219,4
DA:221,5
DA:222,2
DA:223,2
DA:234,26
DA:235,41
DA:251,26
DA:253,26
DA:254,64
DA:256,64
DA:267,26
DA:270,64
DA:271,34
DA:281,26
DA:283,26
DA:286,64
LF:65
LH:45
BRDA:26,0,0,0
BRDA:26,0,1,83
BRDA:41,1,0,5
BRDA:41,1,1,78
BRDA:42,2,0,36
BRDA:42,2,1,42
BRDA:43,3,0,40
BRDA:43,3,1,2
BRDA:52,4,0,83
BRDA:52,4,1,0
BRDA:53,5,0,81
BRDA:53,5,1,2
BRDA:54,6,0,81
BRDA:54,6,1,2
BRDA:66,7,0,0
BRDA:66,7,1,140
BRDA:69,8,0,4
BRDA:69,8,1,136
BRDA:73,9,0,140
BRDA:73,9,1,28
BRDA:82,10,0,0
BRDA:82,10,1,118
BRDA:85,11,0,4
BRDA:85,11,1,114
BRDA:89,12,0,118
BRDA:89,12,1,6
BRDA:100,13,0,36
BRDA:100,13,1,28
BRDA:114,14,0,58
BRDA:114,14,1,6
BRDA:149,15,0,0
BRDA:149,15,1,0
BRDA:149,16,0,0
BRDA:149,16,1,0
BRDA:158,17,0,0
BRDA:158,17,1,0
BRDA:171,18,0,0
BRDA:171,18,1,0
BRDA:175,19,0,0
BRDA:175,19,1,0
BRDA:175,20,0,0
BRDA:175,20,1,0
BRDA:198,21,0,0
BRDA:198,21,1,26
BRDA:198,22,0,26
BRDA:198,22,1,26
BRDA:207,23,0,62
BRDA:207,23,1,73
BRDA:217,24,0,1
BRDA:217,24,1,25
BRDA:219,25,0,2
BRDA:219,25,1,2
BRDA:219,26,0,4
BRDA:219,26,1,2
BRDA:222,27,0,2
BRDA:222,27,1,0
BRDA:262,28,0,36
BRDA:262,28,1,28
BRF:58
BRH:40
end_of_record
TN:
SF:sutras/sanskrit-utils/vrddham-analysis.js
FN:66,isVrddhamPhonetic
FN:97,isEngVowel
FN:111,analyzeFirstVowel
FN:151,isTyadAdi
FN:174,isVrddhamLexical
FN:184,isVrddhamEastern
FN:209,analyzeVrddham
FN:297,isVrddham
FN:305,getVrddhamExamples
FN:351,getAllTyadAdiWords
FN:363,getAllEngVowels
FNF:11
FNH:11
FNDA:146,isVrddhamPhonetic
FNDA:214,isEngVowel
FNDA:173,analyzeFirstVowel
FNDA:159,isTyadAdi
FNDA:90,isVrddhamLexical
FNDA:110,isVrddhamEastern
FNDA:71,analyzeVrddham
FNDA:30,isVrddham
FNDA:1,getVrddhamExamples
FNDA:16,getAllTyadAdiWords
FNDA:19,getAllEngVowels
DA:17,41
DA:46,41
DA:54,41
DA:67,146
DA:68,12
DA:71,134
DA:72,134
DA:74,134
DA:75,0
DA:79,134
DA:80,221
DA:81,51
DA:84,170
DA:85,82
DA:89,1
DA:98,214
DA:99,10
DA:102,204
DA:112,173
DA:121,173
DA:122,1
DA:125,172
DA:126,172
DA:128,172
DA:129,759
DA:130,759
DA:131,318
DA:133,318
DA:134,167
DA:135,167
DA:136,167
DA:137,167
DA:143,172
DA:152,159
DA:153,13
DA:157,146
DA:158,146
DA:159,0
DA:162,146
DA:165,146
DA:175,90
DA:185,110
DA:186,3
DA:190,107
DA:195,107
DA:196,52
DA:199,55
DA:200,55
DA:210,71
DA:227,71
DA:228,4
DA:229,4
DA:232,67
DA:233,67
DA:234,0
DA:235,0
DA:239,67
DA:240,67
DA:243,67
DA:244,67
DA:245,19
DA:246,19
DA:247,19
DA:248,19
DA:252,67
DA:253,67
DA:254,17
DA:255,17
DA:256,17
DA:257,17
DA:261,67
DA:262,67
DA:263,22
DA:264,22
DA:265,22
DA:266,22
DA:267,45
DA:268,10
DA:269,10
DA:273,67
DA:275,67
DA:277,58
DA:278,19
DA:279,39
DA:280,17
DA:281,22
DA:282,22
DA:285,9
DA:288,67
DA:298,30
DA:306,1
DA:352,16
DA:364,19
LF:93
LH:89
BRDA:67,0,0,12
BRDA:67,0,1,134
BRDA:67,1,0,146
BRDA:67,1,1,138
BRDA:72,2,0,134
BRDA:72,2,1,0
BRDA:74,3,0,0
BRDA:74,3,1,134
BRDA:80,4,0,51
BRDA:80,4,1,170
BRDA:84,5,0,82
BRDA:84,5,1,88
BRDA:84,6,0,170
BRDA:84,6,1,82
BRDA:98,7,0,10
BRDA:98,7,1,204
BRDA:98,8,0,214
BRDA:98,8,1,206
BRDA:102,9,0,204
BRDA:102,9,1,126
BRDA:121,10,0,1
BRDA:121,10,1,172
BRDA:121,11,0,173
BRDA:121,11,1,172
BRDA:126,12,0,172
BRDA:126,12,1,0
BRDA:130,13,0,318
BRDA:130,13,1,441
BRDA:133,14,0,167
BRDA:133,14,1,151
BRDA:152,15,0,13
BRDA:152,15,1,146
BRDA:152,16,0,159
BRDA:152,16,1,148
BRDA:158,17,0,0
BRDA:158,17,1,146
BRDA:165,18,0,146
BRDA:165,18,1,112
BRDA:184,19,0,0
BRDA:185,20,0,3
BRDA:185,20,1,107
BRDA:185,21,0,110
BRDA:185,21,1,107
BRDA:190,22,0,107
BRDA:190,22,1,68
BRDA:190,22,2,62
BRDA:190,22,3,56
BRDA:195,23,0,52
BRDA:195,23,1,55
BRDA:209,24,0,15
BRDA:227,25,0,4
BRDA:227,25,1,67
BRDA:227,26,0,71
BRDA:227,26,1,68
BRDA:233,27,0,0
BRDA:233,27,1,67
BRDA:233,28,0,67
BRDA:233,28,1,0
BRDA:244,29,0,19
BRDA:244,29,1,48
BRDA:253,30,0,17
BRDA:253,30,1,50
BRDA:262,31,0,22
BRDA:262,31,1,45
BRDA:267,32,0,10
BRDA:267,32,1,35
BRDA:267,33,0,45
BRDA:267,33,1,11
BRDA:275,34,0,58
BRDA:275,34,1,9
BRDA:277,35,0,19
BRDA:277,35,1,39
BRDA:279,36,0,17
BRDA:279,36,1,22
BRDA:281,37,0,22
BRDA:281,37,1,0
BRDA:297,38,0,22
BRF:77
BRH:69
end_of_record
TN:
SF:sutras/state/state-core.js
FN:21,createInitialState
FN:38,cloneState
FN:42,pushHistory
FN:49,withSurface
FN:59,addFacts
FN:65,addDefinitions
FN:71,addDiagnostics
FN:77,summarizeState
FN:87,applyPipeline
FN:88,(anonymous_9)
FNF:10
FNH:7
FNDA:5,createInitialState
FNDA:78,cloneState
FNDA:29,pushHistory
FNDA:0,withSurface
FNDA:20,addFacts
FNDA:9,addDefinitions
FNDA:20,addDiagnostics
FNDA:4,summarizeState
FNDA:0,applyPipeline
FNDA:0,(anonymous_9)
DA:19,1
DA:22,5
DA:23,5
DA:39,78
DA:43,29
DA:44,29
DA:45,29
DA:46,29
DA:50,0
DA:60,20
DA:61,20
DA:62,20
DA:66,9
DA:67,9
DA:68,9
DA:72,20
DA:73,20
DA:74,20
DA:78,4
DA:88,0
DA:91,1
LF:21
LH:19
BRDA:22,0,0,5
BRDA:22,0,1,0
BRDA:51,1,0,0
BRDA:51,1,1,0
BRDA:55,2,0,0
BRDA:55,2,1,0
BRF:6
BRH:1
end_of_record
TN:
SF:sutras/state/wrappers-1.1.x.js
FN:18,apply111State
FN:28,apply112State
FN:38,apply113State
FN:47,apply114State
FN:84,apply115State
FN:100,apply116State
FN:122,apply117State
FN:135,applyDefinitionalPipeline
FN:136,(anonymous_8)
FN:140,applyCompletePipeline
FN:149,applyMorphologicalPipeline
FN:156,applyPhonologicalPipeline
FNF:12
FNH:12
FNDA:3,apply111State
FNDA:3,apply112State
FNDA:3,apply113State
FNDA:3,apply114State
FNDA:3,apply115State
FNDA:2,apply116State
FNDA:3,apply117State
FNDA:3,applyDefinitionalPipeline
FNDA:12,(anonymous_8)
FNDA:1,applyCompletePipeline
FNDA:1,applyMorphologicalPipeline
FNDA:1,applyPhonologicalPipeline
DA:19,3
DA:20,3
DA:21,3
DA:22,3
DA:23,3
DA:24,3
DA:29,3
DA:30,3
DA:31,3
DA:32,3
DA:33,3
DA:34,3
DA:39,3
DA:40,3
DA:41,3
DA:42,3
DA:43,3
DA:48,3
DA:51,3
DA:61,3
DA:62,0
DA:65,3
DA:68,3
DA:69,3
DA:71,3
DA:80,3
DA:85,3
DA:87,3
DA:94,3
DA:95,3
DA:96,3
DA:102,2
DA:103,2
DA:105,2
DA:112,2
DA:113,0
DA:116,2
DA:117,2
DA:118,2
DA:123,3
DA:124,3
DA:125,3
DA:126,3
DA:127,3
DA:128,3
DA:130,3
DA:131,3
DA:136,12
DA:141,1
DA:142,1
DA:143,1
DA:144,1
DA:145,1
DA:151,1
DA:152,1
DA:153,1
DA:158,1
LF:57
LH:55
BRDA:47,0,0,0
BRDA:52,1,0,3
BRDA:52,1,1,3
BRDA:53,2,0,3
BRDA:53,2,1,3
BRDA:54,3,0,3
BRDA:54,3,1,3
BRDA:55,4,0,3
BRDA:55,4,1,0
BRDA:57,5,0,3
BRDA:57,5,1,3
BRDA:61,6,0,0
BRDA:61,6,1,3
BRDA:61,7,0,3
BRDA:61,7,1,3
BRDA:84,8,0,0
BRDA:88,9,0,3
BRDA:88,9,1,3
BRDA:89,10,0,3
BRDA:89,10,1,3
BRDA:90,11,0,3
BRDA:90,11,1,3
BRDA:91,12,0,3
BRDA:91,12,1,3
BRDA:100,13,0,0
BRDA:100,14,0,0
BRDA:102,15,0,2
BRDA:102,15,1,1
BRDA:108,16,0,2
BRDA:108,16,1,1
BRDA:112,17,0,0
BRDA:112,17,1,2
BRDA:126,18,0,3
BRDA:126,18,1,0
BRDA:127,19,0,3
BRDA:127,19,1,0
BRDA:128,20,0,3
BRDA:128,20,1,2
BRDA:140,21,0,0
BRDA:140,22,0,1
BRDA:140,23,0,1
BRDA:149,24,0,1
BRF:42
BRH:32
end_of_record
